#
# A fatal error has been detected by the Java Runtime Environment:
#
#  SIGSEGV (0xb) at pc=0x00007f2de2769232, pid=15366, tid=0x00007f2de86f5700
#
# JRE version: Java(TM) SE Runtime Environment (8.0_191-b12) (build 1.8.0_191-b12)
# Java VM: Java HotSpot(TM) 64-Bit Server VM (25.191-b12 mixed mode linux-amd64 compressed oops)
# Problematic frame:
# C  [libdcpr.so+0x7232]  anglesModulus+0x62
#
# Failed to write core dump. Core dumps have been disabled. To enable core dumping, try "ulimit -c unlimited" before starting Java again
#
# If you would like to submit a bug report, please visit:
#   http://bugreport.java.com/bugreport/crash.jsp
# The crash happened outside the Java Virtual Machine in native code.
# See problematic frame for where to report the bug.
#

---------------  T H R E A D  ---------------

Current thread (0x00007f2e10b79800):  JavaThread "Thread-793" [_thread_in_native, id=16512, stack(0x00007f2de85f5000,0x00007f2de86f6000)]

siginfo: si_signo: 11 (SIGSEGV), si_code: 1 (SEGV_MAPERR), si_addr: 0x00007f2ce298c160

Registers:
RAX=0xffffffff80000000, RBX=0x00007f2de86f3700, RCX=0x0000000000000000, RDX=0x00007f2de298c160
RSP=0x00007f2de86f35e0, RBP=0x00007f2de86f35e0, RSI=0x00007f2de86f3648, RDI=0x00007f2de86f3660
R8 =0x0000000000000003, R9 =0x00000000f9ea0f28, R10=0x0000000000000286, R11=0x00007f2e1679defc
R12=0x00007f2de86f3660, R13=0x00007f2de86f3648, R14=0x0000000000000000, R15=0x00007f2de86f3660
RIP=0x00007f2de2769232, EFLAGS=0x0000000000010242, CSGSFS=0x002b000000000033, ERR=0x0000000000000004
  TRAPNO=0x000000000000000e

Top of Stack: (sp=0x00007f2de86f35e0)
0x00007f2de86f35e0:   00007f2de86f3620 00007f2de27693d1
0x00007f2de86f35f0:   0000000000000108 3c23d70a7f800000
0x00007f2de86f3600:   400000007f800000 00007f2de86f3700
0x00007f2de86f3610:   00007f2d7485ef88 00007f2d74813310
0x00007f2de86f3620:   00007f2de86f36f0 00007f2de27746c3
0x00007f2de86f3630:   00007f2de86f3730 00007f2de86f3640
0x00007f2de86f3640:   0000000000000000 ffc00000ffc00000
0x00007f2de86f3650:   ffffffffffc00000 ffffffffffffffff
0x00007f2de86f3660:   ffc0000000000000 ff8000007f800000
0x00007f2de86f3670:   00000000ffc00000 00007f2d74000020
0x00007f2de86f3680:   0000000000000108 000000000000000f
0x00007f2de86f3690:   ffffffffffffffb0 0000000000000080
0x00007f2de86f36a0:   0000000000000040 00007f2e16851dea
0x00007f2de86f36b0:   0000000000000000 0000000000000100
0x00007f2de86f36c0:   00007f2de86f36f0 00007f2d74813310
0x00007f2de86f36d0:   00007f2d7485eec8 00007f2de86f3700
0x00007f2de86f36e0:   00007f2d7485ef88 00007f2e10b79800
0x00007f2de86f36f0:   00007f2de86f3740 00007f2de27748dd
0x00007f2de86f3700:   7f80000040000000 7f80000040000000
0x00007f2de86f3710:   c2b961ab7f800000 c2b961ab7f800000
0x00007f2de86f3720:   00007f2d74813310 00007f2e10b799f8
0x00007f2de86f3730:   00007f2de29e4d28 00007f2de86f3860
0x00007f2de86f3740:   00007f2de86f3780 00007f2de2768205
0x00007f2de86f3750:   00007f2de86f3790 7f80000040000000
0x00007f2de86f3760:   c2b961ab7f800000 c2b961ab7f800000
0x00007f2de86f3770:   00007f2de29e4d30 0000000000000000
0x00007f2de86f3780:   00007f2de86f3810 00007f2e010186c7
0x00007f2de86f3790:   00007f2de86f37c0 00007f2de276804d
0x00007f2de86f37a0:   0000000000000003 00007f2de86f37a8
0x00007f2de86f37b0:   00007f2de29e6660 00007f2de86f37f8
0x00007f2de86f37c0:   00007f2de29e6bb0 0000000000000000
0x00007f2de86f37d0:   00007f2de86f37d0 0000000000000000 

Instructions: (pc=0x00007f2de2769232)
0x00007f2de2769212:   0f 5e ca 48 8d 15 44 2f 22 00 f3 0f 59 0d 7c c1
0x00007f2de2769222:   00 00 f3 0f 58 0d 78 c1 00 00 f3 0f 2c c1 48 98
0x00007f2de2769232:   48 0f bf 04 42 48 8d 15 42 37 22 00 f3 0f 5e 14
0x00007f2de2769242:   82 0f 28 c2 5d c3 0f 1f 84 00 00 00 00 00 0f 2e 

Register to memory mapping:

RAX=0xffffffff80000000 is an unknown value
RBX=0x00007f2de86f3700 is pointing into the stack for thread: 0x00007f2e10b79800
RCX=0x0000000000000000 is an unknown value
RDX=0x00007f2de298c160: <offset 0x22a160> in /usr/lib/jvm/java-8-oracle/jre/lib/amd64/libdcpr.so at 0x00007f2de2762000
RSP=0x00007f2de86f35e0 is pointing into the stack for thread: 0x00007f2e10b79800
RBP=0x00007f2de86f35e0 is pointing into the stack for thread: 0x00007f2e10b79800
RSI=0x00007f2de86f3648 is pointing into the stack for thread: 0x00007f2e10b79800
RDI=0x00007f2de86f3660 is pointing into the stack for thread: 0x00007f2e10b79800
R8 =0x0000000000000003 is an unknown value
R9 =0x00000000f9ea0f28 is an oop
sun.dc.pr.PathStroker 
 - klass: 'sun/dc/pr/PathStroker'
R10=0x0000000000000286 is an unknown value
R11=0x00007f2e1679defc: <offset 0xfc7efc> in /usr/lib/jvm/java-8-oracle/jre/lib/amd64/server/libjvm.so at 0x00007f2e157d6000
R12=0x00007f2de86f3660 is pointing into the stack for thread: 0x00007f2e10b79800
R13=0x00007f2de86f3648 is pointing into the stack for thread: 0x00007f2e10b79800
R14=0x0000000000000000 is an unknown value
R15=0x00007f2de86f3660 is pointing into the stack for thread: 0x00007f2e10b79800


Stack: [0x00007f2de85f5000,0x00007f2de86f6000],  sp=0x00007f2de86f35e0,  free space=1017k
Native frames: (J=compiled Java code, j=interpreted, Vv=VM code, C=native code)
C  [libdcpr.so+0x7232]  anglesModulus+0x62
C  [libdcpr.so+0x73d1]  arcsCubicDifsAndMods+0x91
C  [libdcpr.so+0x126c3]  processCubic+0x43
C  [libdcpr.so+0x128dd]  appendCubic+0x9d
C  [libdcpr.so+0x6205]  Java_sun_dc_pr_PathStroker_appendCubic+0x75
j  sun.dc.pr.PathStroker.appendCubic(FFFFFF)V+0
j  sun.dc.DuctusRenderingEngine.feedConsumer(Lsun/dc/path/PathConsumer;Ljava/awt/geom/PathIterator;)V+192
j  sun.dc.DuctusRenderingEngine.createStrokedShape(Ljava/awt/Shape;FIIF[FF)Ljava/awt/Shape;+111
j  java.awt.BasicStroke.createStrokedShape(Ljava/awt/Shape;)Ljava/awt/Shape;+30
j  sun.reflect.GeneratedMethodAccessor30.invoke(Ljava/lang/Object;[Ljava/lang/Object;)Ljava/lang/Object;+40
J 4446 C1 sun.reflect.DelegatingMethodAccessorImpl.invoke(Ljava/lang/Object;[Ljava/lang/Object;)Ljava/lang/Object; (10 bytes) @ 0x00007f2e011518c4 [0x00007f2e011517c0+0x104]
J 4487 C1 java.lang.reflect.Method.invoke(Ljava/lang/Object;[Ljava/lang/Object;)Ljava/lang/Object; (62 bytes) @ 0x00007f2e01125e8c [0x00007f2e01125aa0+0x3ec]
J 4636 C1 csbst.generators.dynamic.MethodGenerator$3.run()Ljava/lang/Object; (125 bytes) @ 0x00007f2e01b1065c [0x00007f2e01b0fa00+0xc5c]
v  ~StubRoutines::call_stub
V  [libjvm.so+0x6852db]  JavaCalls::call_helper(JavaValue*, methodHandle*, JavaCallArguments*, Thread*)+0xddb
V  [libjvm.so+0x6fd1a4]  JVM_DoPrivileged+0x4f4
J 4164  java.security.AccessController.doPrivileged(Ljava/security/PrivilegedExceptionAction;)Ljava/lang/Object; (0 bytes) @ 0x00007f2e01c2477f [0x00007f2e01c246c0+0xbf]
J 4573 C1 csbst.generators.dynamic.MethodGenerator.execute(Ljava/lang/Object;Ljava/lang/Class;)V (182 bytes) @ 0x00007f2e01b2349c [0x00007f2e01b22a80+0xa1c]
j  csbst.generators.dynamic.MethodGenerator.executeSubSequence()V+33
J 4573 C1 csbst.generators.dynamic.MethodGenerator.execute(Ljava/lang/Object;Ljava/lang/Class;)V (182 bytes) @ 0x00007f2e01b23c2c [0x00007f2e01b22a80+0x11ac]
J 5309 C1 csbst.ga.ecj.TestCaseCandidate.execute()V (495 bytes) @ 0x00007f2e01fc599c [0x00007f2e01fc3440+0x255c]
J 5365 C1 csbst.testing.fitness.TestingFitness.evaluate(Lcsbst/ga/ecj/TestCaseCandidate;)V (53 bytes) @ 0x00007f2e02000ccc [0x00007f2e02000b20+0x1ac]
J 5223 C1 csbst.heuristic.RandomTesting$3.run()V (51 bytes) @ 0x00007f2e0110f824 [0x00007f2e0110f0e0+0x744]
v  ~StubRoutines::call_stub
V  [libjvm.so+0x6852db]  JavaCalls::call_helper(JavaValue*, methodHandle*, JavaCallArguments*, Thread*)+0xddb
V  [libjvm.so+0x682ba3]  JavaCalls::call_virtual(JavaValue*, KlassHandle, Symbol*, Symbol*, JavaCallArguments*, Thread*)+0x263
V  [libjvm.so+0x683167]  JavaCalls::call_virtual(JavaValue*, Handle, KlassHandle, Symbol*, Symbol*, Thread*)+0x47
V  [libjvm.so+0x6ef0ec]  thread_entry(JavaThread*, Thread*)+0x6c
V  [libjvm.so+0xa76f9b]  JavaThread::thread_main_inner()+0xdb
V  [libjvm.so+0xa7722f]  JavaThread::run()+0x25f
V  [libjvm.so+0x909c92]  java_start(Thread*)+0x102
C  [libpthread.so.0+0x8164]  start_thread+0xe4

Java frames: (J=compiled Java code, j=interpreted, Vv=VM code)
j  sun.dc.pr.PathStroker.appendCubic(FFFFFF)V+0
j  sun.dc.DuctusRenderingEngine.feedConsumer(Lsun/dc/path/PathConsumer;Ljava/awt/geom/PathIterator;)V+192
j  sun.dc.DuctusRenderingEngine.createStrokedShape(Ljava/awt/Shape;FIIF[FF)Ljava/awt/Shape;+111
j  java.awt.BasicStroke.createStrokedShape(Ljava/awt/Shape;)Ljava/awt/Shape;+30
j  sun.reflect.GeneratedMethodAccessor30.invoke(Ljava/lang/Object;[Ljava/lang/Object;)Ljava/lang/Object;+40
J 4446 C1 sun.reflect.DelegatingMethodAccessorImpl.invoke(Ljava/lang/Object;[Ljava/lang/Object;)Ljava/lang/Object; (10 bytes) @ 0x00007f2e011518c4 [0x00007f2e011517c0+0x104]
J 4487 C1 java.lang.reflect.Method.invoke(Ljava/lang/Object;[Ljava/lang/Object;)Ljava/lang/Object; (62 bytes) @ 0x00007f2e01125e8c [0x00007f2e01125aa0+0x3ec]
J 4636 C1 csbst.generators.dynamic.MethodGenerator$3.run()Ljava/lang/Object; (125 bytes) @ 0x00007f2e01b1065c [0x00007f2e01b0fa00+0xc5c]
v  ~StubRoutines::call_stub
J 4164  java.security.AccessController.doPrivileged(Ljava/security/PrivilegedExceptionAction;)Ljava/lang/Object; (0 bytes) @ 0x00007f2e01c2470f [0x00007f2e01c246c0+0x4f]
J 4573 C1 csbst.generators.dynamic.MethodGenerator.execute(Ljava/lang/Object;Ljava/lang/Class;)V (182 bytes) @ 0x00007f2e01b2349c [0x00007f2e01b22a80+0xa1c]
j  csbst.generators.dynamic.MethodGenerator.executeSubSequence()V+33
J 4573 C1 csbst.generators.dynamic.MethodGenerator.execute(Ljava/lang/Object;Ljava/lang/Class;)V (182 bytes) @ 0x00007f2e01b23c2c [0x00007f2e01b22a80+0x11ac]
J 5309 C1 csbst.ga.ecj.TestCaseCandidate.execute()V (495 bytes) @ 0x00007f2e01fc599c [0x00007f2e01fc3440+0x255c]
J 5365 C1 csbst.testing.fitness.TestingFitness.evaluate(Lcsbst/ga/ecj/TestCaseCandidate;)V (53 bytes) @ 0x00007f2e02000ccc [0x00007f2e02000b20+0x1ac]
J 5223 C1 csbst.heuristic.RandomTesting$3.run()V (51 bytes) @ 0x00007f2e0110f824 [0x00007f2e0110f0e0+0x744]
v  ~StubRoutines::call_stub

---------------  P R O C E S S  ---------------

Java Threads: ( => current thread )
=>0x00007f2e10b79800 JavaThread "Thread-793" [_thread_in_native, id=16512, stack(0x00007f2de85f5000,0x00007f2de86f6000)]
  0x00007f2d8c0b6000 JavaThread "AWT-XAWT" daemon [_thread_in_native, id=15400, stack(0x00007f2de87f7000,0x00007f2de88f8000)]
  0x00007f2d8c092000 JavaThread "Java2D Disposer" daemon [_thread_blocked, id=15399, stack(0x00007f2de86f6000,0x00007f2de87f7000)]
  0x00007f2e10b72800 JavaThread "Thread-1" [_thread_in_Java, id=15388, stack(0x00007f2de8efe000,0x00007f2de8fff000)]
  0x00007f2e1021d000 JavaThread "Service Thread" daemon [_thread_blocked, id=15384, stack(0x00007f2df2f22000,0x00007f2df3023000)]
  0x00007f2e10212000 JavaThread "C1 CompilerThread3" daemon [_thread_blocked, id=15383, stack(0x00007f2df3024000,0x00007f2df3124000)]
  0x00007f2e10210000 JavaThread "C2 CompilerThread2" daemon [_thread_blocked, id=15382, stack(0x00007f2df3125000,0x00007f2df3225000)]
  0x00007f2e1020e000 JavaThread "C2 CompilerThread1" daemon [_thread_in_native, id=15381, stack(0x00007f2df80e2000,0x00007f2df81e2000)]
  0x00007f2e1020b800 JavaThread "C2 CompilerThread0" daemon [_thread_in_native, id=15380, stack(0x00007f2df81e3000,0x00007f2df82e3000)]
  0x00007f2e1020a000 JavaThread "Signal Dispatcher" daemon [_thread_blocked, id=15379, stack(0x00007f2df82e3000,0x00007f2df83e4000)]
  0x00007f2e101d7000 JavaThread "Finalizer" daemon [_thread_blocked, id=15378, stack(0x00007f2df83e4000,0x00007f2df84e5000)]
  0x00007f2e101d4800 JavaThread "Reference Handler" daemon [_thread_blocked, id=15377, stack(0x00007f2df84e5000,0x00007f2df85e6000)]
  0x00007f2e1000d800 JavaThread "main" [_thread_blocked, id=15367, stack(0x00007f2e15549000,0x00007f2e15649000)]

Other Threads:
  0x00007f2e101ca800 VMThread [stack: 0x00007f2df85e7000,0x00007f2df86e7000] [id=15376]
  0x00007f2e10222000 WatcherThread [stack: 0x00007f2df2e22000,0x00007f2df2f22000] [id=15385]

VM state:not at safepoint (normal execution)

VM Mutex/Monitor currently owned by a thread: None

Heap:
 PSYoungGen      total 311808K, used 255020K [0x00000000eab00000, 0x0000000100000000, 0x0000000100000000)
  eden space 272896K, 92% used [0x00000000eab00000,0x00000000fa041d38,0x00000000fb580000)
  from space 38912K, 9% used [0x00000000fda00000,0x00000000fddc93b0,0x0000000100000000)
  to   space 37376K, 0% used [0x00000000fb580000,0x00000000fb580000,0x00000000fda00000)
 ParOldGen       total 699392K, used 233777K [0x00000000c0000000, 0x00000000eab00000, 0x00000000eab00000)
  object space 699392K, 33% used [0x00000000c0000000,0x00000000ce44c530,0x00000000eab00000)
 Metaspace       used 60389K, capacity 61032K, committed 61272K, reserved 1103872K
  class space    used 7550K, capacity 7739K, committed 7808K, reserved 1048576K

Card table byte_map: [0x00007f2e1491b000,0x00007f2e14b1c000] byte_map_base: 0x00007f2e1431b000

Marking Bits: (ParMarkBitMap*) 0x00007f2e1679cd40
 Begin Bits: [0x00007f2dfa000000, 0x00007f2dfb000000)
 End Bits:   [0x00007f2dfb000000, 0x00007f2dfc000000)

Polling page: 0x00007f2e16bfd000

CodeCache: size=245760Kb used=16919Kb max_used=16930Kb free=228840Kb
 bounds [0x00007f2e01000000, 0x00007f2e020b0000, 0x00007f2e10000000]
 total_blobs=5071 nmethods=4279 adapters=702
 compilation: enabled

Compilation events (10 events):
Event: 25.090 Thread 0x00007f2e10210000 nmethod 5434% 0x00007f2e0209a450 code [0x00007f2e0209a820, 0x00007f2e0209c010]
Event: 25.090 Thread 0x00007f2e10210000 5435  s    4       org.eclipse.jdt.core.dom.DefaultBindingResolver::getMethodBinding (99 bytes)
Event: 25.101 Thread 0x00007f2e10210000 nmethod 5435 0x00007f2e02097510 code [0x00007f2e020976c0, 0x00007f2e02097f58]
Event: 25.130 Thread 0x00007f2e10210000 5437       4       sun.nio.cs.UTF_8$Decoder::decode (779 bytes)
Event: 25.165 Thread 0x00007f2e10212000 5439       3       org.jfree.chart.plot.CategoryPlot::datasetChanged (78 bytes)
Event: 25.166 Thread 0x00007f2e10212000 nmethod 5439 0x00007f2e02099150 code [0x00007f2e02099360, 0x00007f2e02099f68]
Event: 25.168 Thread 0x00007f2e10210000 nmethod 5437 0x00007f2e020a0610 code [0x00007f2e020a0960, 0x00007f2e020a1c10]
Event: 25.168 Thread 0x00007f2e10210000 5438       4       java.lang.Class::isAnonymousClass (10 bytes)
Event: 25.169 Thread 0x00007f2e10210000 nmethod 5438 0x00007f2e02095c10 code [0x00007f2e02095d60, 0x00007f2e02095ee8]
Event: 25.198 Thread 0x00007f2e10212000 5440       3       csbst.generators.dynamic.MethodGenerator::executeSubSequence (46 bytes)

GC Heap History (10 events):
Event: 20.823 GC heap before
{Heap before GC invocations=37 (full 3):
 PSYoungGen      total 305664K, used 10835K [0x00000000eab00000, 0x0000000100000000, 0x0000000100000000)
  eden space 259584K, 0% used [0x00000000eab00000,0x00000000eab00000,0x00000000fa880000)
  from space 46080K, 23% used [0x00000000fd300000,0x00000000fdd94ce8,0x0000000100000000)
  to   space 43520K, 0% used [0x00000000fa880000,0x00000000fa880000,0x00000000fd300000)
 ParOldGen       total 699392K, used 232677K [0x00000000c0000000, 0x00000000eab00000, 0x00000000eab00000)
  object space 699392K, 33% used [0x00000000c0000000,0x00000000ce339758,0x00000000eab00000)
 Metaspace       used 58299K, capacity 58792K, committed 58968K, reserved 1101824K
  class space    used 7263K, capacity 7428K, committed 7552K, reserved 1048576K
Event: 21.613 GC heap after
Heap after GC invocations=37 (full 3):
 PSYoungGen      total 305664K, used 0K [0x00000000eab00000, 0x0000000100000000, 0x0000000100000000)
  eden space 259584K, 0% used [0x00000000eab00000,0x00000000eab00000,0x00000000fa880000)
  from space 46080K, 0% used [0x00000000fd300000,0x00000000fd300000,0x0000000100000000)
  to   space 43520K, 0% used [0x00000000fa880000,0x00000000fa880000,0x00000000fd300000)
 ParOldGen       total 699392K, used 233745K [0x00000000c0000000, 0x00000000eab00000, 0x00000000eab00000)
  object space 699392K, 33% used [0x00000000c0000000,0x00000000ce444530,0x00000000eab00000)
 Metaspace       used 58299K, capacity 58792K, committed 58968K, reserved 1101824K
  class space    used 7263K, capacity 7428K, committed 7552K, reserved 1048576K
}
Event: 22.543 GC heap before
{Heap before GC invocations=38 (full 3):
 PSYoungGen      total 305664K, used 259584K [0x00000000eab00000, 0x0000000100000000, 0x0000000100000000)
  eden space 259584K, 100% used [0x00000000eab00000,0x00000000fa880000,0x00000000fa880000)
  from space 46080K, 0% used [0x00000000fd300000,0x00000000fd300000,0x0000000100000000)
  to   space 43520K, 0% used [0x00000000fa880000,0x00000000fa880000,0x00000000fd300000)
 ParOldGen       total 699392K, used 233745K [0x00000000c0000000, 0x00000000eab00000, 0x00000000eab00000)
  object space 699392K, 33% used [0x00000000c0000000,0x00000000ce444530,0x00000000eab00000)
 Metaspace       used 59789K, capacity 60246K, committed 60376K, reserved 1101824K
  class space    used 7516K, capacity 7665K, committed 7680K, reserved 1048576K
Event: 22.547 GC heap after
Heap after GC invocations=38 (full 3):
 PSYoungGen      total 303104K, used 5783K [0x00000000eab00000, 0x0000000100000000, 0x0000000100000000)
  eden space 259584K, 0% used [0x00000000eab00000,0x00000000eab00000,0x00000000fa880000)
  from space 43520K, 13% used [0x00000000fa880000,0x00000000fae25c00,0x00000000fd300000)
  to   space 41984K, 0% used [0x00000000fd700000,0x00000000fd700000,0x0000000100000000)
 ParOldGen       total 699392K, used 233753K [0x00000000c0000000, 0x00000000eab00000, 0x00000000eab00000)
  object space 699392K, 33% used [0x00000000c0000000,0x00000000ce446530,0x00000000eab00000)
 Metaspace       used 59789K, capacity 60246K, committed 60376K, reserved 1101824K
  class space    used 7516K, capacity 7665K, committed 7680K, reserved 1048576K
}
Event: 23.246 GC heap before
{Heap before GC invocations=39 (full 3):
 PSYoungGen      total 303104K, used 265367K [0x00000000eab00000, 0x0000000100000000, 0x0000000100000000)
  eden space 259584K, 100% used [0x00000000eab00000,0x00000000fa880000,0x00000000fa880000)
  from space 43520K, 13% used [0x00000000fa880000,0x00000000fae25c00,0x00000000fd300000)
  to   space 41984K, 0% used [0x00000000fd700000,0x00000000fd700000,0x0000000100000000)
 ParOldGen       total 699392K, used 233753K [0x00000000c0000000, 0x00000000eab00000, 0x00000000eab00000)
  object space 699392K, 33% used [0x00000000c0000000,0x00000000ce446530,0x00000000eab00000)
 Metaspace       used 59918K, capacity 60492K, committed 60632K, reserved 1101824K
  class space    used 7527K, capacity 7674K, committed 7680K, reserved 1048576K
Event: 23.250 GC heap after
Heap after GC invocations=39 (full 3):
 PSYoungGen      total 308736K, used 3847K [0x00000000eab00000, 0x0000000100000000, 0x0000000100000000)
  eden space 266752K, 0% used [0x00000000eab00000,0x00000000eab00000,0x00000000faf80000)
  from space 41984K, 9% used [0x00000000fd700000,0x00000000fdac1e28,0x0000000100000000)
  to   space 40448K, 0% used [0x00000000faf80000,0x00000000faf80000,0x00000000fd700000)
 ParOldGen       total 699392K, used 233761K [0x00000000c0000000, 0x00000000eab00000, 0x00000000eab00000)
  object space 699392K, 33% used [0x00000000c0000000,0x00000000ce448530,0x00000000eab00000)
 Metaspace       used 59918K, capacity 60492K, committed 60632K, reserved 1101824K
  class space    used 7527K, capacity 7674K, committed 7680K, reserved 1048576K
}
Event: 23.936 GC heap before
{Heap before GC invocations=40 (full 3):
 PSYoungGen      total 308736K, used 270599K [0x00000000eab00000, 0x0000000100000000, 0x0000000100000000)
  eden space 266752K, 100% used [0x00000000eab00000,0x00000000faf80000,0x00000000faf80000)
  from space 41984K, 9% used [0x00000000fd700000,0x00000000fdac1e28,0x0000000100000000)
  to   space 40448K, 0% used [0x00000000faf80000,0x00000000faf80000,0x00000000fd700000)
 ParOldGen       total 699392K, used 233761K [0x00000000c0000000, 0x00000000eab00000, 0x00000000eab00000)
  object space 699392K, 33% used [0x00000000c0000000,0x00000000ce448530,0x00000000eab00000)
 Metaspace       used 60078K, capacity 60692K, committed 61016K, reserved 1101824K
  class space    used 7534K, capacity 7686K, committed 7808K, reserved 1048576K
Event: 23.940 GC heap after
Heap after GC invocations=40 (full 3):
 PSYoungGen      total 307200K, used 5212K [0x00000000eab00000, 0x0000000100000000, 0x0000000100000000)
  eden space 266752K, 0% used [0x00000000eab00000,0x00000000eab00000,0x00000000faf80000)
  from space 40448K, 12% used [0x00000000faf80000,0x00000000fb497080,0x00000000fd700000)
  to   space 38912K, 0% used [0x00000000fda00000,0x00000000fda00000,0x0000000100000000)
 ParOldGen       total 699392K, used 233769K [0x00000000c0000000, 0x00000000eab00000, 0x00000000eab00000)
  object space 699392K, 33% used [0x00000000c0000000,0x00000000ce44a530,0x00000000eab00000)
 Metaspace       used 60078K, capacity 60692K, committed 61016K, reserved 1101824K
  class space    used 7534K, capacity 7686K, committed 7808K, reserved 1048576K
}
Event: 24.554 GC heap before
{Heap before GC invocations=41 (full 3):
 PSYoungGen      total 307200K, used 271964K [0x00000000eab00000, 0x0000000100000000, 0x0000000100000000)
  eden space 266752K, 100% used [0x00000000eab00000,0x00000000faf80000,0x00000000faf80000)
  from space 40448K, 12% used [0x00000000faf80000,0x00000000fb497080,0x00000000fd700000)
  to   space 38912K, 0% used [0x00000000fda00000,0x00000000fda00000,0x0000000100000000)
 ParOldGen       total 699392K, used 233769K [0x00000000c0000000, 0x00000000eab00000, 0x00000000eab00000)
  object space 699392K, 33% used [0x00000000c0000000,0x00000000ce44a530,0x00000000eab00000)
 Metaspace       used 60199K, capacity 60868K, committed 61016K, reserved 1101824K
  class space    used 7545K, capacity 7733K, committed 7808K, reserved 1048576K
Event: 24.558 GC heap after
Heap after GC invocations=41 (full 3):
 PSYoungGen      total 311808K, used 3876K [0x00000000eab00000, 0x0000000100000000, 0x0000000100000000)
  eden space 272896K, 0% used [0x00000000eab00000,0x00000000eab00000,0x00000000fb580000)
  from space 38912K, 9% used [0x00000000fda00000,0x00000000fddc93b0,0x0000000100000000)
  to   space 37376K, 0% used [0x00000000fb580000,0x00000000fb580000,0x00000000fda00000)
 ParOldGen       total 699392K, used 233777K [0x00000000c0000000, 0x00000000eab00000, 0x00000000eab00000)
  object space 699392K, 33% used [0x00000000c0000000,0x00000000ce44c530,0x00000000eab00000)
 Metaspace       used 60199K, capacity 60868K, committed 61016K, reserved 1101824K
  class space    used 7545K, capacity 7733K, committed 7808K, reserved 1048576K
}

Deoptimization events (10 events):
Event: 24.260 Thread 0x00007f2e10b7b000 Uncommon trap: reason=bimorphic action=maybe_recompile pc=0x00007f2e01c8b094 method=sun.util.locale.provider.LocaleResources.getDecimalFormatSymbolsData()[Ljava/lang/Object; @ 120
Event: 24.261 Thread 0x00007f2e10b7b000 Uncommon trap: reason=class_check action=maybe_recompile pc=0x00007f2e01c2a4d0 method=java.lang.String.contains(Ljava/lang/CharSequence;)Z @ 2
Event: 24.267 Thread 0x00007f2e10b7b000 Uncommon trap: reason=unstable_if action=reinterpret pc=0x00007f2e01aee6a4 method=java.util.Calendar.setFieldsComputed(I)V @ 3
Event: 24.267 Thread 0x00007f2e10b7b000 Uncommon trap: reason=unstable_if action=reinterpret pc=0x00007f2e01ff6278 method=sun.util.calendar.AbstractCalendar.getDayOfWeekDateOnOrBefore(JI)J @ 10
Event: 24.778 Thread 0x00007f2e10b79800 Uncommon trap: reason=class_check action=maybe_recompile pc=0x00007f2e0137ac4c method=java.util.regex.Pattern$Node.study(Ljava/util/regex/Pattern$TreeInfo;)Z @ 12
Event: 24.778 Thread 0x00007f2e10b79800 Uncommon trap: reason=unstable_if action=reinterpret pc=0x00007f2e0112f49c method=java.lang.String.indexOf(II)I @ 7
Event: 24.813 Thread 0x00007f2e10b79800 Uncommon trap: reason=class_check action=maybe_recompile pc=0x00007f2e0196599c method=java.lang.AbstractStringBuilder.append(Ljava/lang/CharSequence;)Ljava/lang/AbstractStringBuilder; @ 37
Event: 24.813 Thread 0x00007f2e10b79800 Uncommon trap: reason=class_check action=maybe_recompile pc=0x00007f2e0196599c method=java.lang.AbstractStringBuilder.append(Ljava/lang/CharSequence;)Ljava/lang/AbstractStringBuilder; @ 37
Event: 24.907 Thread 0x00007f2e10b79800 Uncommon trap: reason=null_check action=make_not_entrant pc=0x00007f2e020648d0 method=csbst.generators.dynamic.InstanceGenerator.getSingletons(Ljava/lang/Class;)Ljava/util/Vector; @ 69
Event: 24.913 Thread 0x00007f2e10b79800 Uncommon trap: reason=unstable_if action=reinterpret pc=0x00007f2e011406dc method=sun.nio.cs.UTF_8$Decoder.decode([BII[C)I @ 30

Classes redefined (0 events):
No events

Internal exceptions (10 events):
Event: 25.174 Thread 0x00007f2e10b79800 Exception <a 'java/lang/NoClassDefFoundError': org/eclipse/jdt/internal/ui/actions/CategoryFilterActionGroup> (0x00000000f91b54c0) thrown at [/HUDSON/workspace/8-2-build-linux-amd64/jdk8u191/11894/hotspot/src/share/vm/oops/constantPool.cpp, line 235]
Event: 25.175 Thread 0x00007f2e10b79800 Exception <a 'java/lang/NoClassDefFoundError': org/eclipse/core/filesystem/IFileInfo> (0x00000000f9226ff0) thrown at [/HUDSON/workspace/8-2-build-linux-amd64/jdk8u191/11894/hotspot/src/share/vm/classfile/systemDictionary.cpp, line 199]
Event: 25.178 Thread 0x00007f2e10b79800 Exception <a 'java/lang/NoClassDefFoundError': org/eclipse/core/internal/resources/ContentDescriptionManager> (0x00000000f934c000) thrown at [/HUDSON/workspace/8-2-build-linux-amd64/jdk8u191/11894/hotspot/src/share/vm/oops/constantPool.cpp, line 235]
Event: 25.181 Thread 0x00007f2e10b79800 Exception <a 'java/lang/NoClassDefFoundError': org/eclipse/core/filesystem/IFileInfo> (0x00000000f940a4c8) thrown at [/HUDSON/workspace/8-2-build-linux-amd64/jdk8u191/11894/hotspot/src/share/vm/classfile/systemDictionary.cpp, line 199]
Event: 25.184 Thread 0x00007f2e10b79800 Exception <a 'java/lang/NoClassDefFoundError': org/eclipse/core/internal/resources/ContentDescriptionManager> (0x00000000f952f1a8) thrown at [/HUDSON/workspace/8-2-build-linux-amd64/jdk8u191/11894/hotspot/src/share/vm/oops/constantPool.cpp, line 235]
Event: 25.192 Thread 0x00007f2e10b79800 Exception <a 'java/lang/NoClassDefFoundError': org/eclipse/core/commands/contexts/IContextManagerListener> (0x00000000f9b36188) thrown at [/HUDSON/workspace/8-2-build-linux-amd64/jdk8u191/11894/hotspot/src/share/vm/classfile/systemDictionary.cpp, line 199
Event: 25.192 Thread 0x00007f2e10b79800 Exception <a 'java/lang/NoClassDefFoundError'> (0x00000000f9b36188) thrown at [/HUDSON/workspace/8-2-build-linux-amd64/jdk8u191/11894/hotspot/src/share/vm/prims/jvm.cpp, line 1439]
Event: 25.193 Thread 0x00007f2e10b79800 Exception <a 'java/lang/NoClassDefFoundError': org/eclipse/core/commands/contexts/IContextManagerListener> (0x00000000f9b56030) thrown at [/HUDSON/workspace/8-2-build-linux-amd64/jdk8u191/11894/hotspot/src/share/vm/classfile/systemDictionary.cpp, line 199
Event: 25.193 Thread 0x00007f2e10b79800 Exception <a 'java/lang/NoClassDefFoundError'> (0x00000000f9b56030) thrown at [/HUDSON/workspace/8-2-build-linux-amd64/jdk8u191/11894/hotspot/src/share/vm/prims/jvm.cpp, line 1439]
Event: 25.194 Thread 0x00007f2e10b79800 Exception <a 'java/lang/NoClassDefFoundError': org/eclipse/jdt/internal/ui/actions/CategoryFilterActionGroup> (0x00000000f9c28148) thrown at [/HUDSON/workspace/8-2-build-linux-amd64/jdk8u191/11894/hotspot/src/share/vm/oops/constantPool.cpp, line 235]

Events (10 events):
Event: 25.194 loading class org/evosuite/shaded/org/hibernate/boot/internal/MetadataBuilderImpl$MetadataBuildingOptionsImpl/access
Event: 25.194 loading class org/evosuite/shaded/org/hibernate/boot/internal/MetadataBuilderImpl$MetadataBuildingOptionsImpl/access done
Event: 25.194 loading class org/eclipse/jdt/ui/text/folding/DefaultJavaFoldingStructureProvider$FoldingStructureComputationContext/access
Event: 25.194 loading class org/eclipse/jdt/ui/text/folding/DefaultJavaFoldingStructureProvider$FoldingStructureComputationContext/access done
Event: 25.194 loading class org/eclipse/jdt/ui/text/folding/DefaultJavaFoldingStructureProvider$FoldingStructureComputationContext/access
Event: 25.194 loading class org/eclipse/jdt/ui/text/folding/DefaultJavaFoldingStructureProvider$FoldingStructureComputationContext/access done
Event: 25.195 Thread 0x00007f2e10b79800 Thread exited: 0x00007f2e10b79800
Event: 25.195 Thread 0x00007f2e10b79800 Thread added: 0x00007f2e10b79800
Event: 25.197 Thread 0x00007f2e10b79800 Thread exited: 0x00007f2e10b79800
Event: 25.197 Thread 0x00007f2e10b79800 Thread added: 0x00007f2e10b79800


Dynamic libraries:
00400000-00401000 r-xp 00000000 08:05 19545660                           /usr/lib/jvm/java-8-oracle/jre/bin/java
00600000-00601000 r--p 00000000 08:05 19545660                           /usr/lib/jvm/java-8-oracle/jre/bin/java
00601000-00602000 rw-p 00001000 08:05 19545660                           /usr/lib/jvm/java-8-oracle/jre/bin/java
006c6000-006e7000 rw-p 00000000 00:00 0                                  [heap]
c0000000-1007a0000 rw-p 00000000 00:00 0 
1007a0000-140000000 ---p 00000000 00:00 0 
7f2d74000000-7f2d74c9c000 rw-p 00000000 00:00 0 
7f2d74c9c000-7f2d78000000 ---p 00000000 00:00 0 
7f2d7c000000-7f2d7c0cd000 rw-p 00000000 00:00 0 
7f2d7c0cd000-7f2d80000000 ---p 00000000 00:00 0 
7f2d80000000-7f2d80034000 rw-p 00000000 00:00 0 
7f2d80034000-7f2d84000000 ---p 00000000 00:00 0 
7f2d84000000-7f2d84067000 rw-p 00000000 00:00 0 
7f2d84067000-7f2d88000000 ---p 00000000 00:00 0 
7f2d88000000-7f2d8810a000 rw-p 00000000 00:00 0 
7f2d8810a000-7f2d8c000000 ---p 00000000 00:00 0 
7f2d8c000000-7f2d8c0e6000 rw-p 00000000 00:00 0 
7f2d8c0e6000-7f2d90000000 ---p 00000000 00:00 0 
7f2d90000000-7f2d90026000 rw-p 00000000 00:00 0 
7f2d90026000-7f2d94000000 ---p 00000000 00:00 0 
7f2d94000000-7f2d94113000 rw-p 00000000 00:00 0 
7f2d94113000-7f2d98000000 ---p 00000000 00:00 0 
7f2d98000000-7f2d98035000 rw-p 00000000 00:00 0 
7f2d98035000-7f2d9c000000 ---p 00000000 00:00 0 
7f2d9c000000-7f2d9c8e3000 rw-p 00000000 00:00 0 
7f2d9c8e3000-7f2da0000000 ---p 00000000 00:00 0 
7f2da0000000-7f2da0021000 rw-p 00000000 00:00 0 
7f2da0021000-7f2da4000000 ---p 00000000 00:00 0 
7f2da4000000-7f2da4021000 rw-p 00000000 00:00 0 
7f2da4021000-7f2da8000000 ---p 00000000 00:00 0 
7f2da8000000-7f2da8021000 rw-p 00000000 00:00 0 
7f2da8021000-7f2dac000000 ---p 00000000 00:00 0 
7f2dac000000-7f2dadc3f000 rw-p 00000000 00:00 0 
7f2dadc3f000-7f2db0000000 ---p 00000000 00:00 0 
7f2db0000000-7f2db0d71000 rw-p 00000000 00:00 0 
7f2db0d71000-7f2db4000000 ---p 00000000 00:00 0 
7f2db4000000-7f2db62e3000 rw-p 00000000 00:00 0 
7f2db62e3000-7f2db8000000 ---p 00000000 00:00 0 
7f2db8000000-7f2db9695000 rw-p 00000000 00:00 0 
7f2db9695000-7f2dbc000000 ---p 00000000 00:00 0 
7f2dbc000000-7f2dbc021000 rw-p 00000000 00:00 0 
7f2dbc021000-7f2dc0000000 ---p 00000000 00:00 0 
7f2dc0000000-7f2dc0021000 rw-p 00000000 00:00 0 
7f2dc0021000-7f2dc4000000 ---p 00000000 00:00 0 
7f2dc4000000-7f2dc4021000 rw-p 00000000 00:00 0 
7f2dc4021000-7f2dc8000000 ---p 00000000 00:00 0 
7f2dc8000000-7f2dc8021000 rw-p 00000000 00:00 0 
7f2dc8021000-7f2dcc000000 ---p 00000000 00:00 0 
7f2dcc000000-7f2dcc021000 rw-p 00000000 00:00 0 
7f2dcc021000-7f2dd0000000 ---p 00000000 00:00 0 
7f2dd0000000-7f2dd0021000 rw-p 00000000 00:00 0 
7f2dd0021000-7f2dd4000000 ---p 00000000 00:00 0 
7f2dd4000000-7f2dd4021000 rw-p 00000000 00:00 0 
7f2dd4021000-7f2dd8000000 ---p 00000000 00:00 0 
7f2ddc000000-7f2ddc021000 rw-p 00000000 00:00 0 
7f2ddc021000-7f2de0000000 ---p 00000000 00:00 0 
7f2de167a000-7f2de16ba000 rw-p 00000000 00:00 0 
7f2de16ba000-7f2de187a000 ---p 00000000 00:00 0 
7f2de187a000-7f2de1a7a000 rw-p 00000000 00:00 0 
7f2de1a7a000-7f2de1c7a000 rw-p 00000000 00:00 0 
7f2de1c7a000-7f2de1ce6000 r-xp 00000000 08:05 20066737                   /usr/lib/jvm/java-8-oracle/jre/lib/amd64/libt2k.so
7f2de1ce6000-7f2de1ee6000 ---p 0006c000 08:05 20066737                   /usr/lib/jvm/java-8-oracle/jre/lib/amd64/libt2k.so
7f2de1ee6000-7f2de1eec000 r--p 0006c000 08:05 20066737                   /usr/lib/jvm/java-8-oracle/jre/lib/amd64/libt2k.so
7f2de1eec000-7f2de1eed000 rw-p 00072000 08:05 20066737                   /usr/lib/jvm/java-8-oracle/jre/lib/amd64/libt2k.so
7f2de1eed000-7f2de20ed000 rw-p 00000000 00:00 0 
7f2de20ed000-7f2de215d000 r-xp 00000000 08:05 20066723                   /usr/lib/jvm/java-8-oracle/jre/lib/amd64/liblcms.so
7f2de215d000-7f2de235c000 ---p 00070000 08:05 20066723                   /usr/lib/jvm/java-8-oracle/jre/lib/amd64/liblcms.so
7f2de235c000-7f2de235e000 r--p 0006f000 08:05 20066723                   /usr/lib/jvm/java-8-oracle/jre/lib/amd64/liblcms.so
7f2de235e000-7f2de2361000 rw-p 00071000 08:05 20066723                   /usr/lib/jvm/java-8-oracle/jre/lib/amd64/liblcms.so
7f2de2361000-7f2de2562000 rw-p 00000000 00:00 0 
7f2de2562000-7f2de2762000 rw-p 00000000 00:00 0 
7f2de2762000-7f2de278c000 r-xp 00000000 08:05 20066722                   /usr/lib/jvm/java-8-oracle/jre/lib/amd64/libdcpr.so
7f2de278c000-7f2de298b000 ---p 0002a000 08:05 20066722                   /usr/lib/jvm/java-8-oracle/jre/lib/amd64/libdcpr.so
7f2de298b000-7f2de298c000 r--p 00029000 08:05 20066722                   /usr/lib/jvm/java-8-oracle/jre/lib/amd64/libdcpr.so
7f2de298c000-7f2de298f000 rw-p 0002a000 08:05 20066722                   /usr/lib/jvm/java-8-oracle/jre/lib/amd64/libdcpr.so
7f2de298f000-7f2de2b8f000 rw-p 00000000 00:00 0 
7f2de2b8f000-7f2de2d8f000 rw-p 00000000 00:00 0 
7f2de2d8f000-7f2de2f8f000 rw-p 00000000 00:00 0 
7f2de2f8f000-7f2de318f000 rw-p 00000000 00:00 0 
7f2de318f000-7f2de338f000 rw-p 00000000 00:00 0 
7f2de338f000-7f2de3585000 rw-p 00000000 00:00 0 
7f2de3585000-7f2de358f000 ---p 00000000 00:00 0 
7f2de358f000-7f2de3594000 r-xp 00000000 08:05 19406292                   /usr/lib/x86_64-linux-gnu/libXfixes.so.3.1.0
7f2de3594000-7f2de3793000 ---p 00005000 08:05 19406292                   /usr/lib/x86_64-linux-gnu/libXfixes.so.3.1.0
7f2de3793000-7f2de3794000 r--p 00004000 08:05 19406292                   /usr/lib/x86_64-linux-gnu/libXfixes.so.3.1.0
7f2de3794000-7f2de3795000 rw-p 00005000 08:05 19406292                   /usr/lib/x86_64-linux-gnu/libXfixes.so.3.1.0
7f2de3795000-7f2de379e000 r-xp 00000000 08:05 19406284                   /usr/lib/x86_64-linux-gnu/libXcursor.so.1.0.2
7f2de379e000-7f2de399d000 ---p 00009000 08:05 19406284                   /usr/lib/x86_64-linux-gnu/libXcursor.so.1.0.2
7f2de399d000-7f2de399e000 r--p 00008000 08:05 19406284                   /usr/lib/x86_64-linux-gnu/libXcursor.so.1.0.2
7f2de399e000-7f2de399f000 rw-p 00009000 08:05 19406284                   /usr/lib/x86_64-linux-gnu/libXcursor.so.1.0.2
7f2de399f000-7f2de39fc000 r-xp 00000000 08:05 20066781                   /usr/lib/jvm/java-8-oracle/jre/lib/amd64/libfontmanager.so
7f2de39fc000-7f2de3bfc000 ---p 0005d000 08:05 20066781                   /usr/lib/jvm/java-8-oracle/jre/lib/amd64/libfontmanager.so
7f2de3bfc000-7f2de3bff000 r--p 0005d000 08:05 20066781                   /usr/lib/jvm/java-8-oracle/jre/lib/amd64/libfontmanager.so
7f2de3bff000-7f2de3c00000 rw-p 00060000 08:05 20066781                   /usr/lib/jvm/java-8-oracle/jre/lib/amd64/libfontmanager.so
7f2de3c00000-7f2de3e00000 rw-p 00000000 00:00 0 
7f2de3e00000-7f2de4000000 rw-p 00000000 00:00 0 
7f2de4000000-7f2de4021000 rw-p 00000000 00:00 0 
7f2de4021000-7f2de8000000 ---p 00000000 00:00 0 
7f2de81f5000-7f2de83f5000 rw-p 00000000 00:00 0 
7f2de83f5000-7f2de85f5000 rw-p 00000000 00:00 0 
7f2de85f5000-7f2de85f8000 ---p 00000000 00:00 0 
7f2de85f8000-7f2de86f6000 rw-p 00000000 00:00 0 
7f2de86f6000-7f2de86f9000 ---p 00000000 00:00 0 
7f2de86f9000-7f2de87f7000 rw-p 00000000 00:00 0 
7f2de87f7000-7f2de87fa000 ---p 00000000 00:00 0 
7f2de87fa000-7f2de88f8000 rw-p 00000000 00:00 0 
7f2de88f8000-7f2de88fb000 ---p 00000000 00:00 0 
7f2de88fb000-7f2de89f9000 rw-p 00000000 00:00 0 
7f2de89f9000-7f2de89fc000 ---p 00000000 00:00 0 
7f2de89fc000-7f2de8afa000 rw-p 00000000 00:00 0 
7f2de8afa000-7f2de8afd000 ---p 00000000 00:00 0 
7f2de8afd000-7f2de8bfb000 rw-p 00000000 00:00 0 
7f2de8bfb000-7f2de8bfe000 ---p 00000000 00:00 0 
7f2de8bfe000-7f2de8cfc000 rw-p 00000000 00:00 0 
7f2de8cfc000-7f2de8cff000 ---p 00000000 00:00 0 
7f2de8cff000-7f2de8dfd000 rw-p 00000000 00:00 0 
7f2de8dfd000-7f2de8e00000 ---p 00000000 00:00 0 
7f2de8e00000-7f2de8efe000 rw-p 00000000 00:00 0 
7f2de8efe000-7f2de8f01000 ---p 00000000 00:00 0 
7f2de8f01000-7f2dec000000 rw-p 00000000 00:00 0 
7f2dec000000-7f2dec021000 rw-p 00000000 00:00 0 
7f2dec021000-7f2df0000000 ---p 00000000 00:00 0 
7f2df0068000-7f2df006b000 r--p 00000000 08:05 6034272                    /lib/x86_64-linux-gnu/libgcc_s.so.1
7f2df006b000-7f2df007c000 r-xp 00003000 08:05 6034272                    /lib/x86_64-linux-gnu/libgcc_s.so.1
7f2df007c000-7f2df007f000 r--p 00014000 08:05 6034272                    /lib/x86_64-linux-gnu/libgcc_s.so.1
7f2df007f000-7f2df0080000 ---p 00017000 08:05 6034272                    /lib/x86_64-linux-gnu/libgcc_s.so.1
7f2df0080000-7f2df0081000 r--p 00017000 08:05 6034272                    /lib/x86_64-linux-gnu/libgcc_s.so.1
7f2df0081000-7f2df0082000 rw-p 00018000 08:05 6034272                    /lib/x86_64-linux-gnu/libgcc_s.so.1
7f2df0082000-7f2df009e000 r--s 00393000 08:05 19798260                   /usr/lib/jvm/java-8-oracle/jre/lib/ext/cldrdata.jar
7f2df009e000-7f2df029e000 rw-p 00000000 00:00 0 
7f2df029e000-7f2df02a1000 ---p 00000000 00:00 0 
7f2df02a1000-7f2df039f000 rw-p 00000000 00:00 0 
7f2df039f000-7f2df03b4000 r-xp 00000000 08:05 6034233                    /lib/x86_64-linux-gnu/libbsd.so.0.9.1
7f2df03b4000-7f2df05b3000 ---p 00015000 08:05 6034233                    /lib/x86_64-linux-gnu/libbsd.so.0.9.1
7f2df05b3000-7f2df05b4000 r--p 00014000 08:05 6034233                    /lib/x86_64-linux-gnu/libbsd.so.0.9.1
7f2df05b4000-7f2df05b5000 rw-p 00015000 08:05 6034233                    /lib/x86_64-linux-gnu/libbsd.so.0.9.1
7f2df05b5000-7f2df05b6000 rw-p 00000000 00:00 0 
7f2df05b6000-7f2df05bb000 r-xp 00000000 08:05 19406288                   /usr/lib/x86_64-linux-gnu/libXdmcp.so.6.0.0
7f2df05bb000-7f2df07ba000 ---p 00005000 08:05 19406288                   /usr/lib/x86_64-linux-gnu/libXdmcp.so.6.0.0
7f2df07ba000-7f2df07bb000 r--p 00004000 08:05 19406288                   /usr/lib/x86_64-linux-gnu/libXdmcp.so.6.0.0
7f2df07bb000-7f2df07bc000 rw-p 00005000 08:05 19406288                   /usr/lib/x86_64-linux-gnu/libXdmcp.so.6.0.0
7f2df07bc000-7f2df07be000 r-xp 00000000 08:05 19406277                   /usr/lib/x86_64-linux-gnu/libXau.so.6.0.0
7f2df07be000-7f2df09be000 ---p 00002000 08:05 19406277                   /usr/lib/x86_64-linux-gnu/libXau.so.6.0.0
7f2df09be000-7f2df09bf000 r--p 00002000 08:05 19406277                   /usr/lib/x86_64-linux-gnu/libXau.so.6.0.0
7f2df09bf000-7f2df09c0000 rw-p 00003000 08:05 19406277                   /usr/lib/x86_64-linux-gnu/libXau.so.6.0.0
7f2df09c0000-7f2df09cb000 r--p 00000000 08:05 19407494                   /usr/lib/x86_64-linux-gnu/libxcb.so.1.1.0
7f2df09cb000-7f2df09de000 r-xp 0000b000 08:05 19407494                   /usr/lib/x86_64-linux-gnu/libxcb.so.1.1.0
7f2df09de000-7f2df09e7000 r--p 0001e000 08:05 19407494                   /usr/lib/x86_64-linux-gnu/libxcb.so.1.1.0
7f2df09e7000-7f2df09e8000 r--p 00026000 08:05 19407494                   /usr/lib/x86_64-linux-gnu/libxcb.so.1.1.0
7f2df09e8000-7f2df09e9000 rw-p 00027000 08:05 19407494                   /usr/lib/x86_64-linux-gnu/libxcb.so.1.1.0
7f2df09e9000-7f2df09f8000 r-xp 00000000 08:05 19406298                   /usr/lib/x86_64-linux-gnu/libXi.so.6.1.0
7f2df09f8000-7f2df0bf7000 ---p 0000f000 08:05 19406298                   /usr/lib/x86_64-linux-gnu/libXi.so.6.1.0
7f2df0bf7000-7f2df0bf8000 r--p 0000e000 08:05 19406298                   /usr/lib/x86_64-linux-gnu/libXi.so.6.1.0
7f2df0bf8000-7f2df0bf9000 rw-p 0000f000 08:05 19406298                   /usr/lib/x86_64-linux-gnu/libXi.so.6.1.0
7f2df0bf9000-7f2df0bfe000 r-xp 00000000 08:05 19406316                   /usr/lib/x86_64-linux-gnu/libXtst.so.6.1.0
7f2df0bfe000-7f2df0dfd000 ---p 00005000 08:05 19406316                   /usr/lib/x86_64-linux-gnu/libXtst.so.6.1.0
7f2df0dfd000-7f2df0dfe000 r--p 00004000 08:05 19406316                   /usr/lib/x86_64-linux-gnu/libXtst.so.6.1.0
7f2df0dfe000-7f2df0dff000 rw-p 00005000 08:05 19406316                   /usr/lib/x86_64-linux-gnu/libXtst.so.6.1.0
7f2df0dff000-7f2df0e08000 r-xp 00000000 08:05 19406310                   /usr/lib/x86_64-linux-gnu/libXrender.so.1.3.0
7f2df0e08000-7f2df1007000 ---p 00009000 08:05 19406310                   /usr/lib/x86_64-linux-gnu/libXrender.so.1.3.0
7f2df1007000-7f2df1008000 r--p 00008000 08:05 19406310                   /usr/lib/x86_64-linux-gnu/libXrender.so.1.3.0
7f2df1008000-7f2df1009000 rw-p 00009000 08:05 19406310                   /usr/lib/x86_64-linux-gnu/libXrender.so.1.3.0
7f2df1009000-7f2df1021000 r--p 00000000 08:05 19406273                   /usr/lib/x86_64-linux-gnu/libX11.so.6.3.0
7f2df1021000-7f2df10a9000 r-xp 00018000 08:05 19406273                   /usr/lib/x86_64-linux-gnu/libX11.so.6.3.0
7f2df10a9000-7f2df113d000 r--p 000a0000 08:05 19406273                   /usr/lib/x86_64-linux-gnu/libX11.so.6.3.0
7f2df113d000-7f2df113e000 ---p 00134000 08:05 19406273                   /usr/lib/x86_64-linux-gnu/libX11.so.6.3.0
7f2df113e000-7f2df113f000 r--p 00134000 08:05 19406273                   /usr/lib/x86_64-linux-gnu/libX11.so.6.3.0
7f2df113f000-7f2df1143000 rw-p 00135000 08:05 19406273                   /usr/lib/x86_64-linux-gnu/libX11.so.6.3.0
7f2df1143000-7f2df1154000 r-xp 00000000 08:05 19406290                   /usr/lib/x86_64-linux-gnu/libXext.so.6.4.0
7f2df1154000-7f2df1353000 ---p 00011000 08:05 19406290                   /usr/lib/x86_64-linux-gnu/libXext.so.6.4.0
7f2df1353000-7f2df1354000 r--p 00010000 08:05 19406290                   /usr/lib/x86_64-linux-gnu/libXext.so.6.4.0
7f2df1354000-7f2df1355000 rw-p 00011000 08:05 19406290                   /usr/lib/x86_64-linux-gnu/libXext.so.6.4.0
7f2df136c000-7f2df13bf000 r-xp 00000000 08:05 20066808                   /usr/lib/jvm/java-8-oracle/jre/lib/amd64/libawt_xawt.so
7f2df13bf000-7f2df15be000 ---p 00053000 08:05 20066808                   /usr/lib/jvm/java-8-oracle/jre/lib/amd64/libawt_xawt.so
7f2df15be000-7f2df15bf000 r--p 00052000 08:05 20066808                   /usr/lib/jvm/java-8-oracle/jre/lib/amd64/libawt_xawt.so
7f2df15bf000-7f2df15c2000 rw-p 00053000 08:05 20066808                   /usr/lib/jvm/java-8-oracle/jre/lib/amd64/libawt_xawt.so
7f2df15c2000-7f2df15c3000 rw-p 00000000 00:00 0 
7f2df15c3000-7f2df1662000 r-xp 00000000 08:05 20066794                   /usr/lib/jvm/java-8-oracle/jre/lib/amd64/libawt.so
7f2df1662000-7f2df1862000 ---p 0009f000 08:05 20066794                   /usr/lib/jvm/java-8-oracle/jre/lib/amd64/libawt.so
7f2df1862000-7f2df1863000 r--p 0009f000 08:05 20066794                   /usr/lib/jvm/java-8-oracle/jre/lib/amd64/libawt.so
7f2df1863000-7f2df186e000 rw-p 000a0000 08:05 20066794                   /usr/lib/jvm/java-8-oracle/jre/lib/amd64/libawt.so
7f2df186e000-7f2df1893000 rw-p 00000000 00:00 0 
7f2df1893000-7f2df1898000 r--s 002f9000 08:05 19798155                   /usr/lib/jvm/java-8-oracle/jre/lib/charsets.jar
7f2df1898000-7f2df1a98000 rw-p 00000000 00:00 0 
7f2df1a98000-7f2df1aa2000 r--s 00116000 08:05 19798270                   /usr/lib/jvm/java-8-oracle/jre/lib/ext/localedata.jar
7f2df1aa2000-7f2df1ca2000 rw-p 00000000 00:00 0 
7f2df1ca2000-7f2df1ea2000 rw-p 00000000 00:00 0 
7f2df1ea2000-7f2df1f1b000 r--s 010fb000 08:05 19410716                   /usr/lib/jvm/java-8-oracle/lib/tools.jar
7f2df1f1b000-7f2df1f31000 r-xp 00000000 08:05 20066801                   /usr/lib/jvm/java-8-oracle/jre/lib/amd64/libnet.so
7f2df1f31000-7f2df2130000 ---p 00016000 08:05 20066801                   /usr/lib/jvm/java-8-oracle/jre/lib/amd64/libnet.so
7f2df2130000-7f2df2131000 r--p 00015000 08:05 20066801                   /usr/lib/jvm/java-8-oracle/jre/lib/amd64/libnet.so
7f2df2131000-7f2df2132000 rw-p 00016000 08:05 20066801                   /usr/lib/jvm/java-8-oracle/jre/lib/amd64/libnet.so
7f2df2132000-7f2df2143000 r-xp 00000000 08:05 20066804                   /usr/lib/jvm/java-8-oracle/jre/lib/amd64/libnio.so
7f2df2143000-7f2df2342000 ---p 00011000 08:05 20066804                   /usr/lib/jvm/java-8-oracle/jre/lib/amd64/libnio.so
7f2df2342000-7f2df2343000 r--p 00010000 08:05 20066804                   /usr/lib/jvm/java-8-oracle/jre/lib/amd64/libnio.so
7f2df2343000-7f2df2344000 rw-p 00011000 08:05 20066804                   /usr/lib/jvm/java-8-oracle/jre/lib/amd64/libnio.so
7f2df2344000-7f2df2544000 rw-p 00000000 00:00 0 
7f2df2544000-7f2df254e000 r--s 0008d000 08:05 21656820                   /home/ubuntu/Scrivania/ubuntu/IdeaProjects/smells-automated/ist-generation-scripts/projects/chart-26/lib/pitest-entry-1.4.3.jar
7f2df254e000-7f2df255b000 r--s 00092000 08:05 21656818                   /home/ubuntu/Scrivania/ubuntu/IdeaProjects/smells-automated/ist-generation-scripts/projects/chart-26/lib/pitest-1.4.3.jar
7f2df255b000-7f2df2569000 r--s 0008a000 08:05 21656824                   /home/ubuntu/Scrivania/ubuntu/IdeaProjects/smells-automated/ist-generation-scripts/projects/chart-26/lib/xstream-1.4.11.1.jar
7f2df2569000-7f2df257b000 r--s 0013e000 08:05 21646352                   /home/ubuntu/Scrivania/ubuntu/IdeaProjects/smells-automated/ist-generation-scripts/projects/chart-26/lib/itext-2.0.2.jar
7f2df257b000-7f2df257e000 r--s 0001a000 08:05 21656823                   /home/ubuntu/Scrivania/ubuntu/IdeaProjects/smells-automated/ist-generation-scripts/projects/chart-26/lib/xmlpull-xpp3-1.1.4c.jar
7f2df257e000-7f2df2589000 r--s 000aa000 08:05 21656819                   /home/ubuntu/Scrivania/ubuntu/IdeaProjects/smells-automated/ist-generation-scripts/projects/chart-26/lib/pitest-ant-1.4.3.jar
7f2df2589000-7f2df258c000 r--s 00011000 08:05 21646354                   /home/ubuntu/Scrivania/ubuntu/IdeaProjects/smells-automated/ist-generation-scripts/projects/chart-26/lib/servlet.jar
7f2df258c000-7f2df258e000 r--s 00005000 08:05 21656821                   /home/ubuntu/Scrivania/ubuntu/IdeaProjects/smells-automated/ist-generation-scripts/projects/chart-26/lib/slf4j-api-1.7.5.jar
7f2df258e000-7f2df2597000 r--s 0006f000 08:05 21656817                   /home/ubuntu/Scrivania/ubuntu/IdeaProjects/smells-automated/ist-generation-scripts/projects/chart-26/lib/log4j-1.2.17.jar
7f2df2597000-7f2df2599000 r--s 00001000 08:05 21656822                   /home/ubuntu/Scrivania/ubuntu/IdeaProjects/smells-automated/ist-generation-scripts/projects/chart-26/lib/slf4j-log4j12-1.7.5.jar
7f2df2599000-7f2df274d000 r--s 012de000 08:05 21656814                   /home/ubuntu/Scrivania/ubuntu/IdeaProjects/smells-automated/ist-generation-scripts/projects/chart-26/lib/evosuite-standalone-runtime-1.0.6.jar
7f2df274d000-7f2df294d000 rw-p 00000000 00:00 0 
7f2df294d000-7f2df2b4d000 rw-p 00000000 00:00 0 
7f2df2b4d000-7f2df2b52000 r--s 00084000 08:05 19797788                   /usr/lib/jvm/java-8-oracle/jre/lib/jfr.jar
7f2df2b52000-7f2df2b57000 r--s 002f9000 08:05 19798155                   /usr/lib/jvm/java-8-oracle/jre/lib/charsets.jar
7f2df2b57000-7f2df2b5e000 r--s 00000000 08:05 19663414                   /usr/lib/x86_64-linux-gnu/gconv/gconv-modules.cache
7f2df2b5e000-7f2df2b7f000 r--p 00000000 08:05 21235174                   /usr/share/locale-langpack/it/LC_MESSAGES/libc.mo
7f2df2b7f000-7f2df2b92000 r--s 00345000 08:05 19798165                   /usr/lib/jvm/java-8-oracle/jre/lib/resources.jar
7f2df2b92000-7f2df2b9c000 r--s 0008d000 08:05 18382195                   /home/ubuntu/Scrivania/ubuntu/IdeaProjects/smells-automated/ist-generation-scripts/lib/pitest-entry-1.4.3.jar
7f2df2b9c000-7f2df2ba9000 r--s 00092000 08:05 18382193                   /home/ubuntu/Scrivania/ubuntu/IdeaProjects/smells-automated/ist-generation-scripts/lib/pitest-1.4.3.jar
7f2df2ba9000-7f2df2bb7000 r--s 0008a000 08:05 18382199                   /home/ubuntu/Scrivania/ubuntu/IdeaProjects/smells-automated/ist-generation-scripts/lib/xstream-1.4.11.1.jar
7f2df2bb7000-7f2df2bf5000 r--s 002f6000 08:05 18633463                   /home/ubuntu/Scrivania/ubuntu/IdeaProjects/smells-automated/ist-generation-scripts/lib/choco/choco-solver-2_1_2.jar
7f2df2bf5000-7f2df2bf7000 r--s 00009000 08:05 18382190                   /home/ubuntu/Scrivania/ubuntu/IdeaProjects/smells-automated/ist-generation-scripts/lib/hamcrest-core-1.3.jar
7f2df2bf7000-7f2df2bfe000 r--s 0005e000 08:05 18768564                   /home/ubuntu/Scrivania/ubuntu/IdeaProjects/smells-automated/ist-generation-scripts/lib/commonsLang/commons-lang3-3.3.2.jar
7f2df2bfe000-7f2df2c01000 r--s 0001d000 08:05 18372029                   /home/ubuntu/Scrivania/ubuntu/IdeaProjects/smells-automated/ist-generation-scripts/lib/reflections/reflections-0.9.10.jar
7f2df2c01000-7f2df2c0b000 r--s 000ae000 08:05 18500813                   /home/ubuntu/Scrivania/ubuntu/IdeaProjects/smells-automated/ist-generation-scripts/lib/reflections/lib/javassist-3.20.GA/javassist-3.20.0-GA.jar
7f2df2c0b000-7f2df2c0d000 r--s 00008000 08:05 18500807                   /home/ubuntu/Scrivania/ubuntu/IdeaProjects/smells-automated/ist-generation-scripts/lib/reflections/lib/annotations-3.0.1u2.jar
7f2df2c0d000-7f2df2c12000 r--s 00034000 08:05 18500809                   /home/ubuntu/Scrivania/ubuntu/IdeaProjects/smells-automated/ist-generation-scripts/lib/reflections/lib/gson-2.5.jar
7f2df2c12000-7f2df2c14000 r--s 00007000 08:05 18633452                   /home/ubuntu/Scrivania/ubuntu/IdeaProjects/smells-automated/ist-generation-scripts/lib/reflections/lib/slf4j-1.7.5/slf4j-api-1.7.13.jar
7f2df2c14000-7f2df2c15000 r--s 00002000 08:05 18633451                   /home/ubuntu/Scrivania/ubuntu/IdeaProjects/smells-automated/ist-generation-scripts/lib/reflections/lib/slf4j-1.7.5/slf4j-simple-1.7.13.jar
7f2df2c15000-7f2df2c41000 r--s 00208000 08:05 18500810                   /home/ubuntu/Scrivania/ubuntu/IdeaProjects/smells-automated/ist-generation-scripts/lib/reflections/lib/guava-19.0.jar
7f2df2c41000-7f2df2c50000 r--s 0043f000 08:05 18893919                   /home/ubuntu/Scrivania/ubuntu/IdeaProjects/smells-automated/ist-generation-scripts/lib/ecj/ECJ-modified.jar
7f2df2c50000-7f2df2c53000 r--s 0001a000 08:05 18382198                   /home/ubuntu/Scrivania/ubuntu/IdeaProjects/smells-automated/ist-generation-scripts/lib/xmlpull-xpp3-1.1.4c.jar
7f2df2c53000-7f2df2c5e000 r--s 000aa000 08:05 18382194                   /home/ubuntu/Scrivania/ubuntu/IdeaProjects/smells-automated/ist-generation-scripts/lib/pitest-ant-1.4.3.jar
7f2df2c5e000-7f2df2c67000 r--s 0006f000 08:05 18382192                   /home/ubuntu/Scrivania/ubuntu/IdeaProjects/smells-automated/ist-generation-scripts/lib/log4j-1.2.17.jar
7f2df2c67000-7f2df2c6d000 r--s 00030000 08:05 18768568                   /home/ubuntu/Scrivania/ubuntu/IdeaProjects/smells-automated/ist-generation-scripts/lib/junit/junit.jar
7f2df2c6d000-7f2df2e21000 r--s 012de000 08:05 18382189                   /home/ubuntu/Scrivania/ubuntu/IdeaProjects/smells-automated/ist-generation-scripts/lib/evosuite-standalone-runtime-1.0.6.jar
7f2df2e21000-7f2df2e22000 ---p 00000000 00:00 0 
7f2df2e22000-7f2df2f22000 rw-p 00000000 00:00 0 
7f2df2f22000-7f2df2f25000 ---p 00000000 00:00 0 
7f2df2f25000-7f2df3023000 rw-p 00000000 00:00 0 
7f2df3023000-7f2df3024000 ---p 00000000 00:00 0 
7f2df3024000-7f2df3027000 ---p 00000000 00:00 0 
7f2df3027000-7f2df3124000 rw-p 00000000 00:00 0 
7f2df3124000-7f2df3125000 ---p 00000000 00:00 0 
7f2df3125000-7f2df3128000 ---p 00000000 00:00 0 
7f2df3128000-7f2df3225000 rw-p 00000000 00:00 0 
7f2df3225000-7f2df4000000 r--p 00000000 08:05 19405455                   /usr/lib/locale/locale-archive
7f2df4000000-7f2df4021000 rw-p 00000000 00:00 0 
7f2df4021000-7f2df8000000 ---p 00000000 00:00 0 
7f2df8000000-7f2df8002000 r--s 00005000 08:05 18382196                   /home/ubuntu/Scrivania/ubuntu/IdeaProjects/smells-automated/ist-generation-scripts/lib/slf4j-api-1.7.5.jar
7f2df8002000-7f2df8003000 r--s 00006000 08:05 18768567                   /home/ubuntu/Scrivania/ubuntu/IdeaProjects/smells-automated/ist-generation-scripts/lib/junit/hamcrest.jar
7f2df8003000-7f2df8008000 r--s 00038000 08:05 18768571                   /home/ubuntu/Scrivania/ubuntu/IdeaProjects/smells-automated/ist-generation-scripts/lib/eclipse/org.eclipse.text_3.5.300.v20130515-1451.jar
7f2df8008000-7f2df801c000 r--s 00121000 08:05 18768576                   /home/ubuntu/Scrivania/ubuntu/IdeaProjects/smells-automated/ist-generation-scripts/lib/eclipse/org.eclipse.osgi_3.10.2.v20150203-1939.jar
7f2df801c000-7f2df804a000 r--s 00524000 08:05 18768584                   /home/ubuntu/Scrivania/ubuntu/IdeaProjects/smells-automated/ist-generation-scripts/lib/eclipse/org.eclipse.jdt.core_3.10.2.v20150120-1634.jar
7f2df804a000-7f2df80e1000 r--s 00964000 08:05 18768586                   /home/ubuntu/Scrivania/ubuntu/IdeaProjects/smells-automated/ist-generation-scripts/lib/eclipse/org.eclipse.jdt.ui_3.10.2.v20141014-1419.jar
7f2df80e1000-7f2df80e2000 ---p 00000000 00:00 0 
7f2df80e2000-7f2df80e5000 ---p 00000000 00:00 0 
7f2df80e5000-7f2df81e2000 rw-p 00000000 00:00 0 
7f2df81e2000-7f2df81e3000 ---p 00000000 00:00 0 
7f2df81e3000-7f2df81e6000 ---p 00000000 00:00 0 
7f2df81e6000-7f2df82e3000 rw-p 00000000 00:00 0 
7f2df82e3000-7f2df82e6000 ---p 00000000 00:00 0 
7f2df82e6000-7f2df83e4000 rw-p 00000000 00:00 0 
7f2df83e4000-7f2df83e7000 ---p 00000000 00:00 0 
7f2df83e7000-7f2df84e5000 rw-p 00000000 00:00 0 
7f2df84e5000-7f2df84e8000 ---p 00000000 00:00 0 
7f2df84e8000-7f2df85e6000 rw-p 00000000 00:00 0 
7f2df85e6000-7f2df85e7000 ---p 00000000 00:00 0 
7f2df85e7000-7f2dfc000000 rw-p 00000000 00:00 0 
7f2dfc000000-7f2dfc021000 rw-p 00000000 00:00 0 
7f2dfc021000-7f2e00000000 ---p 00000000 00:00 0 
7f2e00000000-7f2e00002000 r--s 00015000 08:05 18768577                   /home/ubuntu/Scrivania/ubuntu/IdeaProjects/smells-automated/ist-generation-scripts/lib/eclipse/org.eclipse.core.runtime.compatibility_3.2.200.v20140128-0851.jar
7f2e00002000-7f2e00017000 r--s 00107000 08:05 18768585                   /home/ubuntu/Scrivania/ubuntu/IdeaProjects/smells-automated/ist-generation-scripts/lib/eclipse/org.eclipse.jface_3.10.2.v20141021-1035.jar
7f2e00017000-7f2e00019000 r--s 00015000 08:05 18768580                   /home/ubuntu/Scrivania/ubuntu/IdeaProjects/smells-automated/ist-generation-scripts/lib/eclipse/org.eclipse.core.contenttype_3.4.200.v20140207-1251.jar
7f2e00019000-7f2e0001d000 r--s 0001c000 08:05 18768573                   /home/ubuntu/Scrivania/ubuntu/IdeaProjects/smells-automated/ist-generation-scripts/lib/eclipse/org.eclipse.equinox.preferences_3.5.200.v20140224-1527.jar
7f2e0001d000-7f2e0001f000 r--s 00016000 08:05 18768579                   /home/ubuntu/Scrivania/ubuntu/IdeaProjects/smells-automated/ist-generation-scripts/lib/eclipse/org.eclipse.core.jobs_3.6.1.v20141014-1248.jar
7f2e0001f000-7f2e00022000 r--s 0001a000 08:05 19798173                   /usr/lib/jvm/java-8-oracle/jre/lib/jce.jar
7f2e00022000-7f2e00027000 r--s 000a0000 08:05 19798166                   /usr/lib/jvm/java-8-oracle/jre/lib/jsse.jar
7f2e00027000-7f2e0002a000 r--s 00018000 08:05 18768574                   /home/ubuntu/Scrivania/ubuntu/IdeaProjects/smells-automated/ist-generation-scripts/lib/eclipse/org.eclipse.equinox.common_3.6.200.v20130402-1505.jar
7f2e0002a000-7f2e0002d000 r--s 00025000 08:05 18768570                   /home/ubuntu/Scrivania/ubuntu/IdeaProjects/smells-automated/ist-generation-scripts/lib/eclipse/org.eclipse.jdt.compiler.apt_1.1.0.v20150122-0735.jar
7f2e0002d000-7f2e00038000 r--s 000c1000 08:05 18768583                   /home/ubuntu/Scrivania/ubuntu/IdeaProjects/smells-automated/ist-generation-scripts/lib/eclipse/org.eclipse.core.resources_3.9.1.v20140825-1431.jar
7f2e00038000-7f2e0003a000 r--s 0000d000 08:05 18768572                   /home/ubuntu/Scrivania/ubuntu/IdeaProjects/smells-automated/ist-generation-scripts/lib/eclipse/org.eclipse.jdt.compiler.tool_1.0.300.v20150114-1827.jar
7f2e0003a000-7f2e00052000 r--s 00214000 08:05 18768581                   /home/ubuntu/Scrivania/ubuntu/IdeaProjects/smells-automated/ist-generation-scripts/lib/eclipse/org.eclipse.swt.cocoa.macosx.x86_64_3.103.2.v20150203-1351.jar
7f2e00052000-7f2e00054000 r--s 00011000 08:05 18768575                   /home/ubuntu/Scrivania/ubuntu/IdeaProjects/smells-automated/ist-generation-scripts/lib/eclipse/org.eclipse.core.runtime_3.10.0.v20140318-2214.jar
7f2e00054000-7f2e00068000 r--s 000e1000 08:05 18768582                   /home/ubuntu/Scrivania/ubuntu/IdeaProjects/smells-automated/ist-generation-scripts/lib/eclipse/org.eclipse.jface.text_3.9.2.v20141003-1326.jar
7f2e00068000-7f2e0006e000 r--s 00036000 08:05 18382191                   /home/ubuntu/Scrivania/ubuntu/IdeaProjects/smells-automated/ist-generation-scripts/lib/junit-4.11.jar
7f2e0006e000-7f2e00070000 r--s 00001000 08:05 18382197                   /home/ubuntu/Scrivania/ubuntu/IdeaProjects/smells-automated/ist-generation-scripts/lib/slf4j-log4j12-1.7.5.jar
7f2e00070000-7f2e000a9000 rw-p 00000000 00:00 0 
7f2e000a9000-7f2e000ad000 r--s 00046000 08:05 17713284                   /home/ubuntu/Scrivania/ubuntu/IdeaProjects/smells-automated/ist-generation-scripts/JTExpert-1.4.jar
7f2e000ad000-7f2e002af000 rw-p 00000000 00:00 0 
7f2e002af000-7f2e00489000 r--s 03d6c000 08:05 19798158                   /usr/lib/jvm/java-8-oracle/jre/lib/rt.jar
7f2e00489000-7f2e00eff000 rw-p 00000000 00:00 0 
7f2e00eff000-7f2e00f00000 ---p 00000000 00:00 0 
7f2e00f00000-7f2e01000000 rw-p 00000000 00:00 0 
7f2e01000000-7f2e020b0000 rwxp 00000000 00:00 0 
7f2e020b0000-7f2e10000000 ---p 00000000 00:00 0 
7f2e10000000-7f2e10f33000 rw-p 00000000 00:00 0 
7f2e10f33000-7f2e14000000 ---p 00000000 00:00 0 
7f2e14000000-7f2e140be000 rw-p 00000000 00:00 0 
7f2e140be000-7f2e140bf000 ---p 00000000 00:00 0 
7f2e140bf000-7f2e141bf000 rw-p 00000000 00:00 0 
7f2e141bf000-7f2e141c0000 ---p 00000000 00:00 0 
7f2e141c0000-7f2e142c0000 rw-p 00000000 00:00 0 
7f2e142c0000-7f2e142c1000 ---p 00000000 00:00 0 
7f2e142c1000-7f2e143c1000 rw-p 00000000 00:00 0 
7f2e143c1000-7f2e143c2000 ---p 00000000 00:00 0 
7f2e143c2000-7f2e144c2000 rw-p 00000000 00:00 0 
7f2e144c2000-7f2e144c3000 ---p 00000000 00:00 0 
7f2e144c3000-7f2e145c3000 rw-p 00000000 00:00 0 
7f2e145c3000-7f2e145c4000 ---p 00000000 00:00 0 
7f2e145c4000-7f2e146c4000 rw-p 00000000 00:00 0 
7f2e146c4000-7f2e146c5000 ---p 00000000 00:00 0 
7f2e146c5000-7f2e14b5f000 rw-p 00000000 00:00 0 
7f2e14b5f000-7f2e14edc000 ---p 00000000 00:00 0 
7f2e14edc000-7f2e14ef6000 r-xp 00000000 08:05 20066797                   /usr/lib/jvm/java-8-oracle/jre/lib/amd64/libzip.so
7f2e14ef6000-7f2e150f6000 ---p 0001a000 08:05 20066797                   /usr/lib/jvm/java-8-oracle/jre/lib/amd64/libzip.so
7f2e150f6000-7f2e150f7000 r--p 0001a000 08:05 20066797                   /usr/lib/jvm/java-8-oracle/jre/lib/amd64/libzip.so
7f2e150f7000-7f2e150f8000 rw-p 0001b000 08:05 20066797                   /usr/lib/jvm/java-8-oracle/jre/lib/amd64/libzip.so
7f2e150f8000-7f2e15100000 rw-s 00000000 08:05 6323665                    /tmp/hsperfdata_ubuntu/15366
7f2e15100000-7f2e1512d000 r-xp 00000000 08:05 20066791                   /usr/lib/jvm/java-8-oracle/jre/lib/amd64/libjava.so
7f2e1512d000-7f2e1532c000 ---p 0002d000 08:05 20066791                   /usr/lib/jvm/java-8-oracle/jre/lib/amd64/libjava.so
7f2e1532c000-7f2e1532d000 r--p 0002c000 08:05 20066791                   /usr/lib/jvm/java-8-oracle/jre/lib/amd64/libjava.so
7f2e1532d000-7f2e1532f000 rw-p 0002d000 08:05 20066791                   /usr/lib/jvm/java-8-oracle/jre/lib/amd64/libjava.so
7f2e1532f000-7f2e1533c000 r-xp 00000000 08:05 20066796                   /usr/lib/jvm/java-8-oracle/jre/lib/amd64/libverify.so
7f2e1533c000-7f2e1553b000 ---p 0000d000 08:05 20066796                   /usr/lib/jvm/java-8-oracle/jre/lib/amd64/libverify.so
7f2e1553b000-7f2e1553d000 r--p 0000c000 08:05 20066796                   /usr/lib/jvm/java-8-oracle/jre/lib/amd64/libverify.so
7f2e1553d000-7f2e1553e000 rw-p 0000e000 08:05 20066796                   /usr/lib/jvm/java-8-oracle/jre/lib/amd64/libverify.so
7f2e1553e000-7f2e15540000 r--p 00000000 08:05 6034375                    /lib/x86_64-linux-gnu/librt-2.28.so
7f2e15540000-7f2e15544000 r-xp 00002000 08:05 6034375                    /lib/x86_64-linux-gnu/librt-2.28.so
7f2e15544000-7f2e15546000 r--p 00006000 08:05 6034375                    /lib/x86_64-linux-gnu/librt-2.28.so
7f2e15546000-7f2e15547000 r--p 00007000 08:05 6034375                    /lib/x86_64-linux-gnu/librt-2.28.so
7f2e15547000-7f2e15548000 rw-p 00008000 08:05 6034375                    /lib/x86_64-linux-gnu/librt-2.28.so
7f2e15548000-7f2e15549000 ---p 00000000 00:00 0 
7f2e15549000-7f2e1554c000 ---p 00000000 00:00 0 
7f2e1554c000-7f2e15649000 rw-p 00000000 00:00 0 
7f2e15649000-7f2e15656000 r--p 00000000 08:05 6034298                    /lib/x86_64-linux-gnu/libm-2.28.so
7f2e15656000-7f2e15701000 r-xp 0000d000 08:05 6034298                    /lib/x86_64-linux-gnu/libm-2.28.so
7f2e15701000-7f2e157d4000 r--p 000b8000 08:05 6034298                    /lib/x86_64-linux-gnu/libm-2.28.so
7f2e157d4000-7f2e157d5000 r--p 0018a000 08:05 6034298                    /lib/x86_64-linux-gnu/libm-2.28.so
7f2e157d5000-7f2e157d6000 rw-p 0018b000 08:05 6034298                    /lib/x86_64-linux-gnu/libm-2.28.so
7f2e157d6000-7f2e164b8000 r-xp 00000000 08:05 20066747                   /usr/lib/jvm/java-8-oracle/jre/lib/amd64/server/libjvm.so
7f2e164b8000-7f2e166b8000 ---p 00ce2000 08:05 20066747                   /usr/lib/jvm/java-8-oracle/jre/lib/amd64/server/libjvm.so
7f2e166b8000-7f2e1674e000 r--p 00ce2000 08:05 20066747                   /usr/lib/jvm/java-8-oracle/jre/lib/amd64/server/libjvm.so
7f2e1674e000-7f2e1677f000 rw-p 00d78000 08:05 20066747                   /usr/lib/jvm/java-8-oracle/jre/lib/amd64/server/libjvm.so
7f2e1677f000-7f2e167bc000 rw-p 00000000 00:00 0 
7f2e167bc000-7f2e167de000 r--p 00000000 08:05 6034237                    /lib/x86_64-linux-gnu/libc-2.28.so
7f2e167de000-7f2e1694f000 r-xp 00022000 08:05 6034237                    /lib/x86_64-linux-gnu/libc-2.28.so
7f2e1694f000-7f2e1699b000 r--p 00193000 08:05 6034237                    /lib/x86_64-linux-gnu/libc-2.28.so
7f2e1699b000-7f2e1699c000 ---p 001df000 08:05 6034237                    /lib/x86_64-linux-gnu/libc-2.28.so
7f2e1699c000-7f2e169a0000 r--p 001df000 08:05 6034237                    /lib/x86_64-linux-gnu/libc-2.28.so
7f2e169a0000-7f2e169a2000 rw-p 001e3000 08:05 6034237                    /lib/x86_64-linux-gnu/libc-2.28.so
7f2e169a2000-7f2e169a6000 rw-p 00000000 00:00 0 
7f2e169a6000-7f2e169a7000 r--p 00000000 08:05 6034258                    /lib/x86_64-linux-gnu/libdl-2.28.so
7f2e169a7000-7f2e169a9000 r-xp 00001000 08:05 6034258                    /lib/x86_64-linux-gnu/libdl-2.28.so
7f2e169a9000-7f2e169aa000 r--p 00003000 08:05 6034258                    /lib/x86_64-linux-gnu/libdl-2.28.so
7f2e169aa000-7f2e169ab000 r--p 00003000 08:05 6034258                    /lib/x86_64-linux-gnu/libdl-2.28.so
7f2e169ab000-7f2e169ac000 rw-p 00004000 08:05 6034258                    /lib/x86_64-linux-gnu/libdl-2.28.so
7f2e169ac000-7f2e169c3000 r-xp 00000000 08:05 20066742                   /usr/lib/jvm/java-8-oracle/jre/lib/amd64/jli/libjli.so
7f2e169c3000-7f2e16bc2000 ---p 00017000 08:05 20066742                   /usr/lib/jvm/java-8-oracle/jre/lib/amd64/jli/libjli.so
7f2e16bc2000-7f2e16bc3000 r--p 00016000 08:05 20066742                   /usr/lib/jvm/java-8-oracle/jre/lib/amd64/jli/libjli.so
7f2e16bc3000-7f2e16bc4000 rw-p 00017000 08:05 20066742                   /usr/lib/jvm/java-8-oracle/jre/lib/amd64/jli/libjli.so
7f2e16bc4000-7f2e16bca000 r--p 00000000 08:05 6034367                    /lib/x86_64-linux-gnu/libpthread-2.28.so
7f2e16bca000-7f2e16bd9000 r-xp 00006000 08:05 6034367                    /lib/x86_64-linux-gnu/libpthread-2.28.so
7f2e16bd9000-7f2e16bdf000 r--p 00015000 08:05 6034367                    /lib/x86_64-linux-gnu/libpthread-2.28.so
7f2e16bdf000-7f2e16be0000 r--p 0001a000 08:05 6034367                    /lib/x86_64-linux-gnu/libpthread-2.28.so
7f2e16be0000-7f2e16be1000 rw-p 0001b000 08:05 6034367                    /lib/x86_64-linux-gnu/libpthread-2.28.so
7f2e16be1000-7f2e16be7000 rw-p 00000000 00:00 0 
7f2e16be7000-7f2e16bea000 r--p 00000000 08:05 6034325                    /lib/x86_64-linux-gnu/libnss_files-2.28.so
7f2e16bea000-7f2e16bf1000 r-xp 00003000 08:05 6034325                    /lib/x86_64-linux-gnu/libnss_files-2.28.so
7f2e16bf1000-7f2e16bf4000 r--p 0000a000 08:05 6034325                    /lib/x86_64-linux-gnu/libnss_files-2.28.so
7f2e16bf4000-7f2e16bf5000 r--p 0000c000 08:05 6034325                    /lib/x86_64-linux-gnu/libnss_files-2.28.so
7f2e16bf5000-7f2e16bf6000 rw-p 0000d000 08:05 6034325                    /lib/x86_64-linux-gnu/libnss_files-2.28.so
7f2e16bf6000-7f2e16bfd000 rw-p 00000000 00:00 0 
7f2e16bfd000-7f2e16bfe000 r--p 00000000 00:00 0 
7f2e16bfe000-7f2e16bff000 r--p 00000000 08:05 6034211                    /lib/x86_64-linux-gnu/ld-2.28.so
7f2e16bff000-7f2e16c1f000 r-xp 00001000 08:05 6034211                    /lib/x86_64-linux-gnu/ld-2.28.so
7f2e16c1f000-7f2e16c27000 r--p 00021000 08:05 6034211                    /lib/x86_64-linux-gnu/ld-2.28.so
7f2e16c27000-7f2e16c28000 r--p 00028000 08:05 6034211                    /lib/x86_64-linux-gnu/ld-2.28.so
7f2e16c28000-7f2e16c29000 rw-p 00029000 08:05 6034211                    /lib/x86_64-linux-gnu/ld-2.28.so
7f2e16c29000-7f2e16c2a000 rw-p 00000000 00:00 0 
7ffcf1eac000-7ffcf1ecf000 rw-p 00000000 00:00 0                          [stack]
7ffcf1eeb000-7ffcf1eee000 r--p 00000000 00:00 0                          [vvar]
7ffcf1eee000-7ffcf1ef0000 r-xp 00000000 00:00 0                          [vdso]
ffffffffff600000-ffffffffff601000 r-xp 00000000 00:00 0                  [vsyscall]

VM Arguments:
jvm_args: -Xms1G -Xmx1G 
java_command: /home/ubuntu/Scrivania/ubuntu/IdeaProjects/smells-automated/ist-generation-scripts/JTExpert-1.4.jar -Dsun.lang.ClassLoader.allowArraySyntax=true -cp /home/ubuntu/Scrivania/ubuntu/IdeaProjects/smells-automated/ist-generation-scripts/projects/chart-26/build:/home/ubuntu/Scrivania/ubuntu/IdeaProjects/smells-automated/ist-generation-scripts/projects/chart-26/lib/evosuite-standalone-runtime-1.0.6.jar:/home/ubuntu/Scrivania/ubuntu/IdeaProjects/smells-automated/ist-generation-scripts/projects/chart-26/lib/slf4j-log4j12-1.7.5.jar:/home/ubuntu/Scrivania/ubuntu/IdeaProjects/smells-automated/ist-generation-scripts/projects/chart-26/lib/log4j-1.2.17.jar:/home/ubuntu/Scrivania/ubuntu/IdeaProjects/smells-automated/ist-generation-scripts/projects/chart-26/lib/slf4j-api-1.7.5.jar:/home/ubuntu/Scrivania/ubuntu/IdeaProjects/smells-automated/ist-generation-scripts/projects/chart-26/lib/servlet.jar:/home/ubuntu/Scrivania/ubuntu/IdeaProjects/smells-automated/ist-generation-scripts/projects/chart-26/lib/pitest-ant-1.4.3.jar:/home/ubuntu/Scrivania/ubuntu/IdeaProjects/smells-automated/ist-generation-scripts/projects/chart-26/lib/xmlpull-xpp3-1.1.4c.jar:/home/ubuntu/Scrivania/ubuntu/IdeaProjects/smells-automated/ist-generation-scripts/projects/chart-26/lib/itext-2.0.2.jar:/home/ubuntu/Scrivania/ubuntu/IdeaProjects/smells-automated/ist-generation-scripts/projects/chart-26/lib/xstream-1.4.11.1.jar:/home/ubuntu/Scrivania/ubuntu/IdeaProjects/smells-automated/ist-generation-scripts/projects/chart-26/lib/pitest-1.4.3.jar:/home/ubuntu/Scrivania/ubuntu/IdeaProjects/smells-automated/ist-generation-scripts/projects/chart-26/lib/pitest-entry-1.4.3.jar:/home/ubuntu/Scrivania/ubuntu/IdeaProjects/smells-automated/ist-generation-scripts/lib/evosuite-standalone-runtime-1.0.6.jar:/home/ubuntu/Scrivania/ubuntu/IdeaProjects/smells-automated/ist-generation-scripts/lib/slf4j-log4j12-1.7.5.jar:/home/ubuntu/Scrivania/ubuntu/IdeaProjects/smells-automated/ist-generation-scripts/lib/junit-4.11.jar:/h
java_class_path (initial): /home/ubuntu/Scrivania/ubuntu/IdeaProjects/smells-automated/ist-generation-scripts/JTExpert-1.4.jar
Launcher Type: SUN_STANDARD

Environment Variables:
JAVA_HOME=/usr/lib/jvm/java-8-oracle/jre
JRE_HOME=/usr/local/java/jdk1.7.0_80
PATH=/usr/local/sbin:/usr/local/bin:/usr/sbin:/usr/bin:/sbin:/bin:/usr/games:/usr/local/games:/snap/bin:/usr/lib/jvm/java-8-oracle/bin:/usr/lib/jvm/java-8-oracle/db/bin:/usr/lib/jvm/java-8-oracle/jre/bin:/usr/local/java/jdk1.7.0_80/bin:/usr/local/java/jdk1.7.0_80/bin:/usr/lib/jvm/java-8-oracle/bin:/usr/lib/jvm/java-8-oracle/db/bin:/usr/lib/jvm/java-8-oracle/jre/bin:/usr/local/java/jdk1.7.0_80/bin:/usr/local/java/jdk1.7.0_80/bin:/usr/lib/jvm/java-8-oracle/jre:/usr/lib/jvm/java-8-oracle/jre
USERNAME=ubuntu
SHELL=/bin/bash
DISPLAY=:0

Signal Handlers:
SIGSEGV: [libjvm.so+0xaced60], sa_mask[0]=11111111011111111101111111111110, sa_flags=SA_RESTART|SA_SIGINFO
SIGBUS: [libjvm.so+0xaced60], sa_mask[0]=11111111011111111101111111111110, sa_flags=SA_RESTART|SA_SIGINFO
SIGFPE: [libjvm.so+0x907ca0], sa_mask[0]=11111111011111111101111111111110, sa_flags=SA_RESTART|SA_SIGINFO
SIGPIPE: [libjvm.so+0x907ca0], sa_mask[0]=11111111011111111101111111111110, sa_flags=SA_RESTART|SA_SIGINFO
SIGXFSZ: [libjvm.so+0x907ca0], sa_mask[0]=11111111011111111101111111111110, sa_flags=SA_RESTART|SA_SIGINFO
SIGILL: [libjvm.so+0x907ca0], sa_mask[0]=11111111011111111101111111111110, sa_flags=SA_RESTART|SA_SIGINFO
SIGUSR1: SIG_DFL, sa_mask[0]=00000000000000000000000000000000, sa_flags=none
SIGUSR2: [libjvm.so+0x907b70], sa_mask[0]=00100000000000000000000000000000, sa_flags=SA_RESTART|SA_SIGINFO
SIGHUP: [libjvm.so+0x908190], sa_mask[0]=11111111011111111101111111111110, sa_flags=SA_RESTART|SA_SIGINFO
SIGINT: [libjvm.so+0x908190], sa_mask[0]=11111111011111111101111111111110, sa_flags=SA_RESTART|SA_SIGINFO
SIGTERM: [libjvm.so+0x908190], sa_mask[0]=11111111011111111101111111111110, sa_flags=SA_RESTART|SA_SIGINFO
SIGQUIT: [libjvm.so+0x908190], sa_mask[0]=11111111011111111101111111111110, sa_flags=SA_RESTART|SA_SIGINFO


---------------  S Y S T E M  ---------------

OS:DISTRIB_ID=Ubuntu
DISTRIB_RELEASE=18.10
DISTRIB_CODENAME=cosmic
DISTRIB_DESCRIPTION="Ubuntu 18.10"

uname:Linux 4.18.0-12-generic #13-Ubuntu SMP Wed Nov 14 15:17:05 UTC 2018 x86_64
libc:glibc 2.28 NPTL 2.28 
rlimit: STACK 8192k, CORE 0k, NPROC 63651, NOFILE 1048576, AS infinity
load average:5.46 3.90 2.71

/proc/meminfo:
MemTotal:       16339712 kB
MemFree:         1833488 kB
MemAvailable:    2786744 kB
Buffers:          253876 kB
Cached:          1768652 kB
SwapCached:       113384 kB
Active:         11568272 kB
Inactive:        2271144 kB
Active(anon):   11000328 kB
Inactive(anon):  1785416 kB
Active(file):     567944 kB
Inactive(file):   485728 kB
Unevictable:          32 kB
Mlocked:              32 kB
SwapTotal:       2097148 kB
SwapFree:        1591708 kB
Dirty:              1656 kB
Writeback:             0 kB
AnonPages:      11799720 kB
Mapped:          1067272 kB
Shmem:            968836 kB
Slab:             432072 kB
SReclaimable:     239576 kB
SUnreclaim:       192496 kB
KernelStack:       24760 kB
PageTables:        77344 kB
NFS_Unstable:          0 kB
Bounce:                0 kB
WritebackTmp:          0 kB
CommitLimit:    10267004 kB
Committed_AS:   24319032 kB
VmallocTotal:   34359738367 kB
VmallocUsed:           0 kB
VmallocChunk:          0 kB
HardwareCorrupted:     0 kB
AnonHugePages:         0 kB
ShmemHugePages:        0 kB
ShmemPmdMapped:        0 kB
CmaTotal:              0 kB
CmaFree:               0 kB
HugePages_Total:       0
HugePages_Free:        0
HugePages_Rsvd:        0
HugePages_Surp:        0
Hugepagesize:       2048 kB
Hugetlb:               0 kB
DirectMap4k:      948800 kB
DirectMap2M:    15742976 kB
DirectMap1G:     1048576 kB

container (cgroup) information:
container_type: cgroupv1
cpu_cpuset_cpus: 0-7
cpu_memory_nodes: 0
active_processor_count: 8
cpu_quota: -1
cpu_period: 100000
cpu_shares: -1
memory_limit_in_bytes: -1
memory_and_swap_limit_in_bytes: -2
memory_soft_limit_in_bytes: -1
memory_usage_in_bytes: 13014286336
memory_max_usage_in_bytes: 14735691776


CPU:total 8 (initial active 8) (4 cores per cpu, 2 threads per core) family 6 model 60 stepping 3, cmov, cx8, fxsr, mmx, sse, sse2, sse3, ssse3, sse4.1, sse4.2, popcnt, avx, avx2, aes, clmul, erms, lzcnt, ht, tsc, tscinvbit, bmi1, bmi2

/proc/cpuinfo:
processor	: 0
vendor_id	: GenuineIntel
cpu family	: 6
model		: 60
model name	: Intel(R) Core(TM) i7-4710HQ CPU @ 2.50GHz
stepping	: 3
microcode	: 0x25
cpu MHz		: 2095.087
cache size	: 6144 KB
physical id	: 0
siblings	: 8
core id		: 0
cpu cores	: 4
apicid		: 0
initial apicid	: 0
fpu		: yes
fpu_exception	: yes
cpuid level	: 13
wp		: yes
flags		: fpu vme de pse tsc msr pae mce cx8 apic sep mtrr pge mca cmov pat pse36 clflush dts acpi mmx fxsr sse sse2 ss ht tm pbe syscall nx pdpe1gb rdtscp lm constant_tsc arch_perfmon pebs bts rep_good nopl xtopology nonstop_tsc cpuid aperfmperf pni pclmulqdq dtes64 monitor ds_cpl vmx est tm2 ssse3 sdbg fma cx16 xtpr pdcm pcid sse4_1 sse4_2 x2apic movbe popcnt tsc_deadline_timer aes xsave avx f16c rdrand lahf_lm abm cpuid_fault epb invpcid_single pti ssbd ibrs ibpb stibp tpr_shadow vnmi flexpriority ept vpid fsgsbase tsc_adjust bmi1 avx2 smep bmi2 erms invpcid xsaveopt dtherm ida arat pln pts flush_l1d
bugs		: cpu_meltdown spectre_v1 spectre_v2 spec_store_bypass l1tf
bogomips	: 4988.30
clflush size	: 64
cache_alignment	: 64
address sizes	: 39 bits physical, 48 bits virtual
power management:

processor	: 1
vendor_id	: GenuineIntel
cpu family	: 6
model		: 60
model name	: Intel(R) Core(TM) i7-4710HQ CPU @ 2.50GHz
stepping	: 3
microcode	: 0x25
cpu MHz		: 2095.090
cache size	: 6144 KB
physical id	: 0
siblings	: 8
core id		: 0
cpu cores	: 4
apicid		: 1
initial apicid	: 1
fpu		: yes
fpu_exception	: yes
cpuid level	: 13
wp		: yes
flags		: fpu vme de pse tsc msr pae mce cx8 apic sep mtrr pge mca cmov pat pse36 clflush dts acpi mmx fxsr sse sse2 ss ht tm pbe syscall nx pdpe1gb rdtscp lm constant_tsc arch_perfmon pebs bts rep_good nopl xtopology nonstop_tsc cpuid aperfmperf pni pclmulqdq dtes64 monitor ds_cpl vmx est tm2 ssse3 sdbg fma cx16 xtpr pdcm pcid sse4_1 sse4_2 x2apic movbe popcnt tsc_deadline_timer aes xsave avx f16c rdrand lahf_lm abm cpuid_fault epb invpcid_single pti ssbd ibrs ibpb stibp tpr_shadow vnmi flexpriority ept vpid fsgsbase tsc_adjust bmi1 avx2 smep bmi2 erms invpcid xsaveopt dtherm ida arat pln pts flush_l1d
bugs		: cpu_meltdown spectre_v1 spectre_v2 spec_store_bypass l1tf
bogomips	: 4988.30
clflush size	: 64
cache_alignment	: 64
address sizes	: 39 bits physical, 48 bits virtual
power management:

processor	: 2
vendor_id	: GenuineIntel
cpu family	: 6
model		: 60
model name	: Intel(R) Core(TM) i7-4710HQ CPU @ 2.50GHz
stepping	: 3
microcode	: 0x25
cpu MHz		: 2095.117
cache size	: 6144 KB
physical id	: 0
siblings	: 8
core id		: 1
cpu cores	: 4
apicid		: 2
initial apicid	: 2
fpu		: yes
fpu_exception	: yes
cpuid level	: 13
wp		: yes
flags		: fpu vme de pse tsc msr pae mce cx8 apic sep mtrr pge mca cmov pat pse36 clflush dts acpi mmx fxsr sse sse2 ss ht tm pbe syscall nx pdpe1gb rdtscp lm constant_tsc arch_perfmon pebs bts rep_good nopl xtopology nonstop_tsc cpuid aperfmperf pni pclmulqdq dtes64 monitor ds_cpl vmx est tm2 ssse3 sdbg fma cx16 xtpr pdcm pcid sse4_1 sse4_2 x2apic movbe popcnt tsc_deadline_timer aes xsave avx f16c rdrand lahf_lm abm cpuid_fault epb invpcid_single pti ssbd ibrs ibpb stibp tpr_shadow vnmi flexpriority ept vpid fsgsbase tsc_adjust bmi1 avx2 smep bmi2 erms invpcid xsaveopt dtherm ida arat pln pts flush_l1d
bugs		: cpu_meltdown spectre_v1 spectre_v2 spec_store_bypass l1tf
bogomips	: 4988.30
clflush size	: 64
cache_alignment	: 64
address sizes	: 39 bits physical, 48 bits virtual
power management:

processor	: 3
vendor_id	: GenuineIntel
cpu family	: 6
model		: 60
model name	: Intel(R) Core(TM) i7-4710HQ CPU @ 2.50GHz
stepping	: 3
microcode	: 0x25
cpu MHz		: 2095.234
cache size	: 6144 KB
physical id	: 0
siblings	: 8
core id		: 1
cpu cores	: 4
apicid		: 3
initial apicid	: 3
fpu		: yes
fpu_exception	: yes
cpuid level	: 13
wp		: yes
flags		: fpu vme de pse tsc msr pae mce cx8 apic sep mtrr pge mca cmov pat pse36 clflush dts acpi mmx fxsr sse sse2 ss ht tm pbe syscall nx pdpe1gb rdtscp lm constant_tsc arch_perfmon pebs bts rep_good nopl xtopology nonstop_tsc cpuid aperfmperf pni pclmulqdq dtes64 monitor ds_cpl vmx est tm2 ssse3 sdbg fma cx16 xtpr pdcm pcid sse4_1 sse4_2 x2apic movbe popcnt tsc_deadline_timer aes xsave avx f16c rdrand lahf_lm abm cpuid_fault epb invpcid_single pti ssbd ibrs ibpb stibp tpr_shadow vnmi flexpriority ept vpid fsgsbase tsc_adjust bmi1 avx2 smep bmi2 erms invpcid xsaveopt dtherm ida arat pln pts flush_l1d
bugs		: cpu_meltdown spectre_v1 spectre_v2 spec_store_bypass l1tf
bogomips	: 4988.30
clflush size	: 64
cache_alignment	: 64
address sizes	: 39 bits physical, 48 bits virtual
power management:

processor	: 4
vendor_id	: GenuineIntel
cpu family	: 6
model		: 60
model name	: Intel(R) Core(TM) i7-4710HQ CPU @ 2.50GHz
stepping	: 3
microcode	: 0x25
cpu MHz		: 2095.086
cache size	: 6144 KB
physical id	: 0
siblings	: 8
core id		: 2
cpu cores	: 4
apicid		: 4
initial apicid	: 4
fpu		: yes
fpu_exception	: yes
cpuid level	: 13
wp		: yes
flags		: fpu vme de pse tsc msr pae mce cx8 apic sep mtrr pge mca cmov pat pse36 clflush dts acpi mmx fxsr sse sse2 ss ht tm pbe syscall nx pdpe1gb rdtscp lm constant_tsc arch_perfmon pebs bts rep_good nopl xtopology nonstop_tsc cpuid aperfmperf pni pclmulqdq dtes64 monitor ds_cpl vmx est tm2 ssse3 sdbg fma cx16 xtpr pdcm pcid sse4_1 sse4_2 x2apic movbe popcnt tsc_deadline_timer aes xsave avx f16c rdrand lahf_lm abm cpuid_fault epb invpcid_single pti ssbd ibrs ibpb stibp tpr_shadow vnmi flexpriority ept vpid fsgsbase tsc_adjust bmi1 avx2 smep bmi2 erms invpcid xsaveopt dtherm ida arat pln pts flush_l1d
bugs		: cpu_meltdown spectre_v1 spectre_v2 spec_store_bypass l1tf
bogomips	: 4988.30
clflush size	: 64
cache_alignment	: 64
address sizes	: 39 bits physical, 48 bits virtual
power management:

processor	: 5
vendor_id	: GenuineIntel
cpu family	: 6
model		: 60
model name	: Intel(R) Core(TM) i7-4710HQ CPU @ 2.50GHz
stepping	: 3
microcode	: 0x25
cpu MHz		: 2095.070
cache size	: 6144 KB
physical id	: 0
siblings	: 8
core id		: 2
cpu cores	: 4
apicid		: 5
initial apicid	: 5
fpu		: yes
fpu_exception	: yes
cpuid level	: 13
wp		: yes
flags		: fpu vme de pse tsc msr pae mce cx8 apic sep mtrr pge mca cmov pat pse36 clflush dts acpi mmx fxsr sse sse2 ss ht tm pbe syscall nx pdpe1gb rdtscp lm constant_tsc arch_perfmon pebs bts rep_good nopl xtopology nonstop_tsc cpuid aperfmperf pni pclmulqdq dtes64 monitor ds_cpl vmx est tm2 ssse3 sdbg fma cx16 xtpr pdcm pcid sse4_1 sse4_2 x2apic movbe popcnt tsc_deadline_timer aes xsave avx f16c rdrand lahf_lm abm cpuid_fault epb invpcid_single pti ssbd ibrs ibpb stibp tpr_shadow vnmi flexpriority ept vpid fsgsbase tsc_adjust bmi1 avx2 smep bmi2 erms invpcid xsaveopt dtherm ida arat pln pts flush_l1d
bugs		: cpu_meltdown spectre_v1 spectre_v2 spec_store_bypass l1tf
bogomips	: 4988.30
clflush size	: 64
cache_alignment	: 64
address sizes	: 39 bits physical, 48 bits virtual
power management:

processor	: 6
vendor_id	: GenuineIntel
cpu family	: 6
model		: 60
model name	: Intel(R) Core(TM) i7-4710HQ CPU @ 2.50GHz
stepping	: 3
microcode	: 0x25
cpu MHz		: 2095.086
cache size	: 6144 KB
physical id	: 0
siblings	: 8
core id		: 3
cpu cores	: 4
apicid		: 6
initial apicid	: 6
fpu		: yes
fpu_exception	: yes
cpuid level	: 13
wp		: yes
flags		: fpu vme de pse tsc msr pae mce cx8 apic sep mtrr pge mca cmov pat pse36 clflush dts acpi mmx fxsr sse sse2 ss ht tm pbe syscall nx pdpe1gb rdtscp lm constant_tsc arch_perfmon pebs bts rep_good nopl xtopology nonstop_tsc cpuid aperfmperf pni pclmulqdq dtes64 monitor ds_cpl vmx est tm2 ssse3 sdbg fma cx16 xtpr pdcm pcid sse4_1 sse4_2 x2apic movbe popcnt tsc_deadline_timer aes xsave avx f16c rdrand lahf_lm abm cpuid_fault epb invpcid_single pti ssbd ibrs ibpb stibp tpr_shadow vnmi flexpriority ept vpid fsgsbase tsc_adjust bmi1 avx2 smep bmi2 erms invpcid xsaveopt dtherm ida arat pln pts flush_l1d
bugs		: cpu_meltdown spectre_v1 spectre_v2 spec_store_bypass l1tf
bogomips	: 4988.30
clflush size	: 64
cache_alignment	: 64
address sizes	: 39 bits physical, 48 bits virtual
power management:

processor	: 7
vendor_id	: GenuineIntel
cpu family	: 6
model		: 60
model name	: Intel(R) Core(TM) i7-4710HQ CPU @ 2.50GHz
stepping	: 3
microcode	: 0x25
cpu MHz		: 2095.088
cache size	: 6144 KB
physical id	: 0
siblings	: 8
core id		: 3
cpu cores	: 4
apicid		: 7
initial apicid	: 7
fpu		: yes
fpu_exception	: yes
cpuid level	: 13
wp		: yes
flags		: fpu vme de pse tsc msr pae mce cx8 apic sep mtrr pge mca cmov pat pse36 clflush dts acpi mmx fxsr sse sse2 ss ht tm pbe syscall nx pdpe1gb rdtscp lm constant_tsc arch_perfmon pebs bts rep_good nopl xtopology nonstop_tsc cpuid aperfmperf pni pclmulqdq dtes64 monitor ds_cpl vmx est tm2 ssse3 sdbg fma cx16 xtpr pdcm pcid sse4_1 sse4_2 x2apic movbe popcnt tsc_deadline_timer aes xsave avx f16c rdrand lahf_lm abm cpuid_fault epb invpcid_single pti ssbd ibrs ibpb stibp tpr_shadow vnmi flexpriority ept vpid fsgsbase tsc_adjust bmi1 avx2 smep bmi2 erms invpcid xsaveopt dtherm ida arat pln pts flush_l1d
bugs		: cpu_meltdown spectre_v1 spectre_v2 spec_store_bypass l1tf
bogomips	: 4988.30
clflush size	: 64
cache_alignment	: 64
address sizes	: 39 bits physical, 48 bits virtual
power management:



Memory: 4k page, physical 16339712k(1833440k free), swap 2097148k(1591708k free)

vm_info: Java HotSpot(TM) 64-Bit Server VM (25.191-b12) for linux-amd64 JRE (1.8.0_191-b12), built on Oct  6 2018 05:43:09 by "java_re" with gcc 7.3.0

time: Thu Dec  6 13:15:59 2018
elapsed time: 25 seconds (0d 0h 0m 25s)

