#
# A fatal error has been detected by the Java Runtime Environment:
#
#  SIGSEGV (0xb) at pc=0x00007f27069c9f8d, pid=28112, tid=0x00007f2714203700
#
# JRE version: Java(TM) SE Runtime Environment (8.0_191-b12) (build 1.8.0_191-b12)
# Java VM: Java HotSpot(TM) 64-Bit Server VM (25.191-b12 mixed mode linux-amd64 compressed oops)
# Problematic frame:
# C  [libdcpr.so+0x6f8d]  anglesAtan2+0x4d
#
# Failed to write core dump. Core dumps have been disabled. To enable core dumping, try "ulimit -c unlimited" before starting Java again
#
# If you would like to submit a bug report, please visit:
#   http://bugreport.java.com/bugreport/crash.jsp
# The crash happened outside the Java Virtual Machine in native code.
# See problematic frame for where to report the bug.
#

---------------  T H R E A D  ---------------

Current thread (0x00007f27349e3800):  JavaThread "Thread-717" [_thread_in_native, id=28870, stack(0x00007f2714103000,0x00007f2714204000)]

siginfo: si_signo: 11 (SIGSEGV), si_code: 1 (SEGV_MAPERR), si_addr: 0x00007f2606bed160

Registers:
RAX=0x0000000000000800, RBX=0x00007f27141ffe40, RCX=0x00007f2706bed160, RDX=0xffffffff80000000
RSP=0x00007f27141ffcf0, RBP=0x00007f27141ffcf0, RSI=0x00007f26c05bf4b8, RDI=0x00007f26c01fdcb0
R8 =0x000000000000002d, R9 =0x0000000000000005, R10=0x0000000000000040, R11=0x00007f26c049b448
R12=0x00007f26c05bf4b8, R13=0x00007f26c01fdcb0, R14=0x0000000000000018, R15=0x00007f27141ffe20
RIP=0x00007f27069c9f8d, EFLAGS=0x0000000000010202, CSGSFS=0x002b000000000033, ERR=0x0000000000000004
  TRAPNO=0x000000000000000e

Top of Stack: (sp=0x00007f27141ffcf0)
0x00007f27141ffcf0:   00007f27141ffdc0 00007f27069d56df
0x00007f27141ffd00:   656a6f72702f7374 00007f26c0488bd0
0x00007f27141ffd10:   00007f26c0000020 00007f26c0488de0
0x00007f27141ffd20:   0000000000000000 00007f26c049b260
0x00007f27141ffd30:   0000000000000210 00007f273b259e48
0x00007f27141ffd40:   0000000000000210 0000000000000410
0x00007f27141ffd50:   00007f26c0488be0 00007f26c05bf4b8
0x00007f27141ffd60:   00007f27141ffdc0 00007f27069d5521
0x00007f27141ffd70:   0000000000000017 00007f27141ffe00
0x00007f27141ffd80:   00007f27141ffdc0 ffc00000ff800000
0x00007f27141ffd90:   657265646e655265 00007f27141fff10
0x00007f27141ffda0:   00007f26c05bf4b8 00007f26c01fdcb0
0x00007f27141ffdb0:   0000000000000018 00007f27141ffe20
0x00007f27141ffdc0:   00007f27141ffe90 00007f27069d582f
0x00007f27141ffdd0:   00007f27141ffe60 00007f27141ffe40
0x00007f27141ffde0:   00007f27141ffe10 ffc00000ffc00000
0x00007f27141ffdf0:   ffffffff7f800000 00000c00ffffffff
0x00007f27141ffe00:   ffc00000ff800000 ffc0000037800000
0x00007f27141ffe10:   ff80000037c00000 00007f27069d220f
0x00007f27141ffe20:   7f8000007f800000 7f8000007f800000
0x00007f27141ffe30:   7f8000007f800000 7f8000007f800000
0x00007f27141ffe40:   7f8000007f800000 7f8000004285e89e
0x00007f27141ffe50:   7f8000004285e8a0 419c38c94285e8a1
0x00007f27141ffe60:   00007f27141ffea0 00007f27141fffe0
0x00007f27141ffe70:   00007f26c05bf4b8 00007f26c01fdcb0
0x00007f27141ffe80:   0000000000000017 00007f27141ffef0
0x00007f27141ffe90:   00007f27141fff60 00007f27069d582f
0x00007f27141ffea0:   00007f27141fff00 00007f27141fff10
0x00007f27141ffeb0:   00007f2714200580 ffc00000ffc00000
0x00007f27141ffec0:   ffffffff7f800000 00000c00ffffffff
0x00007f27141ffed0:   ffc00000ff800000 ffc0000038000000
0x00007f27141ffee0:   ff80000038200000 00007f2714200650 

Instructions: (pc=0x00007f27069c9f8d)
0x00007f27069c9f6d:   5e c1 48 8d 0d ea 31 22 00 f3 0f 59 05 22 c4 00
0x00007f27069c9f7d:   00 f3 0f 58 05 1e c4 00 00 f3 0f 2c d0 48 63 d2
0x00007f27069c9f8d:   0f bf 14 51 01 d0 5d c3 0f 1f 00 0f 2e d1 73 6b
0x00007f27069c9f9d:   0f 2e d1 0f 87 8a 00 00 00 0f 2e ca 0f 82 a9 00 

Register to memory mapping:

RAX=0x0000000000000800 is an unknown value
RBX=0x00007f27141ffe40 is pointing into the stack for thread: 0x00007f27349e3800
RCX=0x00007f2706bed160: <offset 0x22a160> in /usr/lib/jvm/java-8-oracle/jre/lib/amd64/libdcpr.so at 0x00007f27069c3000
RDX=0xffffffff80000000 is an unknown value
RSP=0x00007f27141ffcf0 is pointing into the stack for thread: 0x00007f27349e3800
RBP=0x00007f27141ffcf0 is pointing into the stack for thread: 0x00007f27349e3800
RSI=0x00007f26c05bf4b8 is an unknown value
RDI=0x00007f26c01fdcb0 is an unknown value
R8 =0x000000000000002d is an unknown value
R9 =0x0000000000000005 is an unknown value
R10=0x0000000000000040 is an unknown value
R11=0x00007f26c049b448 is an unknown value
R12=0x00007f26c05bf4b8 is an unknown value
R13=0x00007f26c01fdcb0 is an unknown value
R14=0x0000000000000018 is an unknown value
R15=0x00007f27141ffe20 is pointing into the stack for thread: 0x00007f27349e3800


Stack: [0x00007f2714103000,0x00007f2714204000],  sp=0x00007f27141ffcf0,  free space=1011k
Native frames: (J=compiled Java code, j=interpreted, Vv=VM code, C=native code)
C  [libdcpr.so+0x6f8d]  anglesAtan2+0x4d
C  [libdcpr.so+0x126df]  processCubic+0x5f
C  [libdcpr.so+0x1282f]  processCubic+0x1af
C  [libdcpr.so+0x1282f]  processCubic+0x1af
C  [libdcpr.so+0x1282f]  processCubic+0x1af
C  [libdcpr.so+0x1282f]  processCubic+0x1af
C  [libdcpr.so+0x1282f]  processCubic+0x1af
C  [libdcpr.so+0x1282f]  processCubic+0x1af
C  [libdcpr.so+0x1282f]  processCubic+0x1af
C  [libdcpr.so+0x1282f]  processCubic+0x1af
C  [libdcpr.so+0x1282f]  processCubic+0x1af
C  [libdcpr.so+0x1282f]  processCubic+0x1af
C  [libdcpr.so+0x1282f]  processCubic+0x1af
C  [libdcpr.so+0x1282f]  processCubic+0x1af
C  [libdcpr.so+0x1282f]  processCubic+0x1af
C  [libdcpr.so+0x1282f]  processCubic+0x1af
C  [libdcpr.so+0x1282f]  processCubic+0x1af
C  [libdcpr.so+0x1282f]  processCubic+0x1af
C  [libdcpr.so+0x1282f]  processCubic+0x1af
C  [libdcpr.so+0x1282f]  processCubic+0x1af
C  [libdcpr.so+0x1282f]  processCubic+0x1af
C  [libdcpr.so+0x1282f]  processCubic+0x1af
C  [libdcpr.so+0x1282f]  processCubic+0x1af
C  [libdcpr.so+0x1282f]  processCubic+0x1af
C  [libdcpr.so+0x1282f]  processCubic+0x1af
C  [libdcpr.so+0x1282f]  processCubic+0x1af
C  [libdcpr.so+0x128dd]  appendCubic+0x9d
C  [libdcpr.so+0x6205]  Java_sun_dc_pr_PathStroker_appendCubic+0x75
j  sun.dc.pr.PathStroker.appendCubic(FFFFFF)V+0
j  sun.dc.DuctusRenderingEngine.feedConsumer(Lsun/dc/path/PathConsumer;Ljava/awt/geom/PathIterator;)V+192
j  sun.dc.DuctusRenderingEngine.createStrokedShape(Ljava/awt/Shape;FIIF[FF)Ljava/awt/Shape;+111
j  java.awt.BasicStroke.createStrokedShape(Ljava/awt/Shape;)Ljava/awt/Shape;+30
v  ~StubRoutines::call_stub
V  [libjvm.so+0x6852db]  JavaCalls::call_helper(JavaValue*, methodHandle*, JavaCallArguments*, Thread*)+0xddb
V  [libjvm.so+0x995a65]  Reflection::invoke(instanceKlassHandle, methodHandle, Handle, bool, objArrayHandle, BasicType, objArrayHandle, bool, Thread*)+0xb65
V  [libjvm.so+0x9973a6]  Reflection::invoke_method(oopDesc*, Handle, objArrayHandle, Thread*)+0x126
V  [libjvm.so+0x6f9fd2]  JVM_InvokeMethod+0x102
J 4831  sun.reflect.NativeMethodAccessorImpl.invoke0(Ljava/lang/reflect/Method;Ljava/lang/Object;[Ljava/lang/Object;)Ljava/lang/Object; (0 bytes) @ 0x00007f2725c4f3ad [0x00007f2725c4f2c0+0xed]
J 6041 C1 sun.reflect.NativeMethodAccessorImpl.invoke(Ljava/lang/Object;[Ljava/lang/Object;)Ljava/lang/Object; (104 bytes) @ 0x00007f2725497a4c [0x00007f27254968c0+0x118c]
J 5651 C1 sun.reflect.DelegatingMethodAccessorImpl.invoke(Ljava/lang/Object;[Ljava/lang/Object;)Ljava/lang/Object; (10 bytes) @ 0x00007f2726046cc4 [0x00007f2726046bc0+0x104]
J 5697 C1 java.lang.reflect.Method.invoke(Ljava/lang/Object;[Ljava/lang/Object;)Ljava/lang/Object; (62 bytes) @ 0x00007f272606108c [0x00007f2726060ca0+0x3ec]
J 5303 C1 csbst.generators.dynamic.MethodGenerator$3.run()Ljava/lang/Object; (125 bytes) @ 0x00007f27251c235c [0x00007f27251c1700+0xc5c]
v  ~StubRoutines::call_stub
V  [libjvm.so+0x6852db]  JavaCalls::call_helper(JavaValue*, methodHandle*, JavaCallArguments*, Thread*)+0xddb
V  [libjvm.so+0x6fd1a4]  JVM_DoPrivileged+0x4f4
J 4618  java.security.AccessController.doPrivileged(Ljava/security/PrivilegedExceptionAction;)Ljava/lang/Object; (0 bytes) @ 0x00007f27257bf3bf [0x00007f27257bf300+0xbf]
J 5128 C1 csbst.generators.dynamic.MethodGenerator.execute(Ljava/lang/Object;Ljava/lang/Class;)V (182 bytes) @ 0x00007f272546b69c [0x00007f272546ac80+0xa1c]
J 6015 C1 csbst.generators.dynamic.MethodGenerator.executeSubSequence()V (46 bytes) @ 0x00007f2725c8f55c [0x00007f2725c8ee60+0x6fc]
J 5128 C1 csbst.generators.dynamic.MethodGenerator.execute(Ljava/lang/Object;Ljava/lang/Class;)V (182 bytes) @ 0x00007f272546be2c [0x00007f272546ac80+0x11ac]
J 5205 C1 csbst.ga.ecj.TestCaseCandidate.executeMethod(Ljava/lang/Object;Lcsbst/generators/dynamic/MethodGenerator;)V (10 bytes) @ 0x00007f27254bd55c [0x00007f27254bd3c0+0x19c]
j  csbst.ga.ecj.TestCaseCandidate.execute()V+241
J 5885 C1 csbst.testing.fitness.TestingFitness.evaluate(Lcsbst/ga/ecj/TestCaseCandidate;)V (53 bytes) @ 0x00007f272519021c [0x00007f2725190060+0x1bc]
J 5916 C1 csbst.heuristic.RandomTesting$3.run()V (51 bytes) @ 0x00007f2726186e24 [0x00007f27261866e0+0x744]
v  ~StubRoutines::call_stub
V  [libjvm.so+0x6852db]  JavaCalls::call_helper(JavaValue*, methodHandle*, JavaCallArguments*, Thread*)+0xddb
V  [libjvm.so+0x682ba3]  JavaCalls::call_virtual(JavaValue*, KlassHandle, Symbol*, Symbol*, JavaCallArguments*, Thread*)+0x263
V  [libjvm.so+0x683167]  JavaCalls::call_virtual(JavaValue*, Handle, KlassHandle, Symbol*, Symbol*, Thread*)+0x47
V  [libjvm.so+0x6ef0ec]  thread_entry(JavaThread*, Thread*)+0x6c
V  [libjvm.so+0xa76f9b]  JavaThread::thread_main_inner()+0xdb
V  [libjvm.so+0xa7722f]  JavaThread::run()+0x25f
V  [libjvm.so+0x909c92]  java_start(Thread*)+0x102
C  [libpthread.so.0+0x8164]  start_thread+0xe4

Java frames: (J=compiled Java code, j=interpreted, Vv=VM code)
j  sun.dc.pr.PathStroker.appendCubic(FFFFFF)V+0
j  sun.dc.DuctusRenderingEngine.feedConsumer(Lsun/dc/path/PathConsumer;Ljava/awt/geom/PathIterator;)V+192
j  sun.dc.DuctusRenderingEngine.createStrokedShape(Ljava/awt/Shape;FIIF[FF)Ljava/awt/Shape;+111
j  java.awt.BasicStroke.createStrokedShape(Ljava/awt/Shape;)Ljava/awt/Shape;+30
v  ~StubRoutines::call_stub
J 4831  sun.reflect.NativeMethodAccessorImpl.invoke0(Ljava/lang/reflect/Method;Ljava/lang/Object;[Ljava/lang/Object;)Ljava/lang/Object; (0 bytes) @ 0x00007f2725c4f337 [0x00007f2725c4f2c0+0x77]
J 6041 C1 sun.reflect.NativeMethodAccessorImpl.invoke(Ljava/lang/Object;[Ljava/lang/Object;)Ljava/lang/Object; (104 bytes) @ 0x00007f2725497a4c [0x00007f27254968c0+0x118c]
J 5651 C1 sun.reflect.DelegatingMethodAccessorImpl.invoke(Ljava/lang/Object;[Ljava/lang/Object;)Ljava/lang/Object; (10 bytes) @ 0x00007f2726046cc4 [0x00007f2726046bc0+0x104]
J 5697 C1 java.lang.reflect.Method.invoke(Ljava/lang/Object;[Ljava/lang/Object;)Ljava/lang/Object; (62 bytes) @ 0x00007f272606108c [0x00007f2726060ca0+0x3ec]
J 5303 C1 csbst.generators.dynamic.MethodGenerator$3.run()Ljava/lang/Object; (125 bytes) @ 0x00007f27251c235c [0x00007f27251c1700+0xc5c]
v  ~StubRoutines::call_stub
J 4618  java.security.AccessController.doPrivileged(Ljava/security/PrivilegedExceptionAction;)Ljava/lang/Object; (0 bytes) @ 0x00007f27257bf34f [0x00007f27257bf300+0x4f]
J 5128 C1 csbst.generators.dynamic.MethodGenerator.execute(Ljava/lang/Object;Ljava/lang/Class;)V (182 bytes) @ 0x00007f272546b69c [0x00007f272546ac80+0xa1c]
J 6015 C1 csbst.generators.dynamic.MethodGenerator.executeSubSequence()V (46 bytes) @ 0x00007f2725c8f55c [0x00007f2725c8ee60+0x6fc]
J 5128 C1 csbst.generators.dynamic.MethodGenerator.execute(Ljava/lang/Object;Ljava/lang/Class;)V (182 bytes) @ 0x00007f272546be2c [0x00007f272546ac80+0x11ac]
J 5205 C1 csbst.ga.ecj.TestCaseCandidate.executeMethod(Ljava/lang/Object;Lcsbst/generators/dynamic/MethodGenerator;)V (10 bytes) @ 0x00007f27254bd55c [0x00007f27254bd3c0+0x19c]
j  csbst.ga.ecj.TestCaseCandidate.execute()V+241
J 5885 C1 csbst.testing.fitness.TestingFitness.evaluate(Lcsbst/ga/ecj/TestCaseCandidate;)V (53 bytes) @ 0x00007f272519021c [0x00007f2725190060+0x1bc]
J 5916 C1 csbst.heuristic.RandomTesting$3.run()V (51 bytes) @ 0x00007f2726186e24 [0x00007f27261866e0+0x744]
v  ~StubRoutines::call_stub

---------------  P R O C E S S  ---------------

Java Threads: ( => current thread )
=>0x00007f27349e3800 JavaThread "Thread-717" [_thread_in_native, id=28870, stack(0x00007f2714103000,0x00007f2714204000)]
  0x00007f26b40a1000 JavaThread "AWT-XAWT" daemon [_thread_in_native, id=28156, stack(0x00007f271480a000,0x00007f271490b000)]
  0x00007f26b4078800 JavaThread "Java2D Disposer" daemon [_thread_blocked, id=28155, stack(0x00007f2714608000,0x00007f2714709000)]
  0x00007f2735188000 JavaThread "Thread-1" [_thread_in_Java, id=28133, stack(0x00007f271490b000,0x00007f2714a0c000)]
  0x00007f2734225000 JavaThread "Service Thread" daemon [_thread_blocked, id=28130, stack(0x00007f271c6e7000,0x00007f271c7e8000)]
  0x00007f2734212000 JavaThread "C1 CompilerThread3" daemon [_thread_blocked, id=28129, stack(0x00007f271c7e9000,0x00007f271c8e9000)]
  0x00007f2734210000 JavaThread "C2 CompilerThread2" daemon [_thread_blocked, id=28128, stack(0x00007f271c8ea000,0x00007f271c9ea000)]
  0x00007f273420e000 JavaThread "C2 CompilerThread1" daemon [_thread_in_native, id=28127, stack(0x00007f271c9eb000,0x00007f271caeb000)]
  0x00007f273420b800 JavaThread "C2 CompilerThread0" daemon [_thread_in_native, id=28126, stack(0x00007f271caec000,0x00007f271cbec000)]
  0x00007f273420a000 JavaThread "Signal Dispatcher" daemon [_thread_blocked, id=28125, stack(0x00007f271cbec000,0x00007f271cced000)]
  0x00007f27341d7000 JavaThread "Finalizer" daemon [_thread_blocked, id=28124, stack(0x00007f271cced000,0x00007f271cdee000)]
  0x00007f27341d4800 JavaThread "Reference Handler" daemon [_thread_blocked, id=28123, stack(0x00007f271cdee000,0x00007f271ceef000)]
  0x00007f273400d800 JavaThread "main" [_thread_blocked, id=28113, stack(0x00007f2739f52000,0x00007f273a052000)]

Other Threads:
  0x00007f27341ca800 VMThread [stack: 0x00007f271cef0000,0x00007f271cff0000] [id=28122]
  0x00007f273422a000 WatcherThread [stack: 0x00007f271c5e7000,0x00007f271c6e7000] [id=28131]

VM state:not at safepoint (normal execution)

VM Mutex/Monitor currently owned by a thread: None

Heap:
 PSYoungGen      total 328192K, used 71539K [0x00000000eab00000, 0x0000000100000000, 0x0000000100000000)
  eden space 305664K, 22% used [0x00000000eab00000,0x00000000eecf59e8,0x00000000fd580000)
  from space 22528K, 17% used [0x00000000fea00000,0x00000000fede73f0,0x0000000100000000)
  to   space 20992K, 0% used [0x00000000fd580000,0x00000000fd580000,0x00000000fea00000)
 ParOldGen       total 699392K, used 232206K [0x00000000c0000000, 0x00000000eab00000, 0x00000000eab00000)
  object space 699392K, 33% used [0x00000000c0000000,0x00000000ce2c3938,0x00000000eab00000)
 Metaspace       used 63748K, capacity 64410K, committed 64768K, reserved 1105920K
  class space    used 8128K, capacity 8340K, committed 8448K, reserved 1048576K

Card table byte_map: [0x00007f2739324000,0x00007f2739525000] byte_map_base: 0x00007f2738d24000

Marking Bits: (ParMarkBitMap*) 0x00007f273b1a5d40
 Begin Bits: [0x00007f271e000000, 0x00007f271f000000)
 End Bits:   [0x00007f271f000000, 0x00007f2720000000)

Polling page: 0x00007f273b606000

CodeCache: size=245760Kb used=18846Kb max_used=18856Kb free=226913Kb
 bounds [0x00007f2725000000, 0x00007f2726290000, 0x00007f2734000000]
 total_blobs=5677 nmethods=4858 adapters=728
 compilation: enabled

Compilation events (10 events):
Event: 33.214 Thread 0x00007f2734210000 6247       4       java.lang.CharacterData::of (120 bytes)
Event: 33.216 Thread 0x00007f2734210000 nmethod 6247 0x00007f272627f850 code [0x00007f272627fa60, 0x00007f272627fb38]
Event: 33.228 Thread 0x00007f273420b800 6248 %     4       csbst.generators.dynamic.MethodGenerator::generateSubSequence @ 83 (216 bytes)
Event: 33.261 Thread 0x00007f273420e000 6249       4       java.lang.String::equalsIgnoreCase (48 bytes)
Event: 33.263 Thread 0x00007f273420e000 nmethod 6249 0x00007f2726278410 code [0x00007f2726278560, 0x00007f2726278648]
Event: 33.306 Thread 0x00007f2734210000 6250       4       org.eclipse.jdt.core.dom.TypeBinding::isInterface (50 bytes)
Event: 33.308 Thread 0x00007f2734210000 nmethod 6250 0x00007f2726278f90 code [0x00007f27262790e0, 0x00007f27262791b8]
Event: 33.309 Thread 0x00007f273420e000 6251       4       csbst.generators.dynamic.InstanceGenerator::generateRandom (66 bytes)
Event: 33.315 Thread 0x00007f2734212000 6252       3       org.jfree.data.Range::getLowerBound (5 bytes)
Event: 33.315 Thread 0x00007f2734212000 nmethod 6252 0x00007f2726280150 code [0x00007f27262802a0, 0x00007f27262803f0]

GC Heap History (10 events):
Event: 29.347 GC heap before
{Heap before GC invocations=47 (full 3):
 PSYoungGen      total 317952K, used 290545K [0x00000000eab00000, 0x0000000100000000, 0x0000000100000000)
  eden space 288256K, 100% used [0x00000000eab00000,0x00000000fc480000,0x00000000fc480000)
  from space 29696K, 7% used [0x00000000fc480000,0x00000000fc6bc7d0,0x00000000fe180000)
  to   space 28160K, 0% used [0x00000000fe480000,0x00000000fe480000,0x0000000100000000)
 ParOldGen       total 699392K, used 232182K [0x00000000c0000000, 0x00000000eab00000, 0x00000000eab00000)
  object space 699392K, 33% used [0x00000000c0000000,0x00000000ce2bd938,0x00000000eab00000)
 Metaspace       used 62950K, capacity 63654K, committed 63872K, reserved 1105920K
  class space    used 8062K, capacity 8294K, committed 8320K, reserved 1048576K
Event: 29.353 GC heap after
Heap after GC invocations=47 (full 3):
 PSYoungGen      total 322560K, used 2588K [0x00000000eab00000, 0x0000000100000000, 0x0000000100000000)
  eden space 294400K, 0% used [0x00000000eab00000,0x00000000eab00000,0x00000000fca80000)
  from space 28160K, 9% used [0x00000000fe480000,0x00000000fe7073f0,0x0000000100000000)
  to   space 26624K, 0% used [0x00000000fca80000,0x00000000fca80000,0x00000000fe480000)
 ParOldGen       total 699392K, used 232182K [0x00000000c0000000, 0x00000000eab00000, 0x00000000eab00000)
  object space 699392K, 33% used [0x00000000c0000000,0x00000000ce2bd938,0x00000000eab00000)
 Metaspace       used 62950K, capacity 63654K, committed 63872K, reserved 1105920K
  class space    used 8062K, capacity 8294K, committed 8320K, reserved 1048576K
}
Event: 30.167 GC heap before
{Heap before GC invocations=48 (full 3):
 PSYoungGen      total 322560K, used 296988K [0x00000000eab00000, 0x0000000100000000, 0x0000000100000000)
  eden space 294400K, 100% used [0x00000000eab00000,0x00000000fca80000,0x00000000fca80000)
  from space 28160K, 9% used [0x00000000fe480000,0x00000000fe7073f0,0x0000000100000000)
  to   space 26624K, 0% used [0x00000000fca80000,0x00000000fca80000,0x00000000fe480000)
 ParOldGen       total 699392K, used 232182K [0x00000000c0000000, 0x00000000eab00000, 0x00000000eab00000)
  object space 699392K, 33% used [0x00000000c0000000,0x00000000ce2bd938,0x00000000eab00000)
 Metaspace       used 62995K, capacity 63678K, committed 63872K, reserved 1105920K
  class space    used 8066K, capacity 8298K, committed 8320K, reserved 1048576K
Event: 30.172 GC heap after
Heap after GC invocations=48 (full 3):
 PSYoungGen      total 321024K, used 3020K [0x00000000eab00000, 0x0000000100000000, 0x0000000100000000)
  eden space 294400K, 0% used [0x00000000eab00000,0x00000000eab00000,0x00000000fca80000)
  from space 26624K, 11% used [0x00000000fca80000,0x00000000fcd731c0,0x00000000fe480000)
  to   space 25088K, 0% used [0x00000000fe780000,0x00000000fe780000,0x0000000100000000)
 ParOldGen       total 699392K, used 232190K [0x00000000c0000000, 0x00000000eab00000, 0x00000000eab00000)
  object space 699392K, 33% used [0x00000000c0000000,0x00000000ce2bf938,0x00000000eab00000)
 Metaspace       used 62995K, capacity 63678K, committed 63872K, reserved 1105920K
  class space    used 8066K, capacity 8298K, committed 8320K, reserved 1048576K
}
Event: 30.848 GC heap before
{Heap before GC invocations=49 (full 3):
 PSYoungGen      total 321024K, used 297420K [0x00000000eab00000, 0x0000000100000000, 0x0000000100000000)
  eden space 294400K, 100% used [0x00000000eab00000,0x00000000fca80000,0x00000000fca80000)
  from space 26624K, 11% used [0x00000000fca80000,0x00000000fcd731c0,0x00000000fe480000)
  to   space 25088K, 0% used [0x00000000fe780000,0x00000000fe780000,0x0000000100000000)
 ParOldGen       total 699392K, used 232190K [0x00000000c0000000, 0x00000000eab00000, 0x00000000eab00000)
  object space 699392K, 33% used [0x00000000c0000000,0x00000000ce2bf938,0x00000000eab00000)
 Metaspace       used 63041K, capacity 63748K, committed 63872K, reserved 1105920K
  class space    used 8068K, capacity 8299K, committed 8320K, reserved 1048576K
Event: 30.852 GC heap after
Heap after GC invocations=49 (full 3):
 PSYoungGen      total 325632K, used 2786K [0x00000000eab00000, 0x0000000100000000, 0x0000000100000000)
  eden space 300544K, 0% used [0x00000000eab00000,0x00000000eab00000,0x00000000fd080000)
  from space 25088K, 11% used [0x00000000fe780000,0x00000000fea38a00,0x0000000100000000)
  to   space 23552K, 0% used [0x00000000fd080000,0x00000000fd080000,0x00000000fe780000)
 ParOldGen       total 699392K, used 232198K [0x00000000c0000000, 0x00000000eab00000, 0x00000000eab00000)
  object space 699392K, 33% used [0x00000000c0000000,0x00000000ce2c1938,0x00000000eab00000)
 Metaspace       used 63041K, capacity 63748K, committed 63872K, reserved 1105920K
  class space    used 8068K, capacity 8299K, committed 8320K, reserved 1048576K
}
Event: 31.570 GC heap before
{Heap before GC invocations=50 (full 3):
 PSYoungGen      total 325632K, used 303330K [0x00000000eab00000, 0x0000000100000000, 0x0000000100000000)
  eden space 300544K, 100% used [0x00000000eab00000,0x00000000fd080000,0x00000000fd080000)
  from space 25088K, 11% used [0x00000000fe780000,0x00000000fea38a00,0x0000000100000000)
  to   space 23552K, 0% used [0x00000000fd080000,0x00000000fd080000,0x00000000fe780000)
 ParOldGen       total 699392K, used 232198K [0x00000000c0000000, 0x00000000eab00000, 0x00000000eab00000)
  object space 699392K, 33% used [0x00000000c0000000,0x00000000ce2c1938,0x00000000eab00000)
 Metaspace       used 63085K, capacity 63766K, committed 63872K, reserved 1105920K
  class space    used 8070K, capacity 8302K, committed 8320K, reserved 1048576K
Event: 31.574 GC heap after
Heap after GC invocations=50 (full 3):
 PSYoungGen      total 324096K, used 3311K [0x00000000eab00000, 0x0000000100000000, 0x0000000100000000)
  eden space 300544K, 0% used [0x00000000eab00000,0x00000000eab00000,0x00000000fd080000)
  from space 23552K, 14% used [0x00000000fd080000,0x00000000fd3bbcc8,0x00000000fe780000)
  to   space 22528K, 0% used [0x00000000fea00000,0x00000000fea00000,0x0000000100000000)
 ParOldGen       total 699392K, used 232198K [0x00000000c0000000, 0x00000000eab00000, 0x00000000eab00000)
  object space 699392K, 33% used [0x00000000c0000000,0x00000000ce2c1938,0x00000000eab00000)
 Metaspace       used 63085K, capacity 63766K, committed 63872K, reserved 1105920K
  class space    used 8070K, capacity 8302K, committed 8320K, reserved 1048576K
}
Event: 33.129 GC heap before
{Heap before GC invocations=51 (full 3):
 PSYoungGen      total 324096K, used 303855K [0x00000000eab00000, 0x0000000100000000, 0x0000000100000000)
  eden space 300544K, 100% used [0x00000000eab00000,0x00000000fd080000,0x00000000fd080000)
  from space 23552K, 14% used [0x00000000fd080000,0x00000000fd3bbcc8,0x00000000fe780000)
  to   space 22528K, 0% used [0x00000000fea00000,0x00000000fea00000,0x0000000100000000)
 ParOldGen       total 699392K, used 232198K [0x00000000c0000000, 0x00000000eab00000, 0x00000000eab00000)
  object space 699392K, 33% used [0x00000000c0000000,0x00000000ce2c1938,0x00000000eab00000)
 Metaspace       used 63694K, capacity 64386K, committed 64512K, reserved 1105920K
  class space    used 8121K, capacity 8336K, committed 8448K, reserved 1048576K
Event: 33.134 GC heap after
Heap after GC invocations=51 (full 3):
 PSYoungGen      total 328192K, used 3996K [0x00000000eab00000, 0x0000000100000000, 0x0000000100000000)
  eden space 305664K, 0% used [0x00000000eab00000,0x00000000eab00000,0x00000000fd580000)
  from space 22528K, 17% used [0x00000000fea00000,0x00000000fede73f0,0x0000000100000000)
  to   space 20992K, 0% used [0x00000000fd580000,0x00000000fd580000,0x00000000fea00000)
 ParOldGen       total 699392K, used 232206K [0x00000000c0000000, 0x00000000eab00000, 0x00000000eab00000)
  object space 699392K, 33% used [0x00000000c0000000,0x00000000ce2c3938,0x00000000eab00000)
 Metaspace       used 63694K, capacity 64386K, committed 64512K, reserved 1105920K
  class space    used 8121K, capacity 8336K, committed 8448K, reserved 1048576K
}

Deoptimization events (10 events):
Event: 32.395 Thread 0x00007f2734a08000 Uncommon trap: reason=unstable_if action=reinterpret pc=0x00007f272517871c method=java.lang.StringCoding$StringDecoder.decode([BII)[C @ 33
Event: 32.419 Thread 0x00007f2734a08000 Uncommon trap: reason=bimorphic action=maybe_recompile pc=0x00007f27260c0ce4 method=java.util.Hashtable.addEntry(ILjava/lang/Object;Ljava/lang/Object;I)V @ 38
Event: 32.425 Thread 0x00007f2734a08000 Uncommon trap: reason=bimorphic action=maybe_recompile pc=0x00007f27260c0ce4 method=java.util.Hashtable.addEntry(ILjava/lang/Object;Ljava/lang/Object;I)V @ 38
Event: 32.474 Thread 0x00007f2734a08000 Uncommon trap: reason=bimorphic action=maybe_recompile pc=0x00007f27260c0ce4 method=java.util.Hashtable.addEntry(ILjava/lang/Object;Ljava/lang/Object;I)V @ 38
Event: 32.620 Thread 0x00007f2734a08000 Uncommon trap: reason=unstable_if action=reinterpret pc=0x00007f2725b952bc method=java.nio.Buffer.hasRemaining()Z @ 8
Event: 32.659 Thread 0x00007f2734a08000 Uncommon trap: reason=bimorphic action=maybe_recompile pc=0x00007f27260c0ce4 method=java.util.Hashtable.addEntry(ILjava/lang/Object;Ljava/lang/Object;I)V @ 38
Event: 32.879 Thread 0x00007f2734a08000 Uncommon trap: reason=bimorphic action=maybe_recompile pc=0x00007f27260bfcdc method=java.util.Hashtable.addEntry(ILjava/lang/Object;Ljava/lang/Object;I)V @ 38
Event: 33.118 Thread 0x00007f2734a08000 Uncommon trap: reason=unstable_if action=reinterpret pc=0x00007f2725f8ca54 method=java.lang.CharacterData.of(I)Ljava/lang/CharacterData; @ 4
Event: 33.134 Thread 0x00007f27341d4800 Uncommon trap: reason=unstable_if action=reinterpret pc=0x00007f2725709dc0 method=java.lang.ref.Reference.tryHandlePending(Z)Z @ 20
Event: 33.316 Thread 0x00007f27349e3800 Uncommon trap: reason=null_check action=make_not_entrant pc=0x00007f27262247e8 method=csbst.generators.dynamic.InstanceGenerator.getSingletons(Ljava/lang/Class;)Ljava/util/Vector; @ 69

Classes redefined (0 events):
No events

Internal exceptions (10 events):
Event: 33.311 Thread 0x00007f27349e3800 Exception <a 'java/lang/reflect/InvocationTargetException'> (0x00000000ee245f20) thrown at [/HUDSON/workspace/8-2-build-linux-amd64/jdk8u191/11894/hotspot/src/share/vm/runtime/reflection.cpp, line 1092]
Event: 33.311 Thread 0x00007f27349e3800 Exception <a 'java/lang/reflect/InvocationTargetException'> (0x00000000ee24bfd8) thrown at [/HUDSON/workspace/8-2-build-linux-amd64/jdk8u191/11894/hotspot/src/share/vm/runtime/reflection.cpp, line 1092]
Event: 33.311 Thread 0x00007f27349e3800 Exception <a 'java/lang/reflect/InvocationTargetException'> (0x00000000ee255028) thrown at [/HUDSON/workspace/8-2-build-linux-amd64/jdk8u191/11894/hotspot/src/share/vm/runtime/reflection.cpp, line 1092]
Event: 33.311 Thread 0x00007f27349e3800 Exception <a 'java/lang/reflect/InvocationTargetException'> (0x00000000ee262558) thrown at [/HUDSON/workspace/8-2-build-linux-amd64/jdk8u191/11894/hotspot/src/share/vm/runtime/reflection.cpp, line 1092]
Event: 33.312 Thread 0x00007f27349e3800 Exception <a 'java/lang/reflect/InvocationTargetException'> (0x00000000ee2baa00) thrown at [/HUDSON/workspace/8-2-build-linux-amd64/jdk8u191/11894/hotspot/src/share/vm/runtime/reflection.cpp, line 1092]
Event: 33.316 Thread 0x00007f27349e3800 Exception <a 'java/lang/NoClassDefFoundError': org/eclipse/core/filesystem/IFileInfo> (0x00000000ee362a10) thrown at [/HUDSON/workspace/8-2-build-linux-amd64/jdk8u191/11894/hotspot/src/share/vm/classfile/systemDictionary.cpp, line 199]
Event: 33.319 Thread 0x00007f27349e3800 Exception <a 'java/lang/NoClassDefFoundError': org/eclipse/core/internal/resources/ContentDescriptionManager> (0x00000000ee46e658) thrown at [/HUDSON/workspace/8-2-build-linux-amd64/jdk8u191/11894/hotspot/src/share/vm/oops/constantPool.cpp, line 235]
Event: 33.323 Thread 0x00007f27349e3800 Exception <a 'java/lang/reflect/InvocationTargetException'> (0x00000000ee7107a8) thrown at [/HUDSON/workspace/8-2-build-linux-amd64/jdk8u191/11894/hotspot/src/share/vm/runtime/reflection.cpp, line 1092]
Event: 33.325 Thread 0x00007f27349e3800 Exception <a 'java/lang/reflect/InvocationTargetException'> (0x00000000ee938890) thrown at [/HUDSON/workspace/8-2-build-linux-amd64/jdk8u191/11894/hotspot/src/share/vm/runtime/reflection.cpp, line 1092]
Event: 33.326 Thread 0x00007f27349e3800 Exception <a 'java/lang/reflect/InvocationTargetException'> (0x00000000ee93b3f8) thrown at [/HUDSON/workspace/8-2-build-linux-amd64/jdk8u191/11894/hotspot/src/share/vm/runtime/reflection.cpp, line 1092]

Events (10 events):
Event: 33.316 Thread 0x00007f27349e3800 DEOPT PACKING pc=0x00007f27262247e8 sp=0x00007f27142020f0
Event: 33.316 Thread 0x00007f27349e3800 DEOPT UNPACKING pc=0x00007f272504573a sp=0x00007f2714202088 mode 2
Event: 33.320 Thread 0x00007f27349e3800 Thread exited: 0x00007f27349e3800
Event: 33.320 Thread 0x00007f27349e3800 Thread added: 0x00007f27349e3800
Event: 33.321 Thread 0x00007f27349e3800 Thread exited: 0x00007f27349e3800
Event: 33.322 Thread 0x00007f27349e3800 Thread added: 0x00007f27349e3800
Event: 33.323 Thread 0x00007f27349e3800 Thread exited: 0x00007f27349e3800
Event: 33.323 Thread 0x00007f27349e3800 Thread added: 0x00007f27349e3800
Event: 33.327 Thread 0x00007f27349e3800 Thread exited: 0x00007f27349e3800
Event: 33.327 Thread 0x00007f27349e3800 Thread added: 0x00007f27349e3800


Dynamic libraries:
00400000-00401000 r-xp 00000000 08:05 19545660                           /usr/lib/jvm/java-8-oracle/jre/bin/java
00600000-00601000 r--p 00000000 08:05 19545660                           /usr/lib/jvm/java-8-oracle/jre/bin/java
00601000-00602000 rw-p 00001000 08:05 19545660                           /usr/lib/jvm/java-8-oracle/jre/bin/java
01377000-01398000 rw-p 00000000 00:00 0                                  [heap]
c0000000-100840000 rw-p 00000000 00:00 0 
100840000-140000000 ---p 00000000 00:00 0 
7f2698000000-7f2698601000 rw-p 00000000 00:00 0 
7f2698601000-7f269c000000 ---p 00000000 00:00 0 
7f26a0000000-7f26a01b8000 rw-p 00000000 00:00 0 
7f26a01b8000-7f26a4000000 ---p 00000000 00:00 0 
7f26a4000000-7f26a42a6000 rw-p 00000000 00:00 0 
7f26a42a6000-7f26a8000000 ---p 00000000 00:00 0 
7f26a8000000-7f26a8115000 rw-p 00000000 00:00 0 
7f26a8115000-7f26ac000000 ---p 00000000 00:00 0 
7f26ac000000-7f26ac296000 rw-p 00000000 00:00 0 
7f26ac296000-7f26b0000000 ---p 00000000 00:00 0 
7f26b0000000-7f26b003d000 rw-p 00000000 00:00 0 
7f26b003d000-7f26b4000000 ---p 00000000 00:00 0 
7f26b4000000-7f26b40a9000 rw-p 00000000 00:00 0 
7f26b40a9000-7f26b8000000 ---p 00000000 00:00 0 
7f26b8000000-7f26b8021000 rw-p 00000000 00:00 0 
7f26b8021000-7f26bc000000 ---p 00000000 00:00 0 
7f26bc000000-7f26bc0a4000 rw-p 00000000 00:00 0 
7f26bc0a4000-7f26c0000000 ---p 00000000 00:00 0 
7f26c0000000-7f26c08db000 rw-p 00000000 00:00 0 
7f26c08db000-7f26c4000000 ---p 00000000 00:00 0 
7f26c4000000-7f26c4021000 rw-p 00000000 00:00 0 
7f26c4021000-7f26c8000000 ---p 00000000 00:00 0 
7f26c8000000-7f26c8021000 rw-p 00000000 00:00 0 
7f26c8021000-7f26cc000000 ---p 00000000 00:00 0 
7f26cc000000-7f26cc021000 rw-p 00000000 00:00 0 
7f26cc021000-7f26d0000000 ---p 00000000 00:00 0 
7f26d0000000-7f26d19e2000 rw-p 00000000 00:00 0 
7f26d19e2000-7f26d4000000 ---p 00000000 00:00 0 
7f26d4000000-7f26d53f4000 rw-p 00000000 00:00 0 
7f26d53f4000-7f26d8000000 ---p 00000000 00:00 0 
7f26d8000000-7f26d9ce2000 rw-p 00000000 00:00 0 
7f26d9ce2000-7f26dc000000 ---p 00000000 00:00 0 
7f26dc000000-7f26dd945000 rw-p 00000000 00:00 0 
7f26dd945000-7f26e0000000 ---p 00000000 00:00 0 
7f26e0000000-7f26e0021000 rw-p 00000000 00:00 0 
7f26e0021000-7f26e4000000 ---p 00000000 00:00 0 
7f26e4000000-7f26e4021000 rw-p 00000000 00:00 0 
7f26e4021000-7f26e8000000 ---p 00000000 00:00 0 
7f26e8000000-7f26e804c000 rw-p 00000000 00:00 0 
7f26e804c000-7f26ec000000 ---p 00000000 00:00 0 
7f26ec000000-7f26ec021000 rw-p 00000000 00:00 0 
7f26ec021000-7f26f0000000 ---p 00000000 00:00 0 
7f26f0000000-7f26f0021000 rw-p 00000000 00:00 0 
7f26f0021000-7f26f4000000 ---p 00000000 00:00 0 
7f26f4000000-7f26f4021000 rw-p 00000000 00:00 0 
7f26f4021000-7f26f8000000 ---p 00000000 00:00 0 
7f26f8000000-7f26f8021000 rw-p 00000000 00:00 0 
7f26f8021000-7f26fc000000 ---p 00000000 00:00 0 
7f2700000000-7f2700021000 rw-p 00000000 00:00 0 
7f2700021000-7f2704000000 ---p 00000000 00:00 0 
7f270614e000-7f270624e000 rw-p 00000000 00:00 0 
7f270624e000-7f270634e000 ---p 00000000 00:00 0 
7f270634e000-7f270654e000 rw-p 00000000 00:00 0 
7f270654e000-7f27065be000 r-xp 00000000 08:05 20066723                   /usr/lib/jvm/java-8-oracle/jre/lib/amd64/liblcms.so
7f27065be000-7f27067bd000 ---p 00070000 08:05 20066723                   /usr/lib/jvm/java-8-oracle/jre/lib/amd64/liblcms.so
7f27067bd000-7f27067bf000 r--p 0006f000 08:05 20066723                   /usr/lib/jvm/java-8-oracle/jre/lib/amd64/liblcms.so
7f27067bf000-7f27067c2000 rw-p 00071000 08:05 20066723                   /usr/lib/jvm/java-8-oracle/jre/lib/amd64/liblcms.so
7f27067c2000-7f27069c3000 rw-p 00000000 00:00 0 
7f27069c3000-7f27069ed000 r-xp 00000000 08:05 20066722                   /usr/lib/jvm/java-8-oracle/jre/lib/amd64/libdcpr.so
7f27069ed000-7f2706bec000 ---p 0002a000 08:05 20066722                   /usr/lib/jvm/java-8-oracle/jre/lib/amd64/libdcpr.so
7f2706bec000-7f2706bed000 r--p 00029000 08:05 20066722                   /usr/lib/jvm/java-8-oracle/jre/lib/amd64/libdcpr.so
7f2706bed000-7f2706bf0000 rw-p 0002a000 08:05 20066722                   /usr/lib/jvm/java-8-oracle/jre/lib/amd64/libdcpr.so
7f2706bf0000-7f2706df0000 rw-p 00000000 00:00 0 
7f2706df0000-7f2706ff0000 rw-p 00000000 00:00 0 
7f2706ff0000-7f27071f0000 rw-p 00000000 00:00 0 
7f27071f0000-7f27073f0000 rw-p 00000000 00:00 0 
7f27073f0000-7f27075f0000 rw-p 00000000 00:00 0 
7f27075f0000-7f27077f0000 rw-p 00000000 00:00 0 
7f27077f0000-7f27079f0000 rw-p 00000000 00:00 0 
7f27079f0000-7f2707bf0000 rw-p 00000000 00:00 0 
7f2707bf0000-7f2707bf5000 r-xp 00000000 08:05 19406292                   /usr/lib/x86_64-linux-gnu/libXfixes.so.3.1.0
7f2707bf5000-7f2707df4000 ---p 00005000 08:05 19406292                   /usr/lib/x86_64-linux-gnu/libXfixes.so.3.1.0
7f2707df4000-7f2707df5000 r--p 00004000 08:05 19406292                   /usr/lib/x86_64-linux-gnu/libXfixes.so.3.1.0
7f2707df5000-7f2707df6000 rw-p 00005000 08:05 19406292                   /usr/lib/x86_64-linux-gnu/libXfixes.so.3.1.0
7f2707df6000-7f2707dff000 r-xp 00000000 08:05 19406284                   /usr/lib/x86_64-linux-gnu/libXcursor.so.1.0.2
7f2707dff000-7f2707ffe000 ---p 00009000 08:05 19406284                   /usr/lib/x86_64-linux-gnu/libXcursor.so.1.0.2
7f2707ffe000-7f2707fff000 r--p 00008000 08:05 19406284                   /usr/lib/x86_64-linux-gnu/libXcursor.so.1.0.2
7f2707fff000-7f2708000000 rw-p 00009000 08:05 19406284                   /usr/lib/x86_64-linux-gnu/libXcursor.so.1.0.2
7f2708000000-7f2708021000 rw-p 00000000 00:00 0 
7f2708021000-7f270c000000 ---p 00000000 00:00 0 
7f270c0e1000-7f270c0ed000 r--s 00000000 08:05 1048783                    /var/cache/fontconfig/7504b6ae-6feb-4b14-875e-7733afc2d043-le64.cache-7
7f270c0ed000-7f270c0f3000 r--s 00000000 08:05 1048776                    /var/cache/fontconfig/5f55c72c-67f8-44eb-91de-419f2dcb2620-le64.cache-7
7f270c0f3000-7f270c0f4000 r--s 00000000 08:05 1048770                    /var/cache/fontconfig/4d98e1cb-492f-46e6-b26c-bccba07ed3a6-le64.cache-7
7f270c0f4000-7f270c10a000 r--s 00000000 08:05 1048796                    /var/cache/fontconfig/b7c17cf5-7352-4dfd-bf20-a3e8e286a297-le64.cache-7
7f270c10a000-7f270c10b000 r--s 00000000 08:05 1048753                    /var/cache/fontconfig/1bfae08c-0c30-43ca-b83c-42939aa2f1e5-le64.cache-7
7f270c10b000-7f270c10c000 r--s 00000000 08:05 1048780                    /var/cache/fontconfig/6d1350f0-ec02-4687-bb21-33f5bd1bcdb6-le64.cache-7
7f270c10c000-7f270c10e000 r--s 00000000 08:05 1048759                    /var/cache/fontconfig/2afd8659-086c-41c7-b7a0-fb7062450f55-le64.cache-7
7f270c10e000-7f270c10f000 r--s 00000000 08:05 1048790                    /var/cache/fontconfig/97216f19-fad5-4a8c-98f7-4c5a9b91c2a0-le64.cache-7
7f270c10f000-7f270c110000 r--s 00000000 08:05 1048767                    /var/cache/fontconfig/3e9517db-dd5d-43ca-96ba-5235ed6dddfd-le64.cache-7
7f270c110000-7f270c112000 r--s 00000000 08:05 1048806                    /var/cache/fontconfig/e8702409-51e3-41f4-8d5a-0a1b9f785cda-le64.cache-7
7f270c112000-7f270c113000 r--s 00000000 08:05 1053524                    /var/cache/fontconfig/4cff7663-612b-42b0-a9a6-84dcdf222981-le64.cache-7
7f270c113000-7f270c115000 r--s 00000000 08:05 1048801                    /var/cache/fontconfig/d05370a1-d3ef-4a81-ba01-bba68da5a741-le64.cache-7
7f270c115000-7f270c11a000 r--s 00000000 08:05 1048750                    /var/cache/fontconfig/1612d509-3972-4b92-9085-6e0ea7bbb4f8-le64.cache-7
7f270c11a000-7f270c11b000 r--s 00000000 08:05 1048765                    /var/cache/fontconfig/3a42a89c-6e2f-4b09-8b5d-32969ea45bdf-le64.cache-7
7f270c11b000-7f270c11c000 r--s 00000000 08:05 1048763                    /var/cache/fontconfig/3846e15b-219c-4f71-98d7-bf7c8f7e9249-le64.cache-7
7f270c11c000-7f270c11d000 r--s 00000000 08:05 1048756                    /var/cache/fontconfig/203c3ce3-af0b-41cf-b8ce-b8826198eee1-le64.cache-7
7f270c11d000-7f270c11e000 r--s 00000000 08:05 1048810                    /var/cache/fontconfig/f592be57-977f-487f-b076-26df37d668e0-le64.cache-7
7f270c11e000-7f270c11f000 r--s 00000000 08:05 1048805                    /var/cache/fontconfig/e53455d2-0b8f-453d-b75f-7813b0527a25-le64.cache-7
7f270c11f000-7f270c120000 r--s 00000000 08:05 1048800                    /var/cache/fontconfig/cdf32f01-482d-47bf-8e8c-9df45a5d0f9e-le64.cache-7
7f270c120000-7f270c121000 r--s 00000000 08:05 1048773                    /var/cache/fontconfig/55d4b180-9878-4fdc-8faa-f9338538fa46-le64.cache-7
7f270c121000-7f270c122000 r--s 00000000 08:05 1048781                    /var/cache/fontconfig/6f0b53eb-6d58-47f3-a7f5-134251229137-le64.cache-7
7f270c122000-7f270c123000 r--s 00000000 08:05 1048755                    /var/cache/fontconfig/1ee47c3f-bfee-48c6-85ce-0ef6b684a8b5-le64.cache-7
7f270c123000-7f270c124000 r--s 00000000 08:05 1048802                    /var/cache/fontconfig/d19e052f-8028-46d2-9367-23ff6cbf7ace-le64.cache-7
7f270c124000-7f270c125000 r--s 00000000 08:05 1048786                    /var/cache/fontconfig/895c7453-7bae-40c4-b3c3-384689646f84-le64.cache-7
7f270c125000-7f270c12a000 r--s 00000000 08:05 1048792                    /var/cache/fontconfig/9c1bc7b6-9641-4fd3-b265-0ebf03c27392-le64.cache-7
7f270c12a000-7f270c131000 r--s 00000000 08:05 1048774                    /var/cache/fontconfig/58e3d57c-3b60-423d-852e-0de8a423db4e-le64.cache-7
7f270c131000-7f270c132000 r--s 00000000 08:05 1048766                    /var/cache/fontconfig/3b1bee2b-2b9f-46ac-b6dd-89c77434b7d6-le64.cache-7
7f270c132000-7f270c133000 r--s 00000000 08:05 1048762                    /var/cache/fontconfig/35d68932-b018-4705-9a8c-7aee0c46b096-le64.cache-7
7f270c133000-7f270c139000 r--s 00000000 08:05 1048808                    /var/cache/fontconfig/f19bcf90-8dc8-468c-8765-ff300da435ee-le64.cache-7
7f270c139000-7f270c141000 r--s 00000000 08:05 1048752                    /var/cache/fontconfig/1bd93c2a-7559-430c-85b2-ef4ff5b56546-le64.cache-7
7f270c141000-7f270c142000 r--s 00000000 08:05 1048798                    /var/cache/fontconfig/c27afa80-4585-42c0-a53b-b96668b45b7c-le64.cache-7
7f270c142000-7f270c143000 r--s 00000000 08:05 1048811                    /var/cache/fontconfig/f62866da-042e-4538-9802-a4f7f6483480-le64.cache-7
7f270c143000-7f270c144000 r--s 00000000 08:05 1048761                    /var/cache/fontconfig/31a77a90-022f-4be5-8fd3-f6fa4c4333a0-le64.cache-7
7f270c144000-7f270c146000 r--s 00000000 08:05 1048751                    /var/cache/fontconfig/17717f7f-6321-45e2-a764-15e9e37c223c-le64.cache-7
7f270c146000-7f270c152000 r--s 00000000 08:05 1053717                    /var/cache/fontconfig/119fb79e-ff41-461c-bc8e-7d55cf44d48f-le64.cache-7
7f270c152000-7f270c161000 r--s 00000000 08:05 1048803                    /var/cache/fontconfig/d1fe6336-c3fa-424e-929a-49d3796155d8-le64.cache-7
7f270c19e000-7f270c39e000 rw-p 00000000 00:00 0 
7f270c39e000-7f270c3fb000 r-xp 00000000 08:05 20066781                   /usr/lib/jvm/java-8-oracle/jre/lib/amd64/libfontmanager.so
7f270c3fb000-7f270c5fb000 ---p 0005d000 08:05 20066781                   /usr/lib/jvm/java-8-oracle/jre/lib/amd64/libfontmanager.so
7f270c5fb000-7f270c5fe000 r--p 0005d000 08:05 20066781                   /usr/lib/jvm/java-8-oracle/jre/lib/amd64/libfontmanager.so
7f270c5fe000-7f270c5ff000 rw-p 00060000 08:05 20066781                   /usr/lib/jvm/java-8-oracle/jre/lib/amd64/libfontmanager.so
7f270c5ff000-7f270c7ff000 rw-p 00000000 00:00 0 
7f270c7ff000-7f270c9ff000 rw-p 00000000 00:00 0 
7f270c9ff000-7f270cbff000 rw-p 00000000 00:00 0 
7f270cbff000-7f270cdff000 rw-p 00000000 00:00 0 
7f270cdff000-7f270cfff000 rw-p 00000000 00:00 0 
7f270cfff000-7f2710000000 rw-p 00000000 00:00 0 
7f2710000000-7f2710021000 rw-p 00000000 00:00 0 
7f2710021000-7f2714000000 ---p 00000000 00:00 0 
7f2714000000-7f2714002000 r--s 00000000 08:05 1048807                    /var/cache/fontconfig/ee72e29e-7e47-4611-a5a4-c5e8e30358f5-le64.cache-7
7f2714002000-7f2714005000 ---p 00000000 00:00 0 
7f2714005000-7f2714103000 rw-p 00000000 00:00 0 
7f2714103000-7f2714106000 ---p 00000000 00:00 0 
7f2714106000-7f2714204000 rw-p 00000000 00:00 0 
7f2714204000-7f2714207000 ---p 00000000 00:00 0 
7f2714207000-7f2714305000 rw-p 00000000 00:00 0 
7f2714305000-7f2714308000 ---p 00000000 00:00 0 
7f2714308000-7f2714406000 rw-p 00000000 00:00 0 
7f2714406000-7f2714409000 ---p 00000000 00:00 0 
7f2714409000-7f2714507000 rw-p 00000000 00:00 0 
7f2714507000-7f271450a000 ---p 00000000 00:00 0 
7f271450a000-7f2714608000 rw-p 00000000 00:00 0 
7f2714608000-7f271460b000 ---p 00000000 00:00 0 
7f271460b000-7f2714709000 rw-p 00000000 00:00 0 
7f2714709000-7f271470c000 ---p 00000000 00:00 0 
7f271470c000-7f271480a000 rw-p 00000000 00:00 0 
7f271480a000-7f271480d000 ---p 00000000 00:00 0 
7f271480d000-7f271490b000 rw-p 00000000 00:00 0 
7f271490b000-7f271490e000 ---p 00000000 00:00 0 
7f271490e000-7f2714a0c000 rw-p 00000000 00:00 0 
7f2714a0c000-7f2714a0f000 ---p 00000000 00:00 0 
7f2714a0f000-7f2714d0d000 rw-p 00000000 00:00 0 
7f2714d0d000-7f2714d22000 r-xp 00000000 08:05 6034233                    /lib/x86_64-linux-gnu/libbsd.so.0.9.1
7f2714d22000-7f2714f21000 ---p 00015000 08:05 6034233                    /lib/x86_64-linux-gnu/libbsd.so.0.9.1
7f2714f21000-7f2714f22000 r--p 00014000 08:05 6034233                    /lib/x86_64-linux-gnu/libbsd.so.0.9.1
7f2714f22000-7f2714f23000 rw-p 00015000 08:05 6034233                    /lib/x86_64-linux-gnu/libbsd.so.0.9.1
7f2714f23000-7f2714f24000 rw-p 00000000 00:00 0 
7f2714f24000-7f2714f29000 r-xp 00000000 08:05 19406288                   /usr/lib/x86_64-linux-gnu/libXdmcp.so.6.0.0
7f2714f29000-7f2715128000 ---p 00005000 08:05 19406288                   /usr/lib/x86_64-linux-gnu/libXdmcp.so.6.0.0
7f2715128000-7f2715129000 r--p 00004000 08:05 19406288                   /usr/lib/x86_64-linux-gnu/libXdmcp.so.6.0.0
7f2715129000-7f271512a000 rw-p 00005000 08:05 19406288                   /usr/lib/x86_64-linux-gnu/libXdmcp.so.6.0.0
7f271512a000-7f271512c000 r-xp 00000000 08:05 19406277                   /usr/lib/x86_64-linux-gnu/libXau.so.6.0.0
7f271512c000-7f271532c000 ---p 00002000 08:05 19406277                   /usr/lib/x86_64-linux-gnu/libXau.so.6.0.0
7f271532c000-7f271532d000 r--p 00002000 08:05 19406277                   /usr/lib/x86_64-linux-gnu/libXau.so.6.0.0
7f271532d000-7f271532e000 rw-p 00003000 08:05 19406277                   /usr/lib/x86_64-linux-gnu/libXau.so.6.0.0
7f271532e000-7f271533d000 r-xp 00000000 08:05 19406298                   /usr/lib/x86_64-linux-gnu/libXi.so.6.1.0
7f271533d000-7f271553c000 ---p 0000f000 08:05 19406298                   /usr/lib/x86_64-linux-gnu/libXi.so.6.1.0
7f271553c000-7f271553d000 r--p 0000e000 08:05 19406298                   /usr/lib/x86_64-linux-gnu/libXi.so.6.1.0
7f271553d000-7f271553e000 rw-p 0000f000 08:05 19406298                   /usr/lib/x86_64-linux-gnu/libXi.so.6.1.0
7f271553e000-7f2715543000 r-xp 00000000 08:05 19406316                   /usr/lib/x86_64-linux-gnu/libXtst.so.6.1.0
7f2715543000-7f2715742000 ---p 00005000 08:05 19406316                   /usr/lib/x86_64-linux-gnu/libXtst.so.6.1.0
7f2715742000-7f2715743000 r--p 00004000 08:05 19406316                   /usr/lib/x86_64-linux-gnu/libXtst.so.6.1.0
7f2715743000-7f2715744000 rw-p 00005000 08:05 19406316                   /usr/lib/x86_64-linux-gnu/libXtst.so.6.1.0
7f2715744000-7f271574d000 r-xp 00000000 08:05 19406310                   /usr/lib/x86_64-linux-gnu/libXrender.so.1.3.0
7f271574d000-7f271594c000 ---p 00009000 08:05 19406310                   /usr/lib/x86_64-linux-gnu/libXrender.so.1.3.0
7f271594c000-7f271594d000 r--p 00008000 08:05 19406310                   /usr/lib/x86_64-linux-gnu/libXrender.so.1.3.0
7f271594d000-7f271594e000 rw-p 00009000 08:05 19406310                   /usr/lib/x86_64-linux-gnu/libXrender.so.1.3.0
7f271594e000-7f2715966000 r--p 00000000 08:05 19406273                   /usr/lib/x86_64-linux-gnu/libX11.so.6.3.0
7f2715966000-7f27159ee000 r-xp 00018000 08:05 19406273                   /usr/lib/x86_64-linux-gnu/libX11.so.6.3.0
7f27159ee000-7f2715a82000 r--p 000a0000 08:05 19406273                   /usr/lib/x86_64-linux-gnu/libX11.so.6.3.0
7f2715a82000-7f2715a83000 ---p 00134000 08:05 19406273                   /usr/lib/x86_64-linux-gnu/libX11.so.6.3.0
7f2715a83000-7f2715a84000 r--p 00134000 08:05 19406273                   /usr/lib/x86_64-linux-gnu/libX11.so.6.3.0
7f2715a84000-7f2715a88000 rw-p 00135000 08:05 19406273                   /usr/lib/x86_64-linux-gnu/libX11.so.6.3.0
7f2715a88000-7f2715a99000 r-xp 00000000 08:05 19406290                   /usr/lib/x86_64-linux-gnu/libXext.so.6.4.0
7f2715a99000-7f2715c98000 ---p 00011000 08:05 19406290                   /usr/lib/x86_64-linux-gnu/libXext.so.6.4.0
7f2715c98000-7f2715c99000 r--p 00010000 08:05 19406290                   /usr/lib/x86_64-linux-gnu/libXext.so.6.4.0
7f2715c99000-7f2715c9a000 rw-p 00011000 08:05 19406290                   /usr/lib/x86_64-linux-gnu/libXext.so.6.4.0
7f2715c9a000-7f2715ced000 r-xp 00000000 08:05 20066808                   /usr/lib/jvm/java-8-oracle/jre/lib/amd64/libawt_xawt.so
7f2715ced000-7f2715eec000 ---p 00053000 08:05 20066808                   /usr/lib/jvm/java-8-oracle/jre/lib/amd64/libawt_xawt.so
7f2715eec000-7f2715eed000 r--p 00052000 08:05 20066808                   /usr/lib/jvm/java-8-oracle/jre/lib/amd64/libawt_xawt.so
7f2715eed000-7f2715ef0000 rw-p 00053000 08:05 20066808                   /usr/lib/jvm/java-8-oracle/jre/lib/amd64/libawt_xawt.so
7f2715ef0000-7f2715ef1000 rw-p 00000000 00:00 0 
7f2715ef1000-7f2715f90000 r-xp 00000000 08:05 20066794                   /usr/lib/jvm/java-8-oracle/jre/lib/amd64/libawt.so
7f2715f90000-7f2716190000 ---p 0009f000 08:05 20066794                   /usr/lib/jvm/java-8-oracle/jre/lib/amd64/libawt.so
7f2716190000-7f2716191000 r--p 0009f000 08:05 20066794                   /usr/lib/jvm/java-8-oracle/jre/lib/amd64/libawt.so
7f2716191000-7f271619c000 rw-p 000a0000 08:05 20066794                   /usr/lib/jvm/java-8-oracle/jre/lib/amd64/libawt.so
7f271619c000-7f27163c1000 rw-p 00000000 00:00 0 
7f27163c1000-7f27165c1000 rw-p 00000000 00:00 0 
7f27165c1000-7f27165c4000 r--s 00000000 08:05 1048795                    /var/cache/fontconfig/a8bbcda5-d5cf-49af-af3a-3841114c77bc-le64.cache-7
7f2716612000-7f2716615000 r--p 00000000 08:05 6034272                    /lib/x86_64-linux-gnu/libgcc_s.so.1
7f2716615000-7f2716626000 r-xp 00003000 08:05 6034272                    /lib/x86_64-linux-gnu/libgcc_s.so.1
7f2716626000-7f2716629000 r--p 00014000 08:05 6034272                    /lib/x86_64-linux-gnu/libgcc_s.so.1
7f2716629000-7f271662a000 ---p 00017000 08:05 6034272                    /lib/x86_64-linux-gnu/libgcc_s.so.1
7f271662a000-7f271662b000 r--p 00017000 08:05 6034272                    /lib/x86_64-linux-gnu/libgcc_s.so.1
7f271662b000-7f271662c000 rw-p 00018000 08:05 6034272                    /lib/x86_64-linux-gnu/libgcc_s.so.1
7f271662c000-7f2716648000 r--s 00393000 08:05 19798260                   /usr/lib/jvm/java-8-oracle/jre/lib/ext/cldrdata.jar
7f2716648000-7f2716848000 rw-p 00000000 00:00 0 
7f2716848000-7f271685e000 r-xp 00000000 08:05 20066801                   /usr/lib/jvm/java-8-oracle/jre/lib/amd64/libnet.so
7f271685e000-7f2716a5d000 ---p 00016000 08:05 20066801                   /usr/lib/jvm/java-8-oracle/jre/lib/amd64/libnet.so
7f2716a5d000-7f2716a5e000 r--p 00015000 08:05 20066801                   /usr/lib/jvm/java-8-oracle/jre/lib/amd64/libnet.so
7f2716a5e000-7f2716a5f000 rw-p 00016000 08:05 20066801                   /usr/lib/jvm/java-8-oracle/jre/lib/amd64/libnet.so
7f2716a5f000-7f2716a70000 r-xp 00000000 08:05 20066804                   /usr/lib/jvm/java-8-oracle/jre/lib/amd64/libnio.so
7f2716a70000-7f2716c6f000 ---p 00011000 08:05 20066804                   /usr/lib/jvm/java-8-oracle/jre/lib/amd64/libnio.so
7f2716c6f000-7f2716c70000 r--p 00010000 08:05 20066804                   /usr/lib/jvm/java-8-oracle/jre/lib/amd64/libnio.so
7f2716c70000-7f2716c71000 rw-p 00011000 08:05 20066804                   /usr/lib/jvm/java-8-oracle/jre/lib/amd64/libnio.so
7f2716c71000-7f2716e71000 rw-p 00000000 00:00 0 
7f2716e71000-7f2717025000 r--s 012de000 08:05 17827820                   /home/ubuntu/Scrivania/ubuntu/IdeaProjects/smells-automated/ist-generation-scripts/projects/chart-1/lib/evosuite-standalone-runtime-1.0.6.jar
7f2717025000-7f2717225000 rw-p 00000000 00:00 0 
7f2717225000-7f2718000000 r--p 00000000 08:05 19405455                   /usr/lib/locale/locale-archive
7f2718000000-7f2718021000 rw-p 00000000 00:00 0 
7f2718021000-7f271c000000 ---p 00000000 00:00 0 
7f271c000000-7f271c001000 r--s 00000000 08:05 1048778                    /var/cache/fontconfig/693f175b-5e38-407b-add5-b3473c973e64-le64.cache-7
7f271c019000-7f271c024000 r--p 00000000 08:05 19407494                   /usr/lib/x86_64-linux-gnu/libxcb.so.1.1.0
7f271c024000-7f271c037000 r-xp 0000b000 08:05 19407494                   /usr/lib/x86_64-linux-gnu/libxcb.so.1.1.0
7f271c037000-7f271c040000 r--p 0001e000 08:05 19407494                   /usr/lib/x86_64-linux-gnu/libxcb.so.1.1.0
7f271c040000-7f271c041000 r--p 00026000 08:05 19407494                   /usr/lib/x86_64-linux-gnu/libxcb.so.1.1.0
7f271c041000-7f271c042000 rw-p 00027000 08:05 19407494                   /usr/lib/x86_64-linux-gnu/libxcb.so.1.1.0
7f271c042000-7f271c043000 r--s 00000000 08:05 1048777                    /var/cache/fontconfig/6018ebcc-6e39-4c27-a02c-db1be5bde1be-le64.cache-7
7f271c043000-7f271c044000 r--s 00000000 08:05 1048748                    /var/cache/fontconfig/128a02ad-a9a8-4de3-8095-90c41d2e4f90-le64.cache-7
7f271c044000-7f271c045000 r--s 00000000 08:05 1048797                    /var/cache/fontconfig/bfe8fc53-1d58-49a4-ad89-41533056c697-le64.cache-7
7f271c045000-7f271c046000 r--s 00000000 08:05 1048791                    /var/cache/fontconfig/99cf42ba-0413-42e3-9091-be90d1e0a661-le64.cache-7
7f271c046000-7f271c047000 r--s 00000000 08:05 1048775                    /var/cache/fontconfig/5e37e0e5-219f-4808-bede-5c6611f1b616-le64.cache-7
7f271c047000-7f271c048000 r--s 00000000 08:05 1048789                    /var/cache/fontconfig/8ddfa720-cb7a-4038-810b-742c25f0663e-le64.cache-7
7f271c048000-7f271c049000 r--s 00000000 08:05 1048785                    /var/cache/fontconfig/86d47813-a893-4a7e-be67-59ce23065df6-le64.cache-7
7f271c049000-7f271c04b000 r--s 00000000 08:05 1048754                    /var/cache/fontconfig/1c32d2a9-6a62-461e-a1fc-bd794514b057-le64.cache-7
7f271c04b000-7f271c059000 r--s 00000000 08:05 1052292                    /var/cache/fontconfig/0098cbf2-80a6-4e3a-9d97-fa7a21c737ce-le64.cache-7
7f271c059000-7f271c05e000 r--s 002f9000 08:05 19798155                   /usr/lib/jvm/java-8-oracle/jre/lib/charsets.jar
7f271c05e000-7f271c068000 r--s 00116000 08:05 19798270                   /usr/lib/jvm/java-8-oracle/jre/lib/ext/localedata.jar
7f271c068000-7f271c0e1000 r--s 010fb000 08:05 19410716                   /usr/lib/jvm/java-8-oracle/lib/tools.jar
7f271c0e1000-7f271c0eb000 r--s 0008d000 08:05 17853907                   /home/ubuntu/Scrivania/ubuntu/IdeaProjects/smells-automated/ist-generation-scripts/projects/chart-1/lib/pitest-entry-1.4.3.jar
7f271c0eb000-7f271c0f8000 r--s 00092000 08:05 17853905                   /home/ubuntu/Scrivania/ubuntu/IdeaProjects/smells-automated/ist-generation-scripts/projects/chart-1/lib/pitest-1.4.3.jar
7f271c0f8000-7f271c106000 r--s 0008a000 08:05 17853911                   /home/ubuntu/Scrivania/ubuntu/IdeaProjects/smells-automated/ist-generation-scripts/projects/chart-1/lib/xstream-1.4.11.1.jar
7f271c106000-7f271c109000 r--s 0001a000 08:05 17853910                   /home/ubuntu/Scrivania/ubuntu/IdeaProjects/smells-automated/ist-generation-scripts/projects/chart-1/lib/xmlpull-xpp3-1.1.4c.jar
7f271c109000-7f271c115000 r--s 00101000 08:05 17846546                   /home/ubuntu/Scrivania/ubuntu/IdeaProjects/smells-automated/ist-generation-scripts/projects/chart-1/lib/iText-2.1.4.jar
7f271c115000-7f271c120000 r--s 000aa000 08:05 17853906                   /home/ubuntu/Scrivania/ubuntu/IdeaProjects/smells-automated/ist-generation-scripts/projects/chart-1/lib/pitest-ant-1.4.3.jar
7f271c120000-7f271c123000 r--s 00011000 08:05 17846548                   /home/ubuntu/Scrivania/ubuntu/IdeaProjects/smells-automated/ist-generation-scripts/projects/chart-1/lib/servlet.jar
7f271c123000-7f271c125000 r--s 00005000 08:05 17853908                   /home/ubuntu/Scrivania/ubuntu/IdeaProjects/smells-automated/ist-generation-scripts/projects/chart-1/lib/slf4j-api-1.7.5.jar
7f271c125000-7f271c12e000 r--s 0006f000 08:05 17853904                   /home/ubuntu/Scrivania/ubuntu/IdeaProjects/smells-automated/ist-generation-scripts/projects/chart-1/lib/log4j-1.2.17.jar
7f271c12e000-7f271c130000 r--s 00001000 08:05 17853909                   /home/ubuntu/Scrivania/ubuntu/IdeaProjects/smells-automated/ist-generation-scripts/projects/chart-1/lib/slf4j-log4j12-1.7.5.jar
7f271c130000-7f271c330000 rw-p 00000000 00:00 0 
7f271c330000-7f271c335000 r--s 00084000 08:05 19797788                   /usr/lib/jvm/java-8-oracle/jre/lib/jfr.jar
7f271c335000-7f271c33a000 r--s 002f9000 08:05 19798155                   /usr/lib/jvm/java-8-oracle/jre/lib/charsets.jar
7f271c33a000-7f271c341000 r--s 00000000 08:05 19663414                   /usr/lib/x86_64-linux-gnu/gconv/gconv-modules.cache
7f271c341000-7f271c362000 r--p 00000000 08:05 21235174                   /usr/share/locale-langpack/it/LC_MESSAGES/libc.mo
7f271c362000-7f271c375000 r--s 00345000 08:05 19798165                   /usr/lib/jvm/java-8-oracle/jre/lib/resources.jar
7f271c375000-7f271c37f000 r--s 0008d000 08:05 18382195                   /home/ubuntu/Scrivania/ubuntu/IdeaProjects/smells-automated/ist-generation-scripts/lib/pitest-entry-1.4.3.jar
7f271c37f000-7f271c38c000 r--s 00092000 08:05 18382193                   /home/ubuntu/Scrivania/ubuntu/IdeaProjects/smells-automated/ist-generation-scripts/lib/pitest-1.4.3.jar
7f271c38c000-7f271c39a000 r--s 0008a000 08:05 18382199                   /home/ubuntu/Scrivania/ubuntu/IdeaProjects/smells-automated/ist-generation-scripts/lib/xstream-1.4.11.1.jar
7f271c39a000-7f271c3d8000 r--s 002f6000 08:05 18633463                   /home/ubuntu/Scrivania/ubuntu/IdeaProjects/smells-automated/ist-generation-scripts/lib/choco/choco-solver-2_1_2.jar
7f271c3d8000-7f271c3da000 r--s 00009000 08:05 18382190                   /home/ubuntu/Scrivania/ubuntu/IdeaProjects/smells-automated/ist-generation-scripts/lib/hamcrest-core-1.3.jar
7f271c3da000-7f271c3e1000 r--s 0005e000 08:05 18768564                   /home/ubuntu/Scrivania/ubuntu/IdeaProjects/smells-automated/ist-generation-scripts/lib/commonsLang/commons-lang3-3.3.2.jar
7f271c3e1000-7f271c3e4000 r--s 0001d000 08:05 18372029                   /home/ubuntu/Scrivania/ubuntu/IdeaProjects/smells-automated/ist-generation-scripts/lib/reflections/reflections-0.9.10.jar
7f271c3e4000-7f271c3ee000 r--s 000ae000 08:05 18500813                   /home/ubuntu/Scrivania/ubuntu/IdeaProjects/smells-automated/ist-generation-scripts/lib/reflections/lib/javassist-3.20.GA/javassist-3.20.0-GA.jar
7f271c3ee000-7f271c3f0000 r--s 00008000 08:05 18500807                   /home/ubuntu/Scrivania/ubuntu/IdeaProjects/smells-automated/ist-generation-scripts/lib/reflections/lib/annotations-3.0.1u2.jar
7f271c3f0000-7f271c3f5000 r--s 00034000 08:05 18500809                   /home/ubuntu/Scrivania/ubuntu/IdeaProjects/smells-automated/ist-generation-scripts/lib/reflections/lib/gson-2.5.jar
7f271c3f5000-7f271c3f7000 r--s 00007000 08:05 18633452                   /home/ubuntu/Scrivania/ubuntu/IdeaProjects/smells-automated/ist-generation-scripts/lib/reflections/lib/slf4j-1.7.5/slf4j-api-1.7.13.jar
7f271c3f7000-7f271c423000 r--s 00208000 08:05 18500810                   /home/ubuntu/Scrivania/ubuntu/IdeaProjects/smells-automated/ist-generation-scripts/lib/reflections/lib/guava-19.0.jar
7f271c423000-7f271c432000 r--s 0043f000 08:05 18893919                   /home/ubuntu/Scrivania/ubuntu/IdeaProjects/smells-automated/ist-generation-scripts/lib/ecj/ECJ-modified.jar
7f271c432000-7f271c5e6000 r--s 012de000 08:05 18382189                   /home/ubuntu/Scrivania/ubuntu/IdeaProjects/smells-automated/ist-generation-scripts/lib/evosuite-standalone-runtime-1.0.6.jar
7f271c5e6000-7f271c5e7000 ---p 00000000 00:00 0 
7f271c5e7000-7f271c6e7000 rw-p 00000000 00:00 0 
7f271c6e7000-7f271c6ea000 ---p 00000000 00:00 0 
7f271c6ea000-7f271c7e8000 rw-p 00000000 00:00 0 
7f271c7e8000-7f271c7e9000 ---p 00000000 00:00 0 
7f271c7e9000-7f271c7ec000 ---p 00000000 00:00 0 
7f271c7ec000-7f271c8e9000 rw-p 00000000 00:00 0 
7f271c8e9000-7f271c8ea000 ---p 00000000 00:00 0 
7f271c8ea000-7f271c8ed000 ---p 00000000 00:00 0 
7f271c8ed000-7f271c9ea000 rw-p 00000000 00:00 0 
7f271c9ea000-7f271c9eb000 ---p 00000000 00:00 0 
7f271c9eb000-7f271c9ee000 ---p 00000000 00:00 0 
7f271c9ee000-7f271caeb000 rw-p 00000000 00:00 0 
7f271caeb000-7f271caec000 ---p 00000000 00:00 0 
7f271caec000-7f271caef000 ---p 00000000 00:00 0 
7f271caef000-7f271cbec000 rw-p 00000000 00:00 0 
7f271cbec000-7f271cbef000 ---p 00000000 00:00 0 
7f271cbef000-7f271cced000 rw-p 00000000 00:00 0 
7f271cced000-7f271ccf0000 ---p 00000000 00:00 0 
7f271ccf0000-7f271cdee000 rw-p 00000000 00:00 0 
7f271cdee000-7f271cdf1000 ---p 00000000 00:00 0 
7f271cdf1000-7f271ceef000 rw-p 00000000 00:00 0 
7f271ceef000-7f271cef0000 ---p 00000000 00:00 0 
7f271cef0000-7f2720000000 rw-p 00000000 00:00 0 
7f2720000000-7f2720021000 rw-p 00000000 00:00 0 
7f2720021000-7f2724000000 ---p 00000000 00:00 0 
7f2724000000-7f2724001000 r--s 00000000 08:05 1048788                    /var/cache/fontconfig/8b36d7c3-ea0f-4efb-90d6-7e390997b346-le64.cache-7
7f2724001000-7f2724002000 r--s 00002000 08:05 18633451                   /home/ubuntu/Scrivania/ubuntu/IdeaProjects/smells-automated/ist-generation-scripts/lib/reflections/lib/slf4j-1.7.5/slf4j-simple-1.7.13.jar
7f2724002000-7f2724005000 r--s 0001a000 08:05 18382198                   /home/ubuntu/Scrivania/ubuntu/IdeaProjects/smells-automated/ist-generation-scripts/lib/xmlpull-xpp3-1.1.4c.jar
7f2724005000-7f2724010000 r--s 000aa000 08:05 18382194                   /home/ubuntu/Scrivania/ubuntu/IdeaProjects/smells-automated/ist-generation-scripts/lib/pitest-ant-1.4.3.jar
7f2724010000-7f2724012000 r--s 00005000 08:05 18382196                   /home/ubuntu/Scrivania/ubuntu/IdeaProjects/smells-automated/ist-generation-scripts/lib/slf4j-api-1.7.5.jar
7f2724012000-7f272401b000 r--s 0006f000 08:05 18382192                   /home/ubuntu/Scrivania/ubuntu/IdeaProjects/smells-automated/ist-generation-scripts/lib/log4j-1.2.17.jar
7f272401b000-7f2724021000 r--s 00030000 08:05 18768568                   /home/ubuntu/Scrivania/ubuntu/IdeaProjects/smells-automated/ist-generation-scripts/lib/junit/junit.jar
7f2724021000-7f2724022000 r--s 00006000 08:05 18768567                   /home/ubuntu/Scrivania/ubuntu/IdeaProjects/smells-automated/ist-generation-scripts/lib/junit/hamcrest.jar
7f2724022000-7f2724027000 r--s 00038000 08:05 18768571                   /home/ubuntu/Scrivania/ubuntu/IdeaProjects/smells-automated/ist-generation-scripts/lib/eclipse/org.eclipse.text_3.5.300.v20130515-1451.jar
7f2724027000-7f2724029000 r--s 00015000 08:05 18768577                   /home/ubuntu/Scrivania/ubuntu/IdeaProjects/smells-automated/ist-generation-scripts/lib/eclipse/org.eclipse.core.runtime.compatibility_3.2.200.v20140128-0851.jar
7f2724029000-7f272403d000 r--s 00121000 08:05 18768576                   /home/ubuntu/Scrivania/ubuntu/IdeaProjects/smells-automated/ist-generation-scripts/lib/eclipse/org.eclipse.osgi_3.10.2.v20150203-1939.jar
7f272403d000-7f2724052000 r--s 00107000 08:05 18768585                   /home/ubuntu/Scrivania/ubuntu/IdeaProjects/smells-automated/ist-generation-scripts/lib/eclipse/org.eclipse.jface_3.10.2.v20141021-1035.jar
7f2724052000-7f2724054000 r--s 00015000 08:05 18768580                   /home/ubuntu/Scrivania/ubuntu/IdeaProjects/smells-automated/ist-generation-scripts/lib/eclipse/org.eclipse.core.contenttype_3.4.200.v20140207-1251.jar
7f2724054000-7f2724058000 r--s 0001c000 08:05 18768573                   /home/ubuntu/Scrivania/ubuntu/IdeaProjects/smells-automated/ist-generation-scripts/lib/eclipse/org.eclipse.equinox.preferences_3.5.200.v20140224-1527.jar
7f2724058000-7f272405a000 r--s 00016000 08:05 18768579                   /home/ubuntu/Scrivania/ubuntu/IdeaProjects/smells-automated/ist-generation-scripts/lib/eclipse/org.eclipse.core.jobs_3.6.1.v20141014-1248.jar
7f272405a000-7f272405d000 r--s 0001a000 08:05 19798173                   /usr/lib/jvm/java-8-oracle/jre/lib/jce.jar
7f272405d000-7f2724062000 r--s 000a0000 08:05 19798166                   /usr/lib/jvm/java-8-oracle/jre/lib/jsse.jar
7f2724062000-7f27240f9000 r--s 00964000 08:05 18768586                   /home/ubuntu/Scrivania/ubuntu/IdeaProjects/smells-automated/ist-generation-scripts/lib/eclipse/org.eclipse.jdt.ui_3.10.2.v20141014-1419.jar
7f27240f9000-7f2725000000 rw-p 00000000 00:00 0 
7f2725000000-7f2726290000 rwxp 00000000 00:00 0 
7f2726290000-7f2734000000 ---p 00000000 00:00 0 
7f2734000000-7f27352a1000 rw-p 00000000 00:00 0 
7f27352a1000-7f2738000000 ---p 00000000 00:00 0 
7f2738000000-7f273802e000 r--s 00524000 08:05 18768584                   /home/ubuntu/Scrivania/ubuntu/IdeaProjects/smells-automated/ist-generation-scripts/lib/eclipse/org.eclipse.jdt.core_3.10.2.v20150120-1634.jar
7f273802e000-7f2738031000 r--s 00018000 08:05 18768574                   /home/ubuntu/Scrivania/ubuntu/IdeaProjects/smells-automated/ist-generation-scripts/lib/eclipse/org.eclipse.equinox.common_3.6.200.v20130402-1505.jar
7f2738031000-7f2738034000 r--s 00025000 08:05 18768570                   /home/ubuntu/Scrivania/ubuntu/IdeaProjects/smells-automated/ist-generation-scripts/lib/eclipse/org.eclipse.jdt.compiler.apt_1.1.0.v20150122-0735.jar
7f2738034000-7f273803f000 r--s 000c1000 08:05 18768583                   /home/ubuntu/Scrivania/ubuntu/IdeaProjects/smells-automated/ist-generation-scripts/lib/eclipse/org.eclipse.core.resources_3.9.1.v20140825-1431.jar
7f273803f000-7f2738041000 r--s 0000d000 08:05 18768572                   /home/ubuntu/Scrivania/ubuntu/IdeaProjects/smells-automated/ist-generation-scripts/lib/eclipse/org.eclipse.jdt.compiler.tool_1.0.300.v20150114-1827.jar
7f2738041000-7f2738059000 r--s 00214000 08:05 18768581                   /home/ubuntu/Scrivania/ubuntu/IdeaProjects/smells-automated/ist-generation-scripts/lib/eclipse/org.eclipse.swt.cocoa.macosx.x86_64_3.103.2.v20150203-1351.jar
7f2738059000-7f273805b000 r--s 00011000 08:05 18768575                   /home/ubuntu/Scrivania/ubuntu/IdeaProjects/smells-automated/ist-generation-scripts/lib/eclipse/org.eclipse.core.runtime_3.10.0.v20140318-2214.jar
7f273805b000-7f273806f000 r--s 000e1000 08:05 18768582                   /home/ubuntu/Scrivania/ubuntu/IdeaProjects/smells-automated/ist-generation-scripts/lib/eclipse/org.eclipse.jface.text_3.9.2.v20141003-1326.jar
7f273806f000-7f2738075000 r--s 00036000 08:05 18382191                   /home/ubuntu/Scrivania/ubuntu/IdeaProjects/smells-automated/ist-generation-scripts/lib/junit-4.11.jar
7f2738075000-7f2738077000 r--s 00001000 08:05 18382197                   /home/ubuntu/Scrivania/ubuntu/IdeaProjects/smells-automated/ist-generation-scripts/lib/slf4j-log4j12-1.7.5.jar
7f2738077000-7f27380b0000 rw-p 00000000 00:00 0 
7f27380b0000-7f27380b4000 r--s 00046000 08:05 17713284                   /home/ubuntu/Scrivania/ubuntu/IdeaProjects/smells-automated/ist-generation-scripts/JTExpert-1.4.jar
7f27380b4000-7f2738507000 rw-p 00000000 00:00 0 
7f2738507000-7f27386e1000 r--s 03d6c000 08:05 19798158                   /usr/lib/jvm/java-8-oracle/jre/lib/rt.jar
7f27386e1000-7f27389c6000 rw-p 00000000 00:00 0 
7f27389c6000-7f27389c7000 ---p 00000000 00:00 0 
7f27389c7000-7f2738ac7000 rw-p 00000000 00:00 0 
7f2738ac7000-7f2738ac8000 ---p 00000000 00:00 0 
7f2738ac8000-7f2738bc8000 rw-p 00000000 00:00 0 
7f2738bc8000-7f2738bc9000 ---p 00000000 00:00 0 
7f2738bc9000-7f2738cc9000 rw-p 00000000 00:00 0 
7f2738cc9000-7f2738cca000 ---p 00000000 00:00 0 
7f2738cca000-7f2738dca000 rw-p 00000000 00:00 0 
7f2738dca000-7f2738dcb000 ---p 00000000 00:00 0 
7f2738dcb000-7f2738ecb000 rw-p 00000000 00:00 0 
7f2738ecb000-7f2738ecc000 ---p 00000000 00:00 0 
7f2738ecc000-7f2738fcc000 rw-p 00000000 00:00 0 
7f2738fcc000-7f2738fcd000 ---p 00000000 00:00 0 
7f2738fcd000-7f27390cd000 rw-p 00000000 00:00 0 
7f27390cd000-7f27390ce000 ---p 00000000 00:00 0 
7f27390ce000-7f2739570000 rw-p 00000000 00:00 0 
7f2739570000-7f27398e5000 ---p 00000000 00:00 0 
7f27398e5000-7f27398ff000 r-xp 00000000 08:05 20066797                   /usr/lib/jvm/java-8-oracle/jre/lib/amd64/libzip.so
7f27398ff000-7f2739aff000 ---p 0001a000 08:05 20066797                   /usr/lib/jvm/java-8-oracle/jre/lib/amd64/libzip.so
7f2739aff000-7f2739b00000 r--p 0001a000 08:05 20066797                   /usr/lib/jvm/java-8-oracle/jre/lib/amd64/libzip.so
7f2739b00000-7f2739b01000 rw-p 0001b000 08:05 20066797                   /usr/lib/jvm/java-8-oracle/jre/lib/amd64/libzip.so
7f2739b01000-7f2739b09000 rw-s 00000000 08:05 6323665                    /tmp/hsperfdata_ubuntu/28112
7f2739b09000-7f2739b36000 r-xp 00000000 08:05 20066791                   /usr/lib/jvm/java-8-oracle/jre/lib/amd64/libjava.so
7f2739b36000-7f2739d35000 ---p 0002d000 08:05 20066791                   /usr/lib/jvm/java-8-oracle/jre/lib/amd64/libjava.so
7f2739d35000-7f2739d36000 r--p 0002c000 08:05 20066791                   /usr/lib/jvm/java-8-oracle/jre/lib/amd64/libjava.so
7f2739d36000-7f2739d38000 rw-p 0002d000 08:05 20066791                   /usr/lib/jvm/java-8-oracle/jre/lib/amd64/libjava.so
7f2739d38000-7f2739d45000 r-xp 00000000 08:05 20066796                   /usr/lib/jvm/java-8-oracle/jre/lib/amd64/libverify.so
7f2739d45000-7f2739f44000 ---p 0000d000 08:05 20066796                   /usr/lib/jvm/java-8-oracle/jre/lib/amd64/libverify.so
7f2739f44000-7f2739f46000 r--p 0000c000 08:05 20066796                   /usr/lib/jvm/java-8-oracle/jre/lib/amd64/libverify.so
7f2739f46000-7f2739f47000 rw-p 0000e000 08:05 20066796                   /usr/lib/jvm/java-8-oracle/jre/lib/amd64/libverify.so
7f2739f47000-7f2739f49000 r--p 00000000 08:05 6034375                    /lib/x86_64-linux-gnu/librt-2.28.so
7f2739f49000-7f2739f4d000 r-xp 00002000 08:05 6034375                    /lib/x86_64-linux-gnu/librt-2.28.so
7f2739f4d000-7f2739f4f000 r--p 00006000 08:05 6034375                    /lib/x86_64-linux-gnu/librt-2.28.so
7f2739f4f000-7f2739f50000 r--p 00007000 08:05 6034375                    /lib/x86_64-linux-gnu/librt-2.28.so
7f2739f50000-7f2739f51000 rw-p 00008000 08:05 6034375                    /lib/x86_64-linux-gnu/librt-2.28.so
7f2739f51000-7f2739f52000 ---p 00000000 00:00 0 
7f2739f52000-7f2739f55000 ---p 00000000 00:00 0 
7f2739f55000-7f273a052000 rw-p 00000000 00:00 0 
7f273a052000-7f273a05f000 r--p 00000000 08:05 6034298                    /lib/x86_64-linux-gnu/libm-2.28.so
7f273a05f000-7f273a10a000 r-xp 0000d000 08:05 6034298                    /lib/x86_64-linux-gnu/libm-2.28.so
7f273a10a000-7f273a1dd000 r--p 000b8000 08:05 6034298                    /lib/x86_64-linux-gnu/libm-2.28.so
7f273a1dd000-7f273a1de000 r--p 0018a000 08:05 6034298                    /lib/x86_64-linux-gnu/libm-2.28.so
7f273a1de000-7f273a1df000 rw-p 0018b000 08:05 6034298                    /lib/x86_64-linux-gnu/libm-2.28.so
7f273a1df000-7f273aec1000 r-xp 00000000 08:05 20066747                   /usr/lib/jvm/java-8-oracle/jre/lib/amd64/server/libjvm.so
7f273aec1000-7f273b0c1000 ---p 00ce2000 08:05 20066747                   /usr/lib/jvm/java-8-oracle/jre/lib/amd64/server/libjvm.so
7f273b0c1000-7f273b157000 r--p 00ce2000 08:05 20066747                   /usr/lib/jvm/java-8-oracle/jre/lib/amd64/server/libjvm.so
7f273b157000-7f273b188000 rw-p 00d78000 08:05 20066747                   /usr/lib/jvm/java-8-oracle/jre/lib/amd64/server/libjvm.so
7f273b188000-7f273b1c5000 rw-p 00000000 00:00 0 
7f273b1c5000-7f273b1e7000 r--p 00000000 08:05 6034237                    /lib/x86_64-linux-gnu/libc-2.28.so
7f273b1e7000-7f273b358000 r-xp 00022000 08:05 6034237                    /lib/x86_64-linux-gnu/libc-2.28.so
7f273b358000-7f273b3a4000 r--p 00193000 08:05 6034237                    /lib/x86_64-linux-gnu/libc-2.28.so
7f273b3a4000-7f273b3a5000 ---p 001df000 08:05 6034237                    /lib/x86_64-linux-gnu/libc-2.28.so
7f273b3a5000-7f273b3a9000 r--p 001df000 08:05 6034237                    /lib/x86_64-linux-gnu/libc-2.28.so
7f273b3a9000-7f273b3ab000 rw-p 001e3000 08:05 6034237                    /lib/x86_64-linux-gnu/libc-2.28.so
7f273b3ab000-7f273b3af000 rw-p 00000000 00:00 0 
7f273b3af000-7f273b3b0000 r--p 00000000 08:05 6034258                    /lib/x86_64-linux-gnu/libdl-2.28.so
7f273b3b0000-7f273b3b2000 r-xp 00001000 08:05 6034258                    /lib/x86_64-linux-gnu/libdl-2.28.so
7f273b3b2000-7f273b3b3000 r--p 00003000 08:05 6034258                    /lib/x86_64-linux-gnu/libdl-2.28.so
7f273b3b3000-7f273b3b4000 r--p 00003000 08:05 6034258                    /lib/x86_64-linux-gnu/libdl-2.28.so
7f273b3b4000-7f273b3b5000 rw-p 00004000 08:05 6034258                    /lib/x86_64-linux-gnu/libdl-2.28.so
7f273b3b5000-7f273b3cc000 r-xp 00000000 08:05 20066742                   /usr/lib/jvm/java-8-oracle/jre/lib/amd64/jli/libjli.so
7f273b3cc000-7f273b5cb000 ---p 00017000 08:05 20066742                   /usr/lib/jvm/java-8-oracle/jre/lib/amd64/jli/libjli.so
7f273b5cb000-7f273b5cc000 r--p 00016000 08:05 20066742                   /usr/lib/jvm/java-8-oracle/jre/lib/amd64/jli/libjli.so
7f273b5cc000-7f273b5cd000 rw-p 00017000 08:05 20066742                   /usr/lib/jvm/java-8-oracle/jre/lib/amd64/jli/libjli.so
7f273b5cd000-7f273b5d3000 r--p 00000000 08:05 6034367                    /lib/x86_64-linux-gnu/libpthread-2.28.so
7f273b5d3000-7f273b5e2000 r-xp 00006000 08:05 6034367                    /lib/x86_64-linux-gnu/libpthread-2.28.so
7f273b5e2000-7f273b5e8000 r--p 00015000 08:05 6034367                    /lib/x86_64-linux-gnu/libpthread-2.28.so
7f273b5e8000-7f273b5e9000 r--p 0001a000 08:05 6034367                    /lib/x86_64-linux-gnu/libpthread-2.28.so
7f273b5e9000-7f273b5ea000 rw-p 0001b000 08:05 6034367                    /lib/x86_64-linux-gnu/libpthread-2.28.so
7f273b5ea000-7f273b5f0000 rw-p 00000000 00:00 0 
7f273b5f0000-7f273b5f3000 r--p 00000000 08:05 6034325                    /lib/x86_64-linux-gnu/libnss_files-2.28.so
7f273b5f3000-7f273b5fa000 r-xp 00003000 08:05 6034325                    /lib/x86_64-linux-gnu/libnss_files-2.28.so
7f273b5fa000-7f273b5fd000 r--p 0000a000 08:05 6034325                    /lib/x86_64-linux-gnu/libnss_files-2.28.so
7f273b5fd000-7f273b5fe000 r--p 0000c000 08:05 6034325                    /lib/x86_64-linux-gnu/libnss_files-2.28.so
7f273b5fe000-7f273b5ff000 rw-p 0000d000 08:05 6034325                    /lib/x86_64-linux-gnu/libnss_files-2.28.so
7f273b5ff000-7f273b606000 rw-p 00000000 00:00 0 
7f273b606000-7f273b607000 r--p 00000000 00:00 0 
7f273b607000-7f273b608000 r--p 00000000 08:05 6034211                    /lib/x86_64-linux-gnu/ld-2.28.so
7f273b608000-7f273b628000 r-xp 00001000 08:05 6034211                    /lib/x86_64-linux-gnu/ld-2.28.so
7f273b628000-7f273b630000 r--p 00021000 08:05 6034211                    /lib/x86_64-linux-gnu/ld-2.28.so
7f273b630000-7f273b631000 r--p 00028000 08:05 6034211                    /lib/x86_64-linux-gnu/ld-2.28.so
7f273b631000-7f273b632000 rw-p 00029000 08:05 6034211                    /lib/x86_64-linux-gnu/ld-2.28.so
7f273b632000-7f273b633000 rw-p 00000000 00:00 0 
7fff1e8cb000-7fff1e8ee000 rw-p 00000000 00:00 0                          [stack]
7fff1e917000-7fff1e91a000 r--p 00000000 00:00 0                          [vvar]
7fff1e91a000-7fff1e91c000 r-xp 00000000 00:00 0                          [vdso]
ffffffffff600000-ffffffffff601000 r-xp 00000000 00:00 0                  [vsyscall]

VM Arguments:
jvm_args: -Xms1G -Xmx1G 
java_command: /home/ubuntu/Scrivania/ubuntu/IdeaProjects/smells-automated/ist-generation-scripts/JTExpert-1.4.jar -Dsun.lang.ClassLoader.allowArraySyntax=true -cp /home/ubuntu/Scrivania/ubuntu/IdeaProjects/smells-automated/ist-generation-scripts/projects/chart-1/build:/home/ubuntu/Scrivania/ubuntu/IdeaProjects/smells-automated/ist-generation-scripts/projects/chart-1/lib/evosuite-standalone-runtime-1.0.6.jar:/home/ubuntu/Scrivania/ubuntu/IdeaProjects/smells-automated/ist-generation-scripts/projects/chart-1/lib/slf4j-log4j12-1.7.5.jar:/home/ubuntu/Scrivania/ubuntu/IdeaProjects/smells-automated/ist-generation-scripts/projects/chart-1/lib/log4j-1.2.17.jar:/home/ubuntu/Scrivania/ubuntu/IdeaProjects/smells-automated/ist-generation-scripts/projects/chart-1/lib/slf4j-api-1.7.5.jar:/home/ubuntu/Scrivania/ubuntu/IdeaProjects/smells-automated/ist-generation-scripts/projects/chart-1/lib/servlet.jar:/home/ubuntu/Scrivania/ubuntu/IdeaProjects/smells-automated/ist-generation-scripts/projects/chart-1/lib/pitest-ant-1.4.3.jar:/home/ubuntu/Scrivania/ubuntu/IdeaProjects/smells-automated/ist-generation-scripts/projects/chart-1/lib/iText-2.1.4.jar:/home/ubuntu/Scrivania/ubuntu/IdeaProjects/smells-automated/ist-generation-scripts/projects/chart-1/lib/xmlpull-xpp3-1.1.4c.jar:/home/ubuntu/Scrivania/ubuntu/IdeaProjects/smells-automated/ist-generation-scripts/projects/chart-1/lib/xstream-1.4.11.1.jar:/home/ubuntu/Scrivania/ubuntu/IdeaProjects/smells-automated/ist-generation-scripts/projects/chart-1/lib/pitest-1.4.3.jar:/home/ubuntu/Scrivania/ubuntu/IdeaProjects/smells-automated/ist-generation-scripts/projects/chart-1/lib/pitest-entry-1.4.3.jar:/home/ubuntu/Scrivania/ubuntu/IdeaProjects/smells-automated/ist-generation-scripts/lib/evosuite-standalone-runtime-1.0.6.jar:/home/ubuntu/Scrivania/ubuntu/IdeaProjects/smells-automated/ist-generation-scripts/lib/slf4j-log4j12-1.7.5.jar:/home/ubuntu/Scrivania/ubuntu/IdeaProjects/smells-automated/ist-generation-scripts/lib/junit-4.11.jar:/home/ubuntu/S
java_class_path (initial): /home/ubuntu/Scrivania/ubuntu/IdeaProjects/smells-automated/ist-generation-scripts/JTExpert-1.4.jar
Launcher Type: SUN_STANDARD

Environment Variables:
JAVA_HOME=/usr/lib/jvm/java-8-oracle/jre
JRE_HOME=/usr/local/java/jdk1.7.0_80
PATH=/usr/local/sbin:/usr/local/bin:/usr/sbin:/usr/bin:/sbin:/bin:/usr/games:/usr/local/games:/snap/bin:/usr/lib/jvm/java-8-oracle/bin:/usr/lib/jvm/java-8-oracle/db/bin:/usr/lib/jvm/java-8-oracle/jre/bin:/usr/local/java/jdk1.7.0_80/bin:/usr/local/java/jdk1.7.0_80/bin:/usr/lib/jvm/java-8-oracle/bin:/usr/lib/jvm/java-8-oracle/db/bin:/usr/lib/jvm/java-8-oracle/jre/bin:/usr/local/java/jdk1.7.0_80/bin:/usr/local/java/jdk1.7.0_80/bin:/usr/lib/jvm/java-8-oracle/jre:/usr/lib/jvm/java-8-oracle/jre
USERNAME=ubuntu
SHELL=/bin/bash
DISPLAY=:0

Signal Handlers:
SIGSEGV: [libjvm.so+0xaced60], sa_mask[0]=11111111011111111101111111111110, sa_flags=SA_RESTART|SA_SIGINFO
SIGBUS: [libjvm.so+0xaced60], sa_mask[0]=11111111011111111101111111111110, sa_flags=SA_RESTART|SA_SIGINFO
SIGFPE: [libjvm.so+0x907ca0], sa_mask[0]=11111111011111111101111111111110, sa_flags=SA_RESTART|SA_SIGINFO
SIGPIPE: [libjvm.so+0x907ca0], sa_mask[0]=11111111011111111101111111111110, sa_flags=SA_RESTART|SA_SIGINFO
SIGXFSZ: [libjvm.so+0x907ca0], sa_mask[0]=11111111011111111101111111111110, sa_flags=SA_RESTART|SA_SIGINFO
SIGILL: [libjvm.so+0x907ca0], sa_mask[0]=11111111011111111101111111111110, sa_flags=SA_RESTART|SA_SIGINFO
SIGUSR1: SIG_DFL, sa_mask[0]=00000000000000000000000000000000, sa_flags=none
SIGUSR2: [libjvm.so+0x907b70], sa_mask[0]=00100000000000000000000000000000, sa_flags=SA_RESTART|SA_SIGINFO
SIGHUP: [libjvm.so+0x908190], sa_mask[0]=11111111011111111101111111111110, sa_flags=SA_RESTART|SA_SIGINFO
SIGINT: [libjvm.so+0x908190], sa_mask[0]=11111111011111111101111111111110, sa_flags=SA_RESTART|SA_SIGINFO
SIGTERM: [libjvm.so+0x908190], sa_mask[0]=11111111011111111101111111111110, sa_flags=SA_RESTART|SA_SIGINFO
SIGQUIT: [libjvm.so+0x908190], sa_mask[0]=11111111011111111101111111111110, sa_flags=SA_RESTART|SA_SIGINFO


---------------  S Y S T E M  ---------------

OS:DISTRIB_ID=Ubuntu
DISTRIB_RELEASE=18.10
DISTRIB_CODENAME=cosmic
DISTRIB_DESCRIPTION="Ubuntu 18.10"

uname:Linux 4.18.0-12-generic #13-Ubuntu SMP Wed Nov 14 15:17:05 UTC 2018 x86_64
libc:glibc 2.28 NPTL 2.28 
rlimit: STACK 8192k, CORE 0k, NPROC 63651, NOFILE 1048576, AS infinity
load average:6.96 9.37 6.09

/proc/meminfo:
MemTotal:       16339712 kB
MemFree:         1108668 kB
MemAvailable:    2524584 kB
Buffers:          274176 kB
Cached:          2252128 kB
SwapCached:       113444 kB
Active:         11946720 kB
Inactive:        2616620 kB
Active(anon):   11214020 kB
Inactive(anon):  1832828 kB
Active(file):     732700 kB
Inactive(file):   783792 kB
Unevictable:          32 kB
Mlocked:              32 kB
SwapTotal:       2097148 kB
SwapFree:        1592732 kB
Dirty:              4236 kB
Writeback:             0 kB
AnonPages:      12019784 kB
Mapped:          1098016 kB
Shmem:           1009812 kB
Slab:             432224 kB
SReclaimable:     239380 kB
SUnreclaim:       192844 kB
KernelStack:       25120 kB
PageTables:        78256 kB
NFS_Unstable:          0 kB
Bounce:                0 kB
WritebackTmp:          0 kB
CommitLimit:    10267004 kB
Committed_AS:   24669188 kB
VmallocTotal:   34359738367 kB
VmallocUsed:           0 kB
VmallocChunk:          0 kB
HardwareCorrupted:     0 kB
AnonHugePages:         0 kB
ShmemHugePages:        0 kB
ShmemPmdMapped:        0 kB
CmaTotal:              0 kB
CmaFree:               0 kB
HugePages_Total:       0
HugePages_Free:        0
HugePages_Rsvd:        0
HugePages_Surp:        0
Hugepagesize:       2048 kB
Hugetlb:               0 kB
DirectMap4k:      948800 kB
DirectMap2M:    15742976 kB
DirectMap1G:     1048576 kB

container (cgroup) information:
container_type: cgroupv1
cpu_cpuset_cpus: 0-7
cpu_memory_nodes: 0
active_processor_count: 8
cpu_quota: -1
cpu_period: 100000
cpu_shares: -1
memory_limit_in_bytes: -1
memory_and_swap_limit_in_bytes: -2
memory_soft_limit_in_bytes: -1
memory_usage_in_bytes: 13561294848
memory_max_usage_in_bytes: 14735691776


CPU:total 8 (initial active 8) (4 cores per cpu, 2 threads per core) family 6 model 60 stepping 3, cmov, cx8, fxsr, mmx, sse, sse2, sse3, ssse3, sse4.1, sse4.2, popcnt, avx, avx2, aes, clmul, erms, lzcnt, ht, tsc, tscinvbit, bmi1, bmi2

/proc/cpuinfo:
processor	: 0
vendor_id	: GenuineIntel
cpu family	: 6
model		: 60
model name	: Intel(R) Core(TM) i7-4710HQ CPU @ 2.50GHz
stepping	: 3
microcode	: 0x25
cpu MHz		: 1396.724
cache size	: 6144 KB
physical id	: 0
siblings	: 8
core id		: 0
cpu cores	: 4
apicid		: 0
initial apicid	: 0
fpu		: yes
fpu_exception	: yes
cpuid level	: 13
wp		: yes
flags		: fpu vme de pse tsc msr pae mce cx8 apic sep mtrr pge mca cmov pat pse36 clflush dts acpi mmx fxsr sse sse2 ss ht tm pbe syscall nx pdpe1gb rdtscp lm constant_tsc arch_perfmon pebs bts rep_good nopl xtopology nonstop_tsc cpuid aperfmperf pni pclmulqdq dtes64 monitor ds_cpl vmx est tm2 ssse3 sdbg fma cx16 xtpr pdcm pcid sse4_1 sse4_2 x2apic movbe popcnt tsc_deadline_timer aes xsave avx f16c rdrand lahf_lm abm cpuid_fault epb invpcid_single pti ssbd ibrs ibpb stibp tpr_shadow vnmi flexpriority ept vpid fsgsbase tsc_adjust bmi1 avx2 smep bmi2 erms invpcid xsaveopt dtherm ida arat pln pts flush_l1d
bugs		: cpu_meltdown spectre_v1 spectre_v2 spec_store_bypass l1tf
bogomips	: 4988.30
clflush size	: 64
cache_alignment	: 64
address sizes	: 39 bits physical, 48 bits virtual
power management:

processor	: 1
vendor_id	: GenuineIntel
cpu family	: 6
model		: 60
model name	: Intel(R) Core(TM) i7-4710HQ CPU @ 2.50GHz
stepping	: 3
microcode	: 0x25
cpu MHz		: 1396.725
cache size	: 6144 KB
physical id	: 0
siblings	: 8
core id		: 0
cpu cores	: 4
apicid		: 1
initial apicid	: 1
fpu		: yes
fpu_exception	: yes
cpuid level	: 13
wp		: yes
flags		: fpu vme de pse tsc msr pae mce cx8 apic sep mtrr pge mca cmov pat pse36 clflush dts acpi mmx fxsr sse sse2 ss ht tm pbe syscall nx pdpe1gb rdtscp lm constant_tsc arch_perfmon pebs bts rep_good nopl xtopology nonstop_tsc cpuid aperfmperf pni pclmulqdq dtes64 monitor ds_cpl vmx est tm2 ssse3 sdbg fma cx16 xtpr pdcm pcid sse4_1 sse4_2 x2apic movbe popcnt tsc_deadline_timer aes xsave avx f16c rdrand lahf_lm abm cpuid_fault epb invpcid_single pti ssbd ibrs ibpb stibp tpr_shadow vnmi flexpriority ept vpid fsgsbase tsc_adjust bmi1 avx2 smep bmi2 erms invpcid xsaveopt dtherm ida arat pln pts flush_l1d
bugs		: cpu_meltdown spectre_v1 spectre_v2 spec_store_bypass l1tf
bogomips	: 4988.30
clflush size	: 64
cache_alignment	: 64
address sizes	: 39 bits physical, 48 bits virtual
power management:

processor	: 2
vendor_id	: GenuineIntel
cpu family	: 6
model		: 60
model name	: Intel(R) Core(TM) i7-4710HQ CPU @ 2.50GHz
stepping	: 3
microcode	: 0x25
cpu MHz		: 1396.841
cache size	: 6144 KB
physical id	: 0
siblings	: 8
core id		: 1
cpu cores	: 4
apicid		: 2
initial apicid	: 2
fpu		: yes
fpu_exception	: yes
cpuid level	: 13
wp		: yes
flags		: fpu vme de pse tsc msr pae mce cx8 apic sep mtrr pge mca cmov pat pse36 clflush dts acpi mmx fxsr sse sse2 ss ht tm pbe syscall nx pdpe1gb rdtscp lm constant_tsc arch_perfmon pebs bts rep_good nopl xtopology nonstop_tsc cpuid aperfmperf pni pclmulqdq dtes64 monitor ds_cpl vmx est tm2 ssse3 sdbg fma cx16 xtpr pdcm pcid sse4_1 sse4_2 x2apic movbe popcnt tsc_deadline_timer aes xsave avx f16c rdrand lahf_lm abm cpuid_fault epb invpcid_single pti ssbd ibrs ibpb stibp tpr_shadow vnmi flexpriority ept vpid fsgsbase tsc_adjust bmi1 avx2 smep bmi2 erms invpcid xsaveopt dtherm ida arat pln pts flush_l1d
bugs		: cpu_meltdown spectre_v1 spectre_v2 spec_store_bypass l1tf
bogomips	: 4988.30
clflush size	: 64
cache_alignment	: 64
address sizes	: 39 bits physical, 48 bits virtual
power management:

processor	: 3
vendor_id	: GenuineIntel
cpu family	: 6
model		: 60
model name	: Intel(R) Core(TM) i7-4710HQ CPU @ 2.50GHz
stepping	: 3
microcode	: 0x25
cpu MHz		: 1399.074
cache size	: 6144 KB
physical id	: 0
siblings	: 8
core id		: 1
cpu cores	: 4
apicid		: 3
initial apicid	: 3
fpu		: yes
fpu_exception	: yes
cpuid level	: 13
wp		: yes
flags		: fpu vme de pse tsc msr pae mce cx8 apic sep mtrr pge mca cmov pat pse36 clflush dts acpi mmx fxsr sse sse2 ss ht tm pbe syscall nx pdpe1gb rdtscp lm constant_tsc arch_perfmon pebs bts rep_good nopl xtopology nonstop_tsc cpuid aperfmperf pni pclmulqdq dtes64 monitor ds_cpl vmx est tm2 ssse3 sdbg fma cx16 xtpr pdcm pcid sse4_1 sse4_2 x2apic movbe popcnt tsc_deadline_timer aes xsave avx f16c rdrand lahf_lm abm cpuid_fault epb invpcid_single pti ssbd ibrs ibpb stibp tpr_shadow vnmi flexpriority ept vpid fsgsbase tsc_adjust bmi1 avx2 smep bmi2 erms invpcid xsaveopt dtherm ida arat pln pts flush_l1d
bugs		: cpu_meltdown spectre_v1 spectre_v2 spec_store_bypass l1tf
bogomips	: 4988.30
clflush size	: 64
cache_alignment	: 64
address sizes	: 39 bits physical, 48 bits virtual
power management:

processor	: 4
vendor_id	: GenuineIntel
cpu family	: 6
model		: 60
model name	: Intel(R) Core(TM) i7-4710HQ CPU @ 2.50GHz
stepping	: 3
microcode	: 0x25
cpu MHz		: 1396.804
cache size	: 6144 KB
physical id	: 0
siblings	: 8
core id		: 2
cpu cores	: 4
apicid		: 4
initial apicid	: 4
fpu		: yes
fpu_exception	: yes
cpuid level	: 13
wp		: yes
flags		: fpu vme de pse tsc msr pae mce cx8 apic sep mtrr pge mca cmov pat pse36 clflush dts acpi mmx fxsr sse sse2 ss ht tm pbe syscall nx pdpe1gb rdtscp lm constant_tsc arch_perfmon pebs bts rep_good nopl xtopology nonstop_tsc cpuid aperfmperf pni pclmulqdq dtes64 monitor ds_cpl vmx est tm2 ssse3 sdbg fma cx16 xtpr pdcm pcid sse4_1 sse4_2 x2apic movbe popcnt tsc_deadline_timer aes xsave avx f16c rdrand lahf_lm abm cpuid_fault epb invpcid_single pti ssbd ibrs ibpb stibp tpr_shadow vnmi flexpriority ept vpid fsgsbase tsc_adjust bmi1 avx2 smep bmi2 erms invpcid xsaveopt dtherm ida arat pln pts flush_l1d
bugs		: cpu_meltdown spectre_v1 spectre_v2 spec_store_bypass l1tf
bogomips	: 4988.30
clflush size	: 64
cache_alignment	: 64
address sizes	: 39 bits physical, 48 bits virtual
power management:

processor	: 5
vendor_id	: GenuineIntel
cpu family	: 6
model		: 60
model name	: Intel(R) Core(TM) i7-4710HQ CPU @ 2.50GHz
stepping	: 3
microcode	: 0x25
cpu MHz		: 1396.831
cache size	: 6144 KB
physical id	: 0
siblings	: 8
core id		: 2
cpu cores	: 4
apicid		: 5
initial apicid	: 5
fpu		: yes
fpu_exception	: yes
cpuid level	: 13
wp		: yes
flags		: fpu vme de pse tsc msr pae mce cx8 apic sep mtrr pge mca cmov pat pse36 clflush dts acpi mmx fxsr sse sse2 ss ht tm pbe syscall nx pdpe1gb rdtscp lm constant_tsc arch_perfmon pebs bts rep_good nopl xtopology nonstop_tsc cpuid aperfmperf pni pclmulqdq dtes64 monitor ds_cpl vmx est tm2 ssse3 sdbg fma cx16 xtpr pdcm pcid sse4_1 sse4_2 x2apic movbe popcnt tsc_deadline_timer aes xsave avx f16c rdrand lahf_lm abm cpuid_fault epb invpcid_single pti ssbd ibrs ibpb stibp tpr_shadow vnmi flexpriority ept vpid fsgsbase tsc_adjust bmi1 avx2 smep bmi2 erms invpcid xsaveopt dtherm ida arat pln pts flush_l1d
bugs		: cpu_meltdown spectre_v1 spectre_v2 spec_store_bypass l1tf
bogomips	: 4988.30
clflush size	: 64
cache_alignment	: 64
address sizes	: 39 bits physical, 48 bits virtual
power management:

processor	: 6
vendor_id	: GenuineIntel
cpu family	: 6
model		: 60
model name	: Intel(R) Core(TM) i7-4710HQ CPU @ 2.50GHz
stepping	: 3
microcode	: 0x25
cpu MHz		: 1396.723
cache size	: 6144 KB
physical id	: 0
siblings	: 8
core id		: 3
cpu cores	: 4
apicid		: 6
initial apicid	: 6
fpu		: yes
fpu_exception	: yes
cpuid level	: 13
wp		: yes
flags		: fpu vme de pse tsc msr pae mce cx8 apic sep mtrr pge mca cmov pat pse36 clflush dts acpi mmx fxsr sse sse2 ss ht tm pbe syscall nx pdpe1gb rdtscp lm constant_tsc arch_perfmon pebs bts rep_good nopl xtopology nonstop_tsc cpuid aperfmperf pni pclmulqdq dtes64 monitor ds_cpl vmx est tm2 ssse3 sdbg fma cx16 xtpr pdcm pcid sse4_1 sse4_2 x2apic movbe popcnt tsc_deadline_timer aes xsave avx f16c rdrand lahf_lm abm cpuid_fault epb invpcid_single pti ssbd ibrs ibpb stibp tpr_shadow vnmi flexpriority ept vpid fsgsbase tsc_adjust bmi1 avx2 smep bmi2 erms invpcid xsaveopt dtherm ida arat pln pts flush_l1d
bugs		: cpu_meltdown spectre_v1 spectre_v2 spec_store_bypass l1tf
bogomips	: 4988.30
clflush size	: 64
cache_alignment	: 64
address sizes	: 39 bits physical, 48 bits virtual
power management:

processor	: 7
vendor_id	: GenuineIntel
cpu family	: 6
model		: 60
model name	: Intel(R) Core(TM) i7-4710HQ CPU @ 2.50GHz
stepping	: 3
microcode	: 0x25
cpu MHz		: 1396.830
cache size	: 6144 KB
physical id	: 0
siblings	: 8
core id		: 3
cpu cores	: 4
apicid		: 7
initial apicid	: 7
fpu		: yes
fpu_exception	: yes
cpuid level	: 13
wp		: yes
flags		: fpu vme de pse tsc msr pae mce cx8 apic sep mtrr pge mca cmov pat pse36 clflush dts acpi mmx fxsr sse sse2 ss ht tm pbe syscall nx pdpe1gb rdtscp lm constant_tsc arch_perfmon pebs bts rep_good nopl xtopology nonstop_tsc cpuid aperfmperf pni pclmulqdq dtes64 monitor ds_cpl vmx est tm2 ssse3 sdbg fma cx16 xtpr pdcm pcid sse4_1 sse4_2 x2apic movbe popcnt tsc_deadline_timer aes xsave avx f16c rdrand lahf_lm abm cpuid_fault epb invpcid_single pti ssbd ibrs ibpb stibp tpr_shadow vnmi flexpriority ept vpid fsgsbase tsc_adjust bmi1 avx2 smep bmi2 erms invpcid xsaveopt dtherm ida arat pln pts flush_l1d
bugs		: cpu_meltdown spectre_v1 spectre_v2 spec_store_bypass l1tf
bogomips	: 4988.30
clflush size	: 64
cache_alignment	: 64
address sizes	: 39 bits physical, 48 bits virtual
power management:



Memory: 4k page, physical 16339712k(1108588k free), swap 2097148k(1592732k free)

vm_info: Java HotSpot(TM) 64-Bit Server VM (25.191-b12) for linux-amd64 JRE (1.8.0_191-b12), built on Oct  6 2018 05:43:09 by "java_re" with gcc 7.3.0

time: Thu Dec  6 13:21:48 2018
elapsed time: 33 seconds (0d 0h 0m 33s)

